Log file open, 05/14/19 23:38:09
LogWindows: Failed to load 'aqProf.dll' (GetLastError=126)
LogWindows: File 'aqProf.dll' does not exist
LogWindows: Failed to load 'VtuneApi.dll' (GetLastError=126)
LogWindows: File 'VtuneApi.dll' does not exist
LogWindows: Failed to load 'VtuneApi32e.dll' (GetLastError=126)
LogWindows: File 'VtuneApi32e.dll' does not exist
LogInit: Display: Running engine for game: ThisIsMyRock_Demo
LogPlatformFile: Not using cached read wrapper
LogTaskGraph: Started task graph with 5 named threads and 14 total threads with 3 sets of task threads.
LogStats: Stats thread started at 0.224798
LogD3D11RHI: Loaded GFSDK_Aftermath_Lib.x64.dll
LogICUInternationalization: Display: ICU TimeZone Detection - Raw Offset: +0:00, Platform Override: ''
LogPluginManager: Mounting plugin Paper2D
LogPluginManager: Mounting plugin AISupport
LogPluginManager: Mounting plugin LightPropagationVolume
LogPluginManager: Mounting plugin CLionSourceCodeAccess
LogPluginManager: Mounting plugin CodeLiteSourceCodeAccess
LogPluginManager: Mounting plugin GitSourceControl
LogPluginManager: Mounting plugin KDevelopSourceCodeAccess
LogPluginManager: Mounting plugin NullSourceCodeAccess
LogPluginManager: Mounting plugin PerforceSourceControl
LogPluginManager: Mounting plugin SubversionSourceControl
LogPluginManager: Mounting plugin UObjectPlugin
LogPluginManager: Mounting plugin VisualStudioCodeSourceCodeAccess
LogPluginManager: Mounting plugin VisualStudioSourceCodeAccess
LogPluginManager: Mounting plugin XCodeSourceCodeAccess
LogPluginManager: Mounting plugin AssetManagerEditor
LogPluginManager: Mounting plugin CryptoKeys
LogPluginManager: Mounting plugin DataValidation
LogPluginManager: Mounting plugin FacialAnimation
LogPluginManager: Mounting plugin GameplayTagsEditor
LogPluginManager: Mounting plugin MacGraphicsSwitching
LogPluginManager: Mounting plugin MeshEditor
LogPluginManager: Mounting plugin MobileLauncherProfileWizard
LogPluginManager: Mounting plugin PluginBrowser
LogPluginManager: Mounting plugin SpeedTreeImporter
LogPluginManager: Mounting plugin DatasmithContent
LogPluginManager: Mounting plugin AlembicImporter
LogPluginManager: Mounting plugin AppleImageUtils
LogPluginManager: Mounting plugin AppleVision
LogPluginManager: Mounting plugin BackChannel
LogPluginManager: Mounting plugin CharacterAI
LogPluginManager: Mounting plugin GeometryCache
LogPluginManager: Mounting plugin HTML5Networking
LogPluginManager: Mounting plugin ProxyLODPlugin
LogPluginManager: Mounting plugin MagicLeap
LogPluginManager: Mounting plugin MagicLeapEmulator
LogPluginManager: Mounting plugin MagicLeapMedia
LogPluginManager: Mounting plugin AndroidMedia
LogPluginManager: Mounting plugin AvfMedia
LogPluginManager: Mounting plugin ImgMedia
LogPluginManager: Mounting plugin LinearTimecode
LogPluginManager: Mounting plugin MediaCompositing
LogPluginManager: Mounting plugin MediaPlayerEditor
LogPluginManager: Mounting plugin WmfMedia
LogPluginManager: Mounting plugin TcpMessaging
LogPluginManager: Mounting plugin UdpMessaging
LogPluginManager: Mounting plugin ActorSequence
LogPluginManager: Mounting plugin LevelSequenceEditor
LogPluginManager: Mounting plugin MatineeToLevelSequence
LogPluginManager: Mounting plugin NetcodeUnitTest
LogPluginManager: Mounting plugin NUTUnrealEngine4
LogPluginManager: Mounting plugin OnlineSubsystemGooglePlay
LogPluginManager: Mounting plugin OnlineSubsystemIOS
LogPluginManager: Mounting plugin OnlineSubsystem
LogPluginManager: Mounting plugin OnlineSubsystemNull
LogPluginManager: Mounting plugin OnlineSubsystemSteam
LogPluginManager: Mounting plugin OnlineSubsystemUtils
LogPluginManager: Mounting plugin LauncherChunkInstaller
LogPluginManager: Mounting plugin AndroidDeviceProfileSelector
LogPluginManager: Mounting plugin AndroidMoviePlayer
LogPluginManager: Mounting plugin AndroidPermission
LogPluginManager: Mounting plugin AppleMoviePlayer
LogPluginManager: Mounting plugin ArchVisCharacter
LogPluginManager: Mounting plugin AudioCapture
LogPluginManager: Mounting plugin CableComponent
LogPluginManager: Mounting plugin CustomMeshComponent
LogPluginManager: Mounting plugin EditableMesh
LogPluginManager: Mounting plugin ExampleDeviceProfileSelector
LogPluginManager: Mounting plugin GoogleCloudMessaging
LogPluginManager: Mounting plugin ImmediatePhysics
LogPluginManager: Mounting plugin IOSDeviceProfileSelector
LogPluginManager: Mounting plugin LinuxDeviceProfileSelector
LogPluginManager: Mounting plugin LocationServicesBPLibrary
LogPluginManager: Mounting plugin MobilePatchingUtils
LogPluginManager: Mounting plugin OculusVR
LogPluginManager: Plugin shader directory ../../../Engine/Plugins/Runtime/Oculus/OculusVR/Shaders found
LogPluginManager: Mapping shader source directory ../../../Engine/Plugins/Runtime/Oculus/OculusVR/Shaders to virtual directory /Plugin/OculusVR
LogPluginManager: Mounting plugin PhysXVehicles
LogPluginManager: Mounting plugin ProceduralMeshComponent
LogPluginManager: Mounting plugin RuntimePhysXCooking
LogPluginManager: Mounting plugin SteamVR
LogPluginManager: Mounting plugin WindowsMoviePlayer
LogStreaming: Display: Took  0.150s to configure plugins.
LogInit: Using libcurl 7.55.1-DEV
LogInit:  - built for x86_64-pc-win32
LogInit:  - supports SSL with OpenSSL/1.0.2h
LogInit:  - supports HTTP deflate (compression) using libz 1.2.8
LogInit:  - other features:
LogInit:      CURL_VERSION_SSL
LogInit:      CURL_VERSION_LIBZ
LogInit:      CURL_VERSION_IPV6
LogInit:      CURL_VERSION_ASYNCHDNS
LogInit:      CURL_VERSION_LARGEFILE
LogInit:      CURL_VERSION_IDN
LogInit:  CurlRequestOptions (configurable via config and command line):
LogInit:  - bVerifyPeer = false  - Libcurl will NOT verify peer certificate
LogInit:  - bUseHttpProxy = false  - Libcurl will NOT use HTTP proxy
LogInit:  - bDontReuseConnections = false  - Libcurl will reuse connections
LogInit:  - CertBundlePath = nullptr  - Libcurl will use whatever was configured at build time.
LogInit:  - MaxHostConnections = 16  - Libcurl will limit the number of connections to a host
LogInit:  - LocalHostAddr = Default
LogInit:  - BufferSize = 65536
LogOnline: Display: STEAM: Loading Steam SDK 1.39
LogOnline: Warning: STEAM: Steam API disabled!
LogOnline: Display: STEAM: OnlineSubsystemSteam::Shutdown()
LogInit: WinSock: version 1.1 (2.2), MaxSocks=32767, MaxUdp=65467
LogHMD: Failed initializing OVRPlugin 1.25.0
LogInit: Build: ++UE4+Release-4.20-CL-4369336
LogInit: Engine Version: 4.20.3-4369336+++UE4+Release-4.20
LogInit: Compatible Engine Version: 4.20.0-4212847+++UE4+Release-4.20
LogInit: Net CL: 4212847
LogInit: OS: Windows 10 (), CPU: Intel(R) Core(TM) i5-4690K CPU @ 3.50GHz, GPU: NVIDIA GeForce GTX 970
LogInit: Compiled (64-bit): Sep 17 2018 12:26:19
LogInit: Compiled with Visual C++: 19.13.26129.00
LogInit: Build Configuration: Development
LogInit: Branch Name: ++UE4+Release-4.20
LogInit: Command Line:  
LogInit: Base Directory: F:/Epic Games/UE_4.20/Engine/Binaries/Win64/
LogInit: Installed Engine Build: 1
LogDevObjectVersion: Number of dev versions registered: 20
LogDevObjectVersion:   Dev-Blueprints (B0D832E4-1F89-4F0D-ACCF-7EB736FD4AA2): 10
LogDevObjectVersion:   Dev-Build (E1C64328-A22C-4D53-A36C-8E866417BD8C): 0
LogDevObjectVersion:   Dev-Core (375EC13C-06E4-48FB-B500-84F0262A717E): 2
LogDevObjectVersion:   Dev-Editor (E4B068ED-F494-42E9-A231-DA0B2E46BB41): 24
LogDevObjectVersion:   Dev-Framework (CFFC743F-43B0-4480-9391-14DF171D2073): 34
LogDevObjectVersion:   Dev-Mobile (B02B49B5-BB20-44E9-A304-32B752E40360): 2
LogDevObjectVersion:   Dev-Networking (A4E4105C-59A1-49B5-A7C5-40C4547EDFEE): 0
LogDevObjectVersion:   Dev-Online (39C831C9-5AE6-47DC-9A44-9C173E1C8E7C): 0
LogDevObjectVersion:   Dev-Physics (78F01B33-EBEA-4F98-B9B4-84EACCB95AA2): 0
LogDevObjectVersion:   Dev-Platform (6631380F-2D4D-43E0-8009-CF276956A95A): 0
LogDevObjectVersion:   Dev-Rendering (12F88B9F-8875-4AFC-A67C-D90C383ABD29): 26
LogDevObjectVersion:   Dev-Sequencer (7B5AE74C-D270-4C10-A958-57980B212A5A): 9
LogDevObjectVersion:   Dev-VR (D7296918-1DD6-4BDD-9DE2-64A83CC13884): 2
LogDevObjectVersion:   Dev-LoadTimes (C2A15278-BFE7-4AFE-6C17-90FF531DF755): 1
LogDevObjectVersion:   Private-Geometry (6EACA3D4-40EC-4CC1-B786-8BED09428FC5): 3
LogDevObjectVersion:   Dev-AnimPhys (29E575DD-E0A3-4627-9D10-D276232CDCEA): 17
LogDevObjectVersion:   Dev-ReflectionCapture (6B266CEC-1EC7-4B8F-A30B-E4D90942FC07): 1
LogDevObjectVersion:   Dev-Automation (0DF73D61-A23F-47EA-B727-89E90C41499A): 1
LogDevObjectVersion:   FortniteMain (601D1886-AC64-4F84-AA16-D3DE0DEAC7D6): 12
LogDevObjectVersion:   Dev-Enterprise (9DFFBCD6-494F-0158-E221-12823C92A888): 1
LogStreaming: Display: Took  0.005s to delete old logs.
LogInit: Presizing for max 8388607 objects, including 0 objects not considered by GC, pre-allocating 0 bytes for permanent pool.
LogInit: Object subsystem initialized
[2019.05.14-22.38.10:063][  0]LogInit: Selected Device Profile: [Windows]
[2019.05.14-22.38.10:063][  0]LogInit: Applying CVar settings loaded from the selected device profile: [Windows]
[2019.05.14-22.38.10:075][  0]LogHAL: Display: Platform has ~ 8 GB [8467021824 / 8589934592 / 8], which maps to Default [LargestMinGB=32, LargerMinGB=12, DefaultMinGB=8, SmallerMinGB=6, SmallestMinGB=0)
[2019.05.14-22.38.10:075][  0]LogInit: Setting Device Profile CVar: [[r.Vulkan.UseRealUBs:1]]
[2019.05.14-22.38.10:075][  0]LogInit: Going up to parent DeviceProfile []
[2019.05.14-22.38.10:076][  0]LogInit: Computer: THAI-PC
[2019.05.14-22.38.10:076][  0]LogInit: User: Thai
[2019.05.14-22.38.10:076][  0]LogInit: CPU Page size=4096, Cores=4
[2019.05.14-22.38.10:076][  0]LogInit: High frequency timer resolution =3.417978 MHz
[2019.05.14-22.38.10:076][  0]LogMemory: Memory total: Physical=7.9GB (8GB approx)
[2019.05.14-22.38.10:076][  0]LogMemory: Platform Memory Stats for Windows
[2019.05.14-22.38.10:076][  0]LogMemory: Process Physical Memory: 105.75 MB used, 105.75 MB peak
[2019.05.14-22.38.10:076][  0]LogMemory: Process Virtual Memory: 96.42 MB used, 96.42 MB peak
[2019.05.14-22.38.10:076][  0]LogMemory: Physical Memory: 6198.61 MB used,  1876.17 MB free, 8074.78 MB total
[2019.05.14-22.38.10:076][  0]LogMemory: Virtual Memory: 4653.94 MB used,  1876.17 MB free, 134217728.00 MB total
[2019.05.14-22.38.10:138][  0]LogInit: Using OS detected language (en-US).
[2019.05.14-22.38.10:138][  0]LogInit: Using OS detected locale (en-US).
[2019.05.14-22.38.10:139][  0]LogTextLocalizationManager: No specific localization for 'en-US' exists, so the 'en' localization will be used.
[2019.05.14-22.38.10:671][  0]LogStreaming: Display: Took  0.533s to InitEngineTextLocalization.
[2019.05.14-22.38.10:671][  0]LogInit: Setting process to per monitor DPI aware
[2019.05.14-22.38.10:731][  0]LogSlate: New Slate User Created.  User Index 0, Is Virtual User: 0
[2019.05.14-22.38.10:731][  0]LogSlate: Slate User Registered.  User Index 0, Is Virtual User: 0
[2019.05.14-22.38.13:298][  0]LogHMD: Failed to initialize OpenVR with code 126
[2019.05.14-22.38.13:298][  0]LogD3D11RHI: D3D11 adapters:
[2019.05.14-22.38.13:401][  0]LogD3D11RHI:    0. 'NVIDIA GeForce GTX 970' (Feature Level 11_0)
[2019.05.14-22.38.13:401][  0]LogD3D11RHI:       4043/0/4037 MB DedicatedVideo/DedicatedSystem/SharedSystem, Outputs:1, VendorId:0x10de
[2019.05.14-22.38.13:409][  0]LogD3D11RHI:    1. 'Intel(R) HD Graphics 4600' (Feature Level 11_0)
[2019.05.14-22.38.13:409][  0]LogD3D11RHI:       112/0/2048 MB DedicatedVideo/DedicatedSystem/SharedSystem, Outputs:1, VendorId:0x8086
[2019.05.14-22.38.13:411][  0]LogD3D11RHI:    2. 'Microsoft Basic Render Driver' (Feature Level 11_0)
[2019.05.14-22.38.13:411][  0]LogD3D11RHI:       0/0/4037 MB DedicatedVideo/DedicatedSystem/SharedSystem, Outputs:0, VendorId:0x1414
[2019.05.14-22.38.13:411][  0]LogD3D11RHI: Chosen D3D11 Adapter: 0
[2019.05.14-22.38.13:424][  0]LogD3D11RHI: Creating new Direct3DDevice
[2019.05.14-22.38.13:424][  0]LogD3D11RHI:     GPU DeviceId: 0x13c2 (for the marketing name, search the web for "GPU Device Id")
[2019.05.14-22.38.13:424][  0]LogWindows: EnumDisplayDevices:
[2019.05.14-22.38.13:424][  0]LogWindows:    0. 'NVIDIA GeForce GTX 970' (P:1 D:1)
[2019.05.14-22.38.13:424][  0]LogWindows:    1. 'NVIDIA GeForce GTX 970' (P:0 D:0)
[2019.05.14-22.38.13:425][  0]LogWindows:    2. 'NVIDIA GeForce GTX 970' (P:0 D:0)
[2019.05.14-22.38.13:425][  0]LogWindows:    3. 'NVIDIA GeForce GTX 970' (P:0 D:0)
[2019.05.14-22.38.13:426][  0]LogWindows:    4. 'Intel(R) HD Graphics 4600' (P:0 D:1)
[2019.05.14-22.38.13:426][  0]LogWindows:    5. 'Intel(R) HD Graphics 4600' (P:0 D:0)
[2019.05.14-22.38.13:426][  0]LogWindows:    6. 'Intel(R) HD Graphics 4600' (P:0 D:0)
[2019.05.14-22.38.13:427][  0]LogWindows: DebugString: PrimaryIsNotTheChoosenAdapter PrimaryIsNotTheChoosenAdapter PrimaryIsNotTheChoosenAdapter FoundDriverCount:4 
[2019.05.14-22.38.13:427][  0]LogD3D11RHI:     Adapter Name: NVIDIA GeForce GTX 970
[2019.05.14-22.38.13:427][  0]LogD3D11RHI:   Driver Version: 418.81 (internal:25.21.14.1881, unified:418.81)
[2019.05.14-22.38.13:427][  0]LogD3D11RHI:      Driver Date: 1-30-2019
[2019.05.14-22.38.13:427][  0]LogRHI: Texture pool is 2830 MB (70% of 4043 MB)
[2019.05.14-22.38.13:478][  0]LogD3D11RHI: Async texture creation enabled
[2019.05.14-22.38.13:495][  0]LogD3D11RHI: GPU Timing Frequency: 1000.000000 (Debug: 2 1)
[2019.05.14-22.38.13:498][  0]LogShaderCompilers: Guid format shader working directory is -11 characters bigger than the processId version (../../../../../GitHub/This-Is-My-Rock/ThisIsMyRock_Demo/Intermediate/Shaders/WorkingDirectory/18468/).
[2019.05.14-22.38.13:498][  0]LogShaderCompilers: Cleaned the shader compiler working directory 'C:/Users/Thai/AppData/Local/Temp/UnrealShaderWorkingDir/BF3EE67542E0E99A31A504AA62391160/'.
[2019.05.14-22.38.13:879][  0]LogTemp: Display: Loaded TP AllDesktopTargetPlatform
[2019.05.14-22.38.13:902][  0]LogTemp: Display: Loaded TP MacClientTargetPlatform
[2019.05.14-22.38.13:926][  0]LogTemp: Display: Loaded TP MacNoEditorTargetPlatform
[2019.05.14-22.38.13:942][  0]LogTemp: Display: Loaded TP MacServerTargetPlatform
[2019.05.14-22.38.14:012][  0]LogTemp: Display: Loaded TP MacTargetPlatform
[2019.05.14-22.38.14:027][  0]LogTemp: Display: Loaded TP WindowsClientTargetPlatform
[2019.05.14-22.38.14:042][  0]LogTemp: Display: Loaded TP WindowsNoEditorTargetPlatform
[2019.05.14-22.38.14:058][  0]LogTemp: Display: Loaded TP WindowsServerTargetPlatform
[2019.05.14-22.38.14:066][  0]LogTemp: Display: Loaded TP WindowsTargetPlatform
[2019.05.14-22.38.14:165][  0]LogTemp: Display: Loaded TP AndroidTargetPlatform
[2019.05.14-22.38.14:165][  0]LogTemp: Display: Loaded TP AndroidTargetPlatform
[2019.05.14-22.38.14:165][  0]LogTemp: Display: Loaded TP AndroidTargetPlatform
[2019.05.14-22.38.14:165][  0]LogTemp: Display: Loaded TP AndroidTargetPlatform
[2019.05.14-22.38.14:165][  0]LogTemp: Display: Loaded TP AndroidTargetPlatform
[2019.05.14-22.38.14:165][  0]LogTemp: Display: Loaded TP AndroidTargetPlatform
[2019.05.14-22.38.14:165][  0]LogTemp: Display: Loaded TP AndroidTargetPlatform
[2019.05.14-22.38.14:165][  0]LogTemp: Display: Loaded TP AndroidTargetPlatform
[2019.05.14-22.38.14:166][  0]LogTemp: Display: Loaded TP AndroidTargetPlatform
[2019.05.14-22.38.14:166][  0]LogTemp: Display: Loaded TP AndroidTargetPlatform
[2019.05.14-22.38.14:166][  0]LogTemp: Display: Loaded TP AndroidTargetPlatform
[2019.05.14-22.38.14:166][  0]LogTemp: Display: Loaded TP AndroidTargetPlatform
[2019.05.14-22.38.14:166][  0]LogTemp: Display: Loaded TP AndroidTargetPlatform
[2019.05.14-22.38.14:166][  0]LogTemp: Display: Loaded TP AndroidTargetPlatform
[2019.05.14-22.38.14:166][  0]LogTemp: Display: Loaded TP AndroidTargetPlatform
[2019.05.14-22.38.14:166][  0]LogTemp: Display: Loaded TP AndroidTargetPlatform
[2019.05.14-22.38.14:166][  0]LogTemp: Display: Loaded TP AndroidTargetPlatform
[2019.05.14-22.38.14:166][  0]LogTemp: Display: Loaded TP AndroidTargetPlatform
[2019.05.14-22.38.14:226][  0]LogTemp: Display: Loaded TP HTML5TargetPlatform
[2019.05.14-22.38.14:335][  0]LogTemp: Display: Loaded TP IOSTargetPlatform
[2019.05.14-22.38.14:335][  0]LogTemp: Display: Loaded TP IOSTargetPlatform
[2019.05.14-22.38.14:376][  0]LogTemp: Display: Loaded TP TVOSTargetPlatform
[2019.05.14-22.38.14:376][  0]LogTemp: Display: Loaded TP TVOSTargetPlatform
[2019.05.14-22.38.14:452][  0]LogTemp: Display: Loaded TP LinuxClientTargetPlatform
[2019.05.14-22.38.14:596][  0]LogTemp: Display: Loaded TP LinuxNoEditorTargetPlatform
[2019.05.14-22.38.14:662][  0]LogTemp: Display: Loaded TP LinuxServerTargetPlatform
[2019.05.14-22.38.14:814][  0]LogTemp: Display: Loaded TP LinuxTargetPlatform
[2019.05.14-22.38.14:845][  0]LogTemp: Display: Loaded TP LuminTargetPlatform
[2019.05.14-22.38.14:846][  0]LogTargetPlatformManager: Display: Building Assets For Windows
[2019.05.14-22.38.14:927][  0]LogXGEController: Cleaning working directory: C:/Users/Thai/AppData/Local/Temp/UnrealXGEWorkingDir/
[2019.05.14-22.38.14:927][  0]LogXGEController: Cannot use XGE Controller as Incredibuild is not installed on this machine.
[2019.05.14-22.38.14:927][  0]LogShaderCompilers: Cannot use XGE Shader Compiler as Incredibuild is not installed on this machine.
[2019.05.14-22.38.14:927][  0]LogShaderCompilers: Display: Using Local Shader Compiler.
[2019.05.14-22.38.15:810][  0]LogDerivedDataCache: Display: Max Cache Size: 512 MB
[2019.05.14-22.38.15:911][  0]LogDerivedDataCache: Loaded boot cache 0.10s 71MB C:/Users/Thai/AppData/Local/UnrealEngine/4.20/DerivedDataCache/Boot.ddc.
[2019.05.14-22.38.15:911][  0]LogDerivedDataCache: Display: Loaded Boot cache: C:/Users/Thai/AppData/Local/UnrealEngine/4.20/DerivedDataCache/Boot.ddc
[2019.05.14-22.38.15:911][  0]LogDerivedDataCache: FDerivedDataBackendGraph:  Pak pak cache file ../../../../../GitHub/This-Is-My-Rock/ThisIsMyRock_Demo/DerivedDataCache/DDC.ddp not found, will not use a pak cache.
[2019.05.14-22.38.15:911][  0]LogDerivedDataCache: Unable to find inner node Pak for hierarchical cache Hierarchy.
[2019.05.14-22.38.15:911][  0]LogDerivedDataCache: FDerivedDataBackendGraph:  CompressedPak pak cache file ../../../../../GitHub/This-Is-My-Rock/ThisIsMyRock_Demo/DerivedDataCache/Compressed.ddp not found, will not use a pak cache.
[2019.05.14-22.38.15:911][  0]LogDerivedDataCache: Unable to find inner node CompressedPak for hierarchical cache Hierarchy.
[2019.05.14-22.38.15:928][  0]LogDerivedDataCache: Display: Pak cache opened for reading ../../../Engine/DerivedDataCache/Compressed.ddp.
[2019.05.14-22.38.15:941][  0]LogDerivedDataCache: Using Local data cache path C:/Users/Thai/AppData/Local/UnrealEngine/Common/DerivedDataCache: Writable
[2019.05.14-22.38.15:941][  0]LogDerivedDataCache: Shared data cache path not found in *engine.ini, will not use an Shared cache.
[2019.05.14-22.38.15:941][  0]LogDerivedDataCache: Unable to find inner node Shared for hierarchical cache Hierarchy.
[2019.05.14-22.38.15:962][  0]LogMaterial: Verifying Global Shaders for PCD3D_SM5
[2019.05.14-22.38.15:963][  0]LogSlate: Using FreeType 2.6.0
[2019.05.14-22.38.15:964][  0]LogSlate: SlateFontServices - WITH_FREETYPE: 1, WITH_HARFBUZZ: 1
[2019.05.14-22.38.16:069][  0]LogAssetRegistry: FAssetRegistry took 0.0391 seconds to start up
[2019.05.14-22.38.16:480][  0]LogInit: Selected Device Profile: [Windows]
[2019.05.14-22.38.16:632][  0]LogSimplygon: Simplygon DLL not present - disabling.
[2019.05.14-22.38.16:637][  0]LogMeshReduction: Using SimplygonSwarm for distributed automatic mesh merging
[2019.05.14-22.38.16:638][  0]LogMeshReduction: Using ProxyLODMeshReduction for automatic mesh merging
[2019.05.14-22.38.16:638][  0]LogMeshReduction: Using QuadricMeshReduction for automatic static mesh reduction
[2019.05.14-22.38.16:638][  0]LogMeshReduction: No automatic skeletal mesh reduction module available
[2019.05.14-22.38.16:658][  0]LogNetVersion: ThisIsMyRock_Demo 1.0.0, NetCL: 4212847, EngineNetVer: 5, GameNetVer: 0 (Checksum: 3098030067)
[2019.05.14-22.38.17:734][  0]LogPackageLocalizationCache: Processed 11 localized package path(s) for 2 prioritized culture(s) in 0.621744 seconds
[2019.05.14-22.38.17:742][  0]LogUObjectArray: 38434 objects as part of root set at end of initial load.
[2019.05.14-22.38.17:742][  0]LogUObjectAllocator: 6701144 out of 0 bytes used by permanent object pool.
[2019.05.14-22.38.17:742][  0]LogUObjectArray: CloseDisregardForGC: 0/0 objects in disregard for GC pool
[2019.05.14-22.38.28:860][  0]LogTcpMessaging: Initializing TcpMessaging bridge
[2019.05.14-22.38.28:875][  0]LogUdpMessaging: Initializing bridge on interface 0.0.0.0:0 to multicast group 230.0.0.1:6666.
[2019.05.14-22.38.29:427][  0]SourceControl: Source control is disabled
[2019.05.14-22.38.29:427][  0]SourceControl: Source control is disabled
[2019.05.14-22.38.29:428][  0]SourceControl: Source control is disabled
[2019.05.14-22.38.29:430][  0]SourceControl: Source control is disabled
[2019.05.14-22.38.30:745][  0]LogAndroidPermission: UAndroidPermissionCallbackProxy::GetInstance
[2019.05.14-22.38.30:988][  0]LogOcInput: OculusInput pre-init called
[2019.05.14-22.38.31:078][  0]LogEngine: Initializing Engine...
[2019.05.14-22.38.31:112][  0]LogHMD: Failed to initialize OpenVR with code 126
[2019.05.14-22.38.31:114][  0]LogStats: UGameplayTagsManager::ConstructGameplayTagTree: ImportINI prefixes -  0.000 s
[2019.05.14-22.38.31:114][  0]LogStats: UGameplayTagsManager::ConstructGameplayTagTree: Construct from data asset -  0.000 s
[2019.05.14-22.38.31:114][  0]LogStats: UGameplayTagsManager::ConstructGameplayTagTree: ImportINI -  0.000 s
[2019.05.14-22.38.31:114][  0]LogStats: UGameplayTagsManager::ConstructGameplayTagTree: GameplayTagTreeChangedEvent.Broadcast -  0.000 s
[2019.05.14-22.38.31:426][  0]LogInit: Initializing FReadOnlyCVARCache
[2019.05.14-22.38.31:448][  0]LogAIModule: Creating AISystem for world Untitled
[2019.05.14-22.38.31:550][  0]LogInit: XAudio2 using 'Headset Earphone (2- Corsair VOID Wireless Gaming Dongle)' : 2 channels at 48 kHz using 16 bits per sample (channel mask 0x3)
[2019.05.14-22.38.31:599][  0]LogInit: FAudioDevice initialized.
[2019.05.14-22.38.31:599][  0]LogNetVersion: Set ProjectVersion to 1.0.0.0. Version Checksum will be recalculated on next use.
[2019.05.14-22.38.31:796][  0]LogDerivedDataCache: Saved boot cache 0.20s 71MB C:/Users/Thai/AppData/Local/UnrealEngine/4.20/DerivedDataCache/Boot.ddc.
[2019.05.14-22.38.31:803][  0]LogInit: Texture streaming: Enabled
[2019.05.14-22.38.31:890][  0]LogEngineSessionManager: EngineSessionManager initialized
[2019.05.14-22.38.31:913][  0]LogInit: Transaction tracking system initialized
[2019.05.14-22.38.32:743][  0]BlueprintLog: New page: Editor Load
[2019.05.14-22.38.34:235][  0]LocalizationService: Localization service is disabled
[2019.05.14-22.38.37:357][  0]LogCook: Display: Max memory allowance for cook 16384mb min free memory 0mb
[2019.05.14-22.38.37:357][  0]LogCook: Display: Mobile HDR setting 1
[2019.05.14-22.38.37:357][  0]LogGameplayTags: Display: UGameplayTagsManager::DoneAddingNativeTags. DelegateIsBound: 0
[2019.05.14-22.38.37:357][  0]LogStats: UGameplayTagsManager::ConstructGameplayTagTree: ImportINI prefixes -  0.000 s
[2019.05.14-22.38.37:357][  0]LogStats: UGameplayTagsManager::ConstructGameplayTagTree: Construct from data asset -  0.000 s
[2019.05.14-22.38.37:357][  0]LogStats: UGameplayTagsManager::ConstructGameplayTagTree: ImportINI -  0.000 s
[2019.05.14-22.38.37:357][  0]LogStats: UGameplayTagsManager::ConstructGameplayTagTree: GameplayTagTreeChangedEvent.Broadcast -  0.000 s
[2019.05.14-22.38.38:058][  0]LogFileCache: Scanning file cache for directory 'F:/GitHub/This-Is-My-Rock/ThisIsMyRock_Demo/Content/' took 0.01s
[2019.05.14-22.38.40:058][  0]SourceControl: Source control is disabled
[2019.05.14-22.38.40:058][  0]Cmd: MAP LOAD FILE="../../../../../GitHub/This-Is-My-Rock/ThisIsMyRock_Demo/Content/ThirdPersonBP/Maps/ThirdPersonExampleMap.umap" TEMPLATE=0 SHOWPROGRESS=1 FEATURELEVEL=3
[2019.05.14-22.38.40:058][  0]LightingResults: New page: Lighting Build
[2019.05.14-22.38.40:079][  0]MapCheck: New page: Map Check
[2019.05.14-22.38.40:079][  0]LightingResults: New page: Lighting Build
[2019.05.14-22.38.40:811][  0]LogAIModule: Creating AISystem for world ThirdPersonExampleMap
[2019.05.14-22.38.40:850][  0]LogEditorServer: Finished looking for orphan Actors (0.000 secs)
[2019.05.14-22.38.40:948][  0]Cmd: MAP CHECKDEP NOCLEARLOG
[2019.05.14-22.38.41:058][  0]MapCheck: Map check complete: 0 Error(s), 0 Warning(s), took 109.735ms to complete.
[2019.05.14-22.38.41:059][  0]LogFileHelpers: Loading map 'ThirdPersonExampleMap' took 1.001
[2019.05.14-22.38.41:616][  0]LogSlate: Updating window title bar state: overlay mode, drag disabled, window buttons hidden, title bar hidden
[2019.05.14-22.38.41:626][  0]LogSlate: Updating window title bar state: overlay mode, drag disabled, window buttons hidden, title bar hidden
[2019.05.14-22.38.41:644][  0]LogSlate: Updating window title bar state: overlay mode, drag disabled, window buttons hidden, title bar hidden
[2019.05.14-22.38.41:660][  0]LogSlate: Updating window title bar state: overlay mode, drag disabled, window buttons hidden, title bar hidden
[2019.05.14-22.38.41:725][  0]LogCollectionManager: Loaded 0 collections in 0.008829 seconds
[2019.05.14-22.38.41:807][  0]LogFileCache: Scanning file cache for directory 'F:/GitHub/This-Is-My-Rock/ThisIsMyRock_Demo/Saved/Collections/' took 0.02s
[2019.05.14-22.38.41:807][  0]LogFileCache: Scanning file cache for directory 'F:/GitHub/This-Is-My-Rock/ThisIsMyRock_Demo/Content/Developers/Thai/Collections/' took 0.01s
[2019.05.14-22.38.41:807][  0]LogFileCache: Scanning file cache for directory 'F:/GitHub/This-Is-My-Rock/ThisIsMyRock_Demo/Content/Collections/' took 0.01s
[2019.05.14-22.38.41:807][  0]LogCollectionManager: Rebuilt the GUID cache for 0 collections in 0.000000 seconds
[2019.05.14-22.38.41:818][  0]LogContentBrowser: Native class hierarchy populated in 0.0103 seconds. Added 2575 classes and 607 folders.
[2019.05.14-22.38.41:909][  0]LogContentBrowser: Native class hierarchy updated for 'WidgetCarousel' in 0.0003 seconds. Added 0 classes and 0 folders.
[2019.05.14-22.38.44:223][  0]LogContentBrowser: Native class hierarchy updated for 'AddContentDialog' in 0.0003 seconds. Added 0 classes and 0 folders.
[2019.05.14-22.38.44:245][  0]LogContentBrowser: Native class hierarchy updated for 'SceneOutliner' in 0.0005 seconds. Added 1 classes and 2 folders.
[2019.05.14-22.38.44:410][  0]LogSlate: Took 0.013620 seconds to synchronously load lazily loaded font '../../../Engine/Content/Slate/Fonts/Roboto-Regular.ttf' (155K)
[2019.05.14-22.38.44:416][  0]LogSlate: Took 0.004523 seconds to synchronously load lazily loaded font '../../../Engine/Content/Slate/Fonts/Roboto-Bold.ttf' (160K)
[2019.05.14-22.38.44:439][  0]LogSlate: Took 0.016441 seconds to synchronously load lazily loaded font '../../../Engine/Content/Editor/Slate/Fonts/FontAwesome.ttf' (139K)
[2019.05.14-22.38.44:627][  0]LogRenderer: Reallocating scene render targets to support 1208x672 Format 9 NumSamples 1 (Frame:1).
[2019.05.14-22.38.44:897][  0]LogContentBrowser: Native class hierarchy updated for 'HierarchicalLODOutliner' in 0.0003 seconds. Added 0 classes and 0 folders.
[2019.05.14-22.38.44:897][  0]LogLoad: (Engine Initialization) Total time: 37.22 seconds
[2019.05.14-22.38.44:897][  0]LogLoad: (Engine Initialization) Total Blueprint compile time: 0.00 seconds
[2019.05.14-22.38.44:941][  0]LogContentStreaming: Texture pool size now 800 MB
[2019.05.14-22.38.45:010][  0]LogSlate: Took 0.004010 seconds to synchronously load lazily loaded font '../../../Engine/Content/Slate/Fonts/Roboto-Light.ttf' (167K)
[2019.05.14-22.38.45:044][  1]LogAssetRegistry: Asset discovery search completed in 29.0040 seconds
[2019.05.14-22.38.45:045][  1]LogCollectionManager: Rebuilt the object cache for 0 collections in 0.000000 seconds (found 0 objects)
[2019.05.14-22.38.45:045][  1]LogCollectionManager: Fixed up redirectors for 0 collections in 0.000047 seconds (updated 0 objects)
[2019.05.14-22.38.48:059][ 10]LogSlate: FSceneViewport::OnFocusLost() reason 2
[2019.05.14-22.38.51:937][291]LogSlate: Took 0.000414 seconds to synchronously load lazily loaded font '../../../Engine/Content/Slate/Fonts/Roboto-Light.ttf' (167K)
[2019.05.14-22.38.52:228][291]LogAIModule: Creating AISystem for world MainMenu
[2019.05.14-22.38.52:232][291]LogAssetEditorManager: Opening Asset editor for World /Game/ThirdPersonBP/Maps/MainMenu.MainMenu
[2019.05.14-22.38.52:276][291]Cmd: MAP LOAD FILE="../../../../../GitHub/This-Is-My-Rock/ThisIsMyRock_Demo/Content/ThirdPersonBP/Maps/MainMenu.umap" TEMPLATE=0 SHOWPROGRESS=1 FEATURELEVEL=3
[2019.05.14-22.38.52:277][291]LightingResults: New page: Lighting Build
[2019.05.14-22.38.52:278][291]LoadErrors: New page: Loading map: MainMenu.umap
[2019.05.14-22.38.52:279][291]MapCheck: New page: Map Check
[2019.05.14-22.38.52:279][291]LightingResults: New page: Lighting Build
[2019.05.14-22.38.52:465][291]LogEditorServer: Finished looking for orphan Actors (0.001 secs)
[2019.05.14-22.38.52:538][291]Cmd: MAP CHECKDEP NOCLEARLOG
[2019.05.14-22.38.52:645][291]MapCheck: Map check complete: 0 Error(s), 0 Warning(s), took 106.747ms to complete.
[2019.05.14-22.38.52:645][291]LogFileHelpers: Loading map 'MainMenu' took 0.371
[2019.05.14-22.38.53:344][339]LogSlate: FSceneViewport::OnFocusLost() reason 0
[2019.05.14-22.38.53:430][347]LogTemp: Repeating last play command: Selected Viewport
[2019.05.14-22.38.53:448][347]LogBlueprintUserMessages: Early PlayInEditor Detection: Level '/Game/ThirdPersonBP/Maps/MainMenu.MainMenu:PersistentLevel' has LevelScriptBlueprint '/Game/ThirdPersonBP/Maps/MainMenu.MainMenu:PersistentLevel.MainMenu' with GeneratedClass '/Game/ThirdPersonBP/Maps/MainMenu.MainMenu_C' with ClassGeneratedBy '/Game/ThirdPersonBP/Maps/MainMenu.MainMenu:PersistentLevel.MainMenu'
[2019.05.14-22.38.53:449][347]LogPlayLevel: PlayLevel: No blueprints needed recompiling
[2019.05.14-22.38.53:450][347]LogOnline: Warning: STEAM: Steam API disabled!
[2019.05.14-22.38.53:451][347]LogOnline: Display: STEAM: OnlineSubsystemSteam::Shutdown()
[2019.05.14-22.38.53:468][347]PIE: New page: PIE session: MainMenu (May 15, 2019, 12:38:53 AM)
[2019.05.14-22.38.53:468][347]LogPlayLevel: Creating play world package: /Game/ThirdPersonBP/Maps/UEDPIE_1_MainMenu
[2019.05.14-22.38.53:470][347]LogPlayLevel: PIE: StaticDuplicateObject took: (0.001237s)
[2019.05.14-22.38.53:471][347]LogAIModule: Creating AISystem for world MainMenu
[2019.05.14-22.38.53:471][347]LogPlayLevel: PIE: World Init took: (0.001064s)
[2019.05.14-22.38.53:471][347]LogPlayLevel: PIE: Created PIE world by copying editor world from /Game/ThirdPersonBP/Maps/MainMenu.MainMenu to /Game/ThirdPersonBP/Maps/UEDPIE_1_MainMenu.MainMenu (0.002538s)
[2019.05.14-22.38.53:564][347]LogInit: XAudio2 using 'Headset Earphone (2- Corsair VOID Wireless Gaming Dongle)' : 2 channels at 48 kHz using 16 bits per sample (channel mask 0x3)
[2019.05.14-22.38.53:582][347]LogInit: FAudioDevice initialized.
[2019.05.14-22.38.53:641][347]LogLoad: Game class is 'MenuGameMode_C'
[2019.05.14-22.38.53:644][347]LogWorld: Bringing World /Game/ThirdPersonBP/Maps/UEDPIE_1_MainMenu.MainMenu up for play (max tick rate 0) at 2019.05.14-23.38.53
[2019.05.14-22.38.53:645][347]LogWorld: Bringing up level for play took: 0.001299
[2019.05.14-22.38.53:658][347]LogSpawn: Warning: SpawnActor failed because no class was specified
[2019.05.14-22.38.53:665][347]LogContentBrowser: Native class hierarchy updated for 'MovieSceneCapture' in 0.0005 seconds. Added 10 classes and 0 folders.
[2019.05.14-22.38.53:666][347]LogTemp: Display: ParseSettings for GameNetDriver
[2019.05.14-22.38.53:666][347]LogTemp: Display: ParseSettings for IpNetDriver_0
[2019.05.14-22.38.53:666][347]LogTemp: Display: ParseSettings for GameNetDriver
[2019.05.14-22.38.53:666][347]LogNet: ReplicationDriverClass is null! Not using ReplicationDriver.
[2019.05.14-22.38.53:667][347]LogInit: WinSock: Socket queue 131072 / 131072
[2019.05.14-22.38.53:670][347]LogInit: WinSock: I am Thai-PC (192.168.0.19:0)
[2019.05.14-22.38.53:670][347]PacketHandlerLog: Loaded PacketHandler component: Engine.EngineHandlerComponentFactory (StatelessConnectHandlerComponent)
[2019.05.14-22.38.53:670][347]LogNet: GameNetDriver IpNetDriver_0 IpNetDriver listening on port 17777
[2019.05.14-22.38.54:241][347]PIE: Play in editor start time for /Game/ThirdPersonBP/Maps/UEDPIE_1_MainMenu 0.059
[2019.05.14-22.38.54:246][347]PIE: New page: PIE session: MainMenu (May 15, 2019, 12:38:54 AM)
[2019.05.14-22.38.54:256][347]LogSlate: FSceneViewport::OnFocusLost() reason 2
[2019.05.14-22.38.54:266][347]LogSlate: Updating window title bar state: overlay mode, drag disabled, window buttons hidden, title bar hidden
[2019.05.14-22.38.54:325][347]LogNet: Browse: 127.0.0.1:17777//Game/ThirdPersonBP/Maps/ThirdPersonExampleMap
[2019.05.14-22.38.54:326][347]LogTemp: Display: ParseSettings for GameNetDriver
[2019.05.14-22.38.54:326][347]LogTemp: Display: ParseSettings for IpNetDriver_1
[2019.05.14-22.38.54:326][347]LogTemp: Display: ParseSettings for PendingNetDriver
[2019.05.14-22.38.54:326][347]LogInit: WinSock: Socket queue 32768 / 32768
[2019.05.14-22.38.54:327][347]PacketHandlerLog: Loaded PacketHandler component: Engine.EngineHandlerComponentFactory (StatelessConnectHandlerComponent)
[2019.05.14-22.38.54:328][347]LogNet: Game client on port 17777, rate 10000
[2019.05.14-22.38.54:331][347]PIE: Play in editor start time for /Game/ThirdPersonBP/Maps/ThirdPersonExampleMap 0.149
[2019.05.14-22.38.54:346][347]LogBlueprintUserMessages: Late PlayInEditor Detection: Level '/Game/ThirdPersonBP/Maps/MainMenu.MainMenu:PersistentLevel' has LevelScriptBlueprint '/Game/ThirdPersonBP/Maps/MainMenu.MainMenu:PersistentLevel.MainMenu' with GeneratedClass '/Game/ThirdPersonBP/Maps/MainMenu.MainMenu_C' with ClassGeneratedBy '/Game/ThirdPersonBP/Maps/MainMenu.MainMenu:PersistentLevel.MainMenu'
[2019.05.14-22.38.54:347][347]LogNet: NotifyAcceptingConnection accepted from: 127.0.0.1:58863
[2019.05.14-22.38.54:347][347]LogHandshake: SendConnectChallenge. Timestamp: 0.008382, Cookie: 032069061121172088202136015102221244106192028149170168133018
[2019.05.14-22.38.54:363][347]LogHandshake: SendChallengeResponse. Timestamp: 0.008382, Cookie: 032069061121172088202136015102221244106192028149170168133018
[2019.05.14-22.38.54:382][347]LogSlate: FSceneViewport::OnFocusLost() reason 2
[2019.05.14-22.38.54:449][348]LogNet: NotifyAcceptingConnection accepted from: 127.0.0.1:58863
[2019.05.14-22.38.54:449][348]LogHandshake: SendChallengeAck. InCookie: 032069061121172088202136015102221244106192028149170168133018
[2019.05.14-22.38.54:449][348]LogNet: Server accepting post-challenge connection from: 127.0.0.1:58863
[2019.05.14-22.38.54:449][348]PacketHandlerLog: Loaded PacketHandler component: Engine.EngineHandlerComponentFactory (StatelessConnectHandlerComponent)
[2019.05.14-22.38.54:449][348]LogNet: NotifyAcceptedConnection: Name: MainMenu, TimeStamp: 05/14/19 23:38:54, [UNetConnection] RemoteAddr: 127.0.0.1:58863, Name: IpConnection_1, Driver: GameNetDriver IpNetDriver_0, IsServer: YES, PC: NULL, Owner: NULL, UniqueId: INVALID
[2019.05.14-22.38.54:449][348]LogNet: AddClientConnection: Added client connection: [UNetConnection] RemoteAddr: 127.0.0.1:58863, Name: IpConnection_1, Driver: GameNetDriver IpNetDriver_0, IsServer: YES, PC: NULL, Owner: NULL, UniqueId: INVALID
[2019.05.14-22.38.54:450][348]LogNetVersion: ThisIsMyRock_Demo 1.0.0.0, NetCL: 4212847, EngineNetVer: 5, GameNetVer: 0 (Checksum: 826811991)
[2019.05.14-22.38.54:450][348]LogNet: UPendingNetGame::SendInitialJoin: Sending hello. [UNetConnection] RemoteAddr: 127.0.0.1:17777, Name: IpConnection_0, Driver: PendingNetDriver IpNetDriver_1, IsServer: NO, PC: NULL, Owner: NULL, UniqueId: INVALID
[2019.05.14-22.38.54:462][349]LogNet: NotifyAcceptingChannel Control 0 server World /Game/ThirdPersonBP/Maps/UEDPIE_1_MainMenu.MainMenu: Accepted
[2019.05.14-22.38.54:462][349]LogNet: Remote platform little endian=1
[2019.05.14-22.38.54:462][349]LogNet: This platform little endian=1
[2019.05.14-22.38.54:480][350]LogNet: Login request: /Game/ThirdPersonBP/Maps/ThirdPersonExampleMap?Name=Thai-PC-544C6910401FDBD71345439F1C9BFF8A userId: Thai-PC-544C6910401FDBD71345439F1C9BFF8A
[2019.05.14-22.38.54:481][350]LogNet: Welcomed by server (Level: /Game/ThirdPersonBP/Maps/UEDPIE_1_MainMenu, Game: /Game/GameData/MenuGameMode.MenuGameMode_C)
[2019.05.14-22.38.54:481][350]LogLoad: LoadMap: 127.0.0.1:17777//Game/ThirdPersonBP/Maps/UEDPIE_1_MainMenu?game=/Game/GameData/MenuGameMode.MenuGameMode_C
[2019.05.14-22.38.54:521][350]LogAIModule: Creating AISystem for world MainMenu
[2019.05.14-22.38.54:521][350]LogTemp: Display: ParseSettings for GameNetDriver
[2019.05.14-22.38.54:522][350]LogWorld: Bringing World /Game/ThirdPersonBP/Maps/UEDPIE_2_MainMenu.MainMenu up for play (max tick rate 0) at 2019.05.14-23.38.54
[2019.05.14-22.38.54:522][350]LogWorld: Bringing up level for play took: 0.000617
[2019.05.14-22.38.54:522][350]LogLoad: Took 0.041434 seconds to LoadMap(/Game/ThirdPersonBP/Maps/UEDPIE_1_MainMenu)
[2019.05.14-22.38.54:538][351]LogNet: Client netspeed is 10000
[2019.05.14-22.38.54:538][351]LogNet: Join request: /Game/ThirdPersonBP/Maps/ThirdPersonExampleMap?Name=Thai-PC-544C6910401FDBD71345439F1C9BFF8A?SplitscreenCount=1
[2019.05.14-22.38.54:539][351]LogOnline: Warning: OSS: No game present to join for session (GameSession)
[2019.05.14-22.38.54:540][351]LogNet: Join succeeded: Thai-PC-544C6910401F
[2019.05.14-22.38.54:544][351]LogSpawn: Warning: SpawnActor failed because no class was specified
[2019.05.14-22.38.54:556][352]LogScript: Warning: Script Msg: FindSessions - Invalid player state
[2019.05.14-22.38.54:556][352]LogBlueprintUserMessages: [Widget_MainMenu_C_0] Client 1: No servers found
[2019.05.14-22.38.54:557][352]LogOnline: Warning: OSS: No game present to join for session (GameSession)
[2019.05.14-22.38.54:577][353]LogOnline: Warning: OSS: No game present to join for session (GameSession)
[2019.05.14-22.39.01:087][890]LogNet: Browse: /Game/ThirdPersonBP/Maps/ThirdPersonExampleMap?Listen
[2019.05.14-22.39.01:087][890]LogLoad: LoadMap: /Game/ThirdPersonBP/Maps/ThirdPersonExampleMap?Listen
[2019.05.14-22.39.01:087][890]LogNet: World NetDriver shutdown IpNetDriver_0 [GameNetDriver]
[2019.05.14-22.39.01:087][890]LogNet: DestroyNamedNetDriver IpNetDriver_0 [GameNetDriver]
[2019.05.14-22.39.01:091][890]LogNet: UNetConnection::Cleanup: Closing open connection. [UNetConnection] RemoteAddr: 127.0.0.1:58863, Name: IpConnection_1, Driver: GameNetDriver IpNetDriver_0, IsServer: YES, PC: PlayerController_1, Owner: PlayerController_1, UniqueId: NULL:Thai-PC-544C6910401FDBD71345439F1C9BFF8A
[2019.05.14-22.39.01:091][890]LogNet: UNetConnection::Close: [UNetConnection] RemoteAddr: 127.0.0.1:58863, Name: IpConnection_1, Driver: GameNetDriver IpNetDriver_0, IsServer: YES, PC: PlayerController_1, Owner: PlayerController_1, UniqueId: NULL:Thai-PC-544C6910401FDBD71345439F1C9BFF8A, Channels: 9, Time: 2019.05.14-22.39.01
[2019.05.14-22.39.01:091][890]LogNet: UChannel::Close: Sending CloseBunch. ChIndex == 0. Name: [UChannel] ChIndex: 0, Closing: 0 [UNetConnection] RemoteAddr: 127.0.0.1:58863, Name: IpConnection_1, Driver: GameNetDriver IpNetDriver_0, IsServer: YES, PC: PlayerController_1, Owner: PlayerController_1, UniqueId: NULL:Thai-PC-544C6910401FDBD71345439F1C9BFF8A
[2019.05.14-22.39.01:092][890]LogExit: GameNetDriver IpNetDriver_0 shut down
[2019.05.14-22.39.02:131][890]LogAIModule: Creating AISystem for world ThirdPersonExampleMap
[2019.05.14-22.39.02:131][890]LogLoad: Game class is 'RockGameMode_C'
[2019.05.14-22.39.02:131][890]LogTemp: Display: ParseSettings for GameNetDriver
[2019.05.14-22.39.02:131][890]LogTemp: Display: ParseSettings for IpNetDriver_2
[2019.05.14-22.39.02:132][890]LogTemp: Display: ParseSettings for GameNetDriver
[2019.05.14-22.39.02:132][890]LogNet: ReplicationDriverClass is null! Not using ReplicationDriver.
[2019.05.14-22.39.02:132][890]LogInit: WinSock: Socket queue 131072 / 131072
[2019.05.14-22.39.02:132][890]PacketHandlerLog: Loaded PacketHandler component: Engine.EngineHandlerComponentFactory (StatelessConnectHandlerComponent)
[2019.05.14-22.39.02:132][890]LogNet: GameNetDriver IpNetDriver_2 IpNetDriver listening on port 7777
[2019.05.14-22.39.02:136][890]PIE: Warning: Attempting to move a fully simulated skeletal mesh SkeletalMeshComponent0. Please use the Teleport flag
[2019.05.14-22.39.02:143][890]LogWorld: Bringing World /Game/ThirdPersonBP/Maps/UEDPIE_1_ThirdPersonExampleMap.ThirdPersonExampleMap up for play (max tick rate 0) at 2019.05.14-23.39.02
[2019.05.14-22.39.02:144][890]LogWorld: Bringing up level for play took: 0.010416
[2019.05.14-22.39.02:145][890]LogSpawn: Warning: SpawnActor failed because no class was specified
[2019.05.14-22.39.02:149][890]LogLoad: Took 1.062072 seconds to LoadMap(/Game/ThirdPersonBP/Maps/ThirdPersonExampleMap)
[2019.05.14-22.39.02:181][890]LogNet: Warning: Network Failure: GameNetDriver[FailureReceived]: Host closed the connection.
[2019.05.14-22.39.02:181][890]LogNet: Warning: Network Failure: GameNetDriver[FailureReceived]: Host closed the connection.
[2019.05.14-22.39.02:188][890]LogNet: NetworkFailure: FailureReceived, Error: 'Host closed the connection.'
[2019.05.14-22.39.02:189][890]LogNet: UNetConnection::Close: [UNetConnection] RemoteAddr: 127.0.0.1:17777, Name: IpConnection_0, Driver: GameNetDriver IpNetDriver_1, IsServer: NO, PC: PlayerController_1, Owner: PlayerController_1, UniqueId: NULL:Thai-PC-544C6910401FDBD71345439F1C9BFF8A, Channels: 9, Time: 2019.05.14-22.39.02
[2019.05.14-22.39.02:189][890]LogNet: UChannel::Close: Sending CloseBunch. ChIndex == 0. Name: [UChannel] ChIndex: 0, Closing: 0 [UNetConnection] RemoteAddr: 127.0.0.1:17777, Name: IpConnection_0, Driver: GameNetDriver IpNetDriver_1, IsServer: NO, PC: PlayerController_1, Owner: PlayerController_1, UniqueId: NULL:Thai-PC-544C6910401FDBD71345439F1C9BFF8A
[2019.05.14-22.39.02:189][890]LogNet: Warning: Network Failure: GameNetDriver[ConnectionLost]: Your connection to the host has been lost.
[2019.05.14-22.39.02:189][890]LogNet: Warning: Network Failure: GameNetDriver[ConnectionLost]: Your connection to the host has been lost.
[2019.05.14-22.39.02:189][890]LogNet: NetworkFailure: ConnectionLost, Error: 'Your connection to the host has been lost.'
[2019.05.14-22.39.02:216][891]LogNet: Browse: /Game/ThirdPersonBP/Maps/ThirdPersonExampleMap?closed
[2019.05.14-22.39.02:216][891]LogNet: Connection failed; returning to Entry
[2019.05.14-22.39.02:218][891]LogLoad: LoadMap: /Game/ThirdPersonBP/Maps/ThirdPersonExampleMap?closed
[2019.05.14-22.39.02:219][891]LogNet: World NetDriver shutdown IpNetDriver_1 [GameNetDriver]
[2019.05.14-22.39.02:219][891]LogNet: DestroyNamedNetDriver IpNetDriver_1 [GameNetDriver]
[2019.05.14-22.39.02:219][891]LogExit: GameNetDriver IpNetDriver_1 shut down
[2019.05.14-22.39.02:431][891]LogAIModule: Creating AISystem for world ThirdPersonExampleMap
[2019.05.14-22.39.02:432][891]LogLoad: Game class is 'RockGameMode_C'
[2019.05.14-22.39.02:436][891]PIE: Warning: Attempting to move a fully simulated skeletal mesh SkeletalMeshComponent0. Please use the Teleport flag
[2019.05.14-22.39.02:442][891]LogWorld: Bringing World /Game/ThirdPersonBP/Maps/UEDPIE_2_ThirdPersonExampleMap.ThirdPersonExampleMap up for play (max tick rate 0) at 2019.05.14-23.39.02
[2019.05.14-22.39.02:443][891]LogWorld: Bringing up level for play took: 0.010631
[2019.05.14-22.39.02:444][891]LogSpawn: Warning: SpawnActor failed because no class was specified
[2019.05.14-22.39.02:447][891]LogLoad: Took 0.228503 seconds to LoadMap(/Game/ThirdPersonBP/Maps/ThirdPersonExampleMap)
[2019.05.14-22.39.03:829][985]LogBlueprintUserMessages: Early EndPlayMap Detection: Level '/Game/ThirdPersonBP/Maps/MainMenu.MainMenu:PersistentLevel' has LevelScriptBlueprint '/Game/ThirdPersonBP/Maps/MainMenu.MainMenu:PersistentLevel.MainMenu' with GeneratedClass '/Game/ThirdPersonBP/Maps/MainMenu.MainMenu_C' with ClassGeneratedBy '/Game/ThirdPersonBP/Maps/MainMenu.MainMenu:PersistentLevel.MainMenu'
[2019.05.14-22.39.03:829][985]LogSlate: Updating window title bar state: overlay mode, drag disabled, window buttons hidden, title bar hidden
[2019.05.14-22.39.03:871][985]LogSlate: Window 'ThisIsMyRock_Demo Game Preview Client 1 (64-bit/PCD3D_SM5)' being destroyed
[2019.05.14-22.39.03:944][985]LogSlate: Updating window title bar state: overlay mode, drag disabled, window buttons hidden, title bar hidden
[2019.05.14-22.39.03:979][985]LogPlayLevel: Display: Shutting down PIE online subsystems
[2019.05.14-22.39.03:979][985]LogBlueprintUserMessages: Late EndPlayMap Detection: Level '/Game/ThirdPersonBP/Maps/MainMenu.MainMenu:PersistentLevel' has LevelScriptBlueprint '/Game/ThirdPersonBP/Maps/MainMenu.MainMenu:PersistentLevel.MainMenu' with GeneratedClass '/Game/ThirdPersonBP/Maps/MainMenu.MainMenu_C' with ClassGeneratedBy '/Game/ThirdPersonBP/Maps/MainMenu.MainMenu:PersistentLevel.MainMenu'
[2019.05.14-22.39.04:045][985]LogSlate: Updating window title bar state: overlay mode, drag disabled, window buttons hidden, title bar hidden
[2019.05.14-22.39.04:045][985]LogExit: GameNetDriver None shut down
[2019.05.14-22.39.04:099][986]LogPlayLevel: Display: Destroying online subsystem :Context_2
[2019.05.14-22.39.04:099][986]LogPlayLevel: Display: Destroying online subsystem :Context_1
[2019.05.14-22.39.04:878][ 44]LogSlate: FSceneViewport::OnFocusLost() reason 2
[2019.05.14-22.39.09:156][296]LogSlate: FSceneViewport::OnFocusLost() reason 2
[2019.05.14-22.39.15:744][666]LogTemp: Repeating last play command: Standalone Game
[2019.05.14-22.39.54:764][910]LogSlate: FSceneViewport::OnFocusLost() reason 0
[2019.05.14-22.39.54:874][920]LogTemp: Repeating last play command: Standalone Game
[2019.05.14-22.43.06:070][ 48]LogSlate: FSceneViewport::OnFocusLost() reason 0
[2019.05.14-22.43.06:191][ 61]LogTemp: Repeating last play command: Standalone Game
[2019.05.14-22.47.05:846][708]LogSlate: FSceneViewport::OnFocusLost() reason 2
[2019.05.14-22.47.09:405][ 75]LogSlate: FSceneViewport::OnFocusLost() reason 0
[2019.05.14-22.47.09:660][ 88]LogSlate: Window 'ThisIsMyRock_Demo - Unreal Editor' being destroyed
[2019.05.14-22.47.10:310][ 89]Cmd: QUIT_EDITOR
[2019.05.14-22.47.10:996][ 89]LogWindowsTextInputMethodSystem: Display: IME system now deactivated.
[2019.05.14-22.47.11:057][ 89]LogExit: Preparing to exit.
[2019.05.14-22.47.12:005][ 89]LogExit: Editor shut down
[2019.05.14-22.47.12:007][ 89]LogExit: Transaction tracking system shut down
[2019.05.14-22.47.14:218][ 89]LogExit: Object subsystem successfully closed.
[2019.05.14-22.47.14:247][ 89]LogShaderCompilers: Display: Shaders left to compile 0
[2019.05.14-22.47.14:263][ 89]LogD3D11RHI: Shutdown
[2019.05.14-22.47.14:263][ 89]LogD3D11RHI: CleanupD3DDevice
[2019.05.14-22.47.14:266][ 89]LogD3D11RHI: ~FD3D11DynamicRHI
[2019.05.14-22.47.16:500][ 89]LogModuleManager: Shutting down and abandoning module MovieSceneCapture (616)
[2019.05.14-22.47.16:500][ 89]LogModuleManager: Shutting down and abandoning module Voice (614)
[2019.05.14-22.47.16:506][ 89]LogModuleManager: Shutting down and abandoning module HierarchicalLODOutliner (612)
[2019.05.14-22.47.16:506][ 89]LogModuleManager: Shutting down and abandoning module SceneOutliner (610)
[2019.05.14-22.47.16:506][ 89]LogModuleManager: Shutting down and abandoning module AddContentDialog (608)
[2019.05.14-22.47.16:616][ 89]LogModuleManager: Shutting down and abandoning module WidgetCarousel (607)
[2019.05.14-22.47.16:616][ 89]LogModuleManager: Shutting down and abandoning module EditorWidgets (604)
[2019.05.14-22.47.16:616][ 89]LogModuleManager: Shutting down and abandoning module CollectionManager (602)
[2019.05.14-22.47.16:669][ 89]LogModuleManager: Shutting down and abandoning module StatsViewer (600)
[2019.05.14-22.47.16:701][ 89]LogModuleManager: Shutting down and abandoning module FoliageEdit (598)
[2019.05.14-22.47.16:712][ 89]LogModuleManager: Shutting down and abandoning module LandscapeEditor (596)
[2019.05.14-22.47.16:716][ 89]LogModuleManager: Shutting down and abandoning module MeshPaintMode (594)
[2019.05.14-22.47.16:723][ 89]LogModuleManager: Shutting down and abandoning module SceneDepthPickerMode (592)
[2019.05.14-22.47.16:723][ 89]LogModuleManager: Shutting down and abandoning module ActorPickerMode (590)
[2019.05.14-22.47.16:723][ 89]LogModuleManager: Shutting down and abandoning module GeometryMode (588)
[2019.05.14-22.47.16:723][ 89]LogModuleManager: Shutting down and abandoning module TextureAlignMode (586)
[2019.05.14-22.47.16:723][ 89]LogModuleManager: Shutting down and abandoning module BspMode (584)
[2019.05.14-22.47.16:723][ 89]LogModuleManager: Shutting down and abandoning module PIEPreviewDeviceProfileSelector (582)
[2019.05.14-22.47.16:724][ 89]LogModuleManager: Shutting down and abandoning module SequenceRecorderSections (580)
[2019.05.14-22.47.16:724][ 89]LogModuleManager: Shutting down and abandoning module AutomationWorker (578)
[2019.05.14-22.47.16:724][ 89]LogModuleManager: Shutting down and abandoning module AudioCaptureEditor (576)
[2019.05.14-22.47.16:725][ 89]LogModuleManager: Shutting down and abandoning module SequenceRecorder (575)
[2019.05.14-22.47.16:726][ 89]LogModuleManager: Shutting down and abandoning module MatineeToLevelSequence (572)
[2019.05.14-22.47.16:733][ 89]LogModuleManager: Shutting down and abandoning module LevelSequenceEditor (570)
[2019.05.14-22.47.16:749][ 89]LogModuleManager: Shutting down and abandoning module PlacementMode (569)
[2019.05.14-22.47.16:749][ 89]LogModuleManager: Shutting down and abandoning module MaterialEditor (568)
[2019.05.14-22.47.16:781][ 89]LogModuleManager: Shutting down and abandoning module WmfMediaFactory (564)
[2019.05.14-22.47.16:781][ 89]LogModuleManager: Shutting down and abandoning module WmfMediaEditor (562)
[2019.05.14-22.47.16:781][ 89]LogModuleManager: Shutting down and abandoning module MediaPlayerEditor (560)
[2019.05.14-22.47.16:800][ 89]LogModuleManager: Shutting down and abandoning module OpenExrWrapper (558)
[2019.05.14-22.47.16:800][ 89]LogModuleManager: Shutting down and abandoning module ImgMediaFactory (556)
[2019.05.14-22.47.16:800][ 89]LogModuleManager: Shutting down and abandoning module ImgMediaEditor (554)
[2019.05.14-22.47.16:800][ 89]LogModuleManager: Shutting down and abandoning module AvfMediaFactory (552)
[2019.05.14-22.47.16:800][ 89]LogModuleManager: Shutting down and abandoning module AvfMediaEditor (550)
[2019.05.14-22.47.16:800][ 89]LogModuleManager: Shutting down and abandoning module AndroidMediaFactory (548)
[2019.05.14-22.47.16:800][ 89]LogModuleManager: Shutting down and abandoning module AndroidMediaEditor (546)
[2019.05.14-22.47.16:800][ 89]LogModuleManager: Shutting down and abandoning module MagicLeapCameraPreviewFactory (544)
[2019.05.14-22.47.16:800][ 89]LogModuleManager: Shutting down and abandoning module MagicLeapMediaFactory (542)
[2019.05.14-22.47.16:800][ 89]LogModuleManager: Shutting down and abandoning module MagicLeapMediaEditor (540)
[2019.05.14-22.47.16:800][ 89]LogModuleManager: Shutting down and abandoning module CharacterAI (538)
[2019.05.14-22.47.16:800][ 89]LogModuleManager: Shutting down and abandoning module SmartSnapping (536)
[2019.05.14-22.47.16:800][ 89]LogModuleManager: Shutting down and abandoning module SessionServices (534)
[2019.05.14-22.47.16:800][ 89]LogModuleManager: Shutting down and abandoning module ViewportSnapping (532)
[2019.05.14-22.47.16:800][ 89]LogModuleManager: Shutting down and abandoning module ViewportInteraction (530)
[2019.05.14-22.47.16:800][ 89]LogModuleManager: Shutting down and abandoning module ClothPainter (528)
[2019.05.14-22.47.16:818][ 89]LogModuleManager: Shutting down and abandoning module SkeletalMeshEditor (527)
[2019.05.14-22.47.16:976][ 89]LogModuleManager: Shutting down and abandoning module LogVisualizer (524)
[2019.05.14-22.47.17:160][ 89]LogModuleManager: Shutting down and abandoning module IntroTutorials (522)
[2019.05.14-22.47.17:290][ 89]LogModuleManager: Shutting down and abandoning module GameProjectGeneration (521)
[2019.05.14-22.47.17:449][ 89]LogModuleManager: Shutting down and abandoning module LuminPlatformEditor (518)
[2019.05.14-22.47.17:449][ 89]LogModuleManager: Shutting down and abandoning module IOSPlatformEditor (516)
[2019.05.14-22.47.17:503][ 89]LogModuleManager: Shutting down and abandoning module HTML5PlatformEditor (514)
[2019.05.14-22.47.17:503][ 89]LogModuleManager: Shutting down and abandoning module AndroidPlatformEditor (512)
[2019.05.14-22.47.17:503][ 89]LogModuleManager: Shutting down and abandoning module AndroidDeviceDetection (511)
[2019.05.14-22.47.17:917][ 89]LogModuleManager: Shutting down and abandoning module WindowsPlatformEditor (508)
[2019.05.14-22.47.17:918][ 89]LogModuleManager: Shutting down and abandoning module LuminRuntimeSettings (506)
[2019.05.14-22.47.17:918][ 89]LogModuleManager: Shutting down and abandoning module IOSRuntimeSettings (504)
[2019.05.14-22.47.17:918][ 89]LogModuleManager: Shutting down and abandoning module AndroidRuntimeSettings (502)
[2019.05.14-22.47.17:918][ 89]LogModuleManager: Shutting down and abandoning module InputBindingEditor (500)
[2019.05.14-22.47.17:964][ 89]LogModuleManager: Shutting down and abandoning module MergeActors (498)
[2019.05.14-22.47.17:973][ 89]LogModuleManager: Shutting down and abandoning module LocalizationDashboard (496)
[2019.05.14-22.47.17:993][ 89]LogModuleManager: Shutting down and abandoning module LocalizationService (495)
[2019.05.14-22.47.18:006][ 89]LogModuleManager: Shutting down and abandoning module HardwareTargeting (492)
[2019.05.14-22.47.18:006][ 89]LogModuleManager: Shutting down and abandoning module DeviceProfileEditor (490)
[2019.05.14-22.47.18:006][ 89]LogModuleManager: Shutting down and abandoning module UndoHistory (488)
[2019.05.14-22.47.18:015][ 89]LogModuleManager: Shutting down and abandoning module XmlParser (486)
[2019.05.14-22.47.18:015][ 89]LogModuleManager: Shutting down and abandoning module Blutility (484)
[2019.05.14-22.47.18:068][ 89]LogModuleManager: Shutting down and abandoning module ProjectSettingsViewer (482)
[2019.05.14-22.47.18:068][ 89]LogModuleManager: Shutting down and abandoning module ProjectTargetPlatformEditor (481)
[2019.05.14-22.47.18:069][ 89]LogModuleManager: Shutting down and abandoning module EditorSettingsViewer (478)
[2019.05.14-22.47.18:069][ 89]LogModuleManager: Shutting down and abandoning module SettingsEditor (476)
[2019.05.14-22.47.18:117][ 89]LogModuleManager: Shutting down and abandoning module ProjectLauncher (474)
[2019.05.14-22.47.18:128][ 89]LogModuleManager: Shutting down and abandoning module SessionFrontend (472)
[2019.05.14-22.47.18:141][ 89]LogModuleManager: Shutting down and abandoning module ProfilerClient (470)
[2019.05.14-22.47.18:153][ 89]LogModuleManager: Shutting down and abandoning module DeviceManager (468)
[2019.05.14-22.47.18:167][ 89]LogModuleManager: Shutting down and abandoning module TargetDeviceServices (467)
[2019.05.14-22.47.18:241][ 89]LogModuleManager: Shutting down and abandoning module AutomationController (464)
[2019.05.14-22.47.18:241][ 89]LogModuleManager: Shutting down and abandoning module AutomationWindow (462)
[2019.05.14-22.47.18:261][ 89]LogModuleManager: Shutting down and abandoning module Layers (460)
[2019.05.14-22.47.18:284][ 89]LogModuleManager: Shutting down and abandoning module ComponentVisualizers (458)
[2019.05.14-22.47.18:284][ 89]LogModuleManager: Shutting down and abandoning module DetailCustomizations (456)
[2019.05.14-22.47.18:299][ 89]LogModuleManager: Shutting down and abandoning module PackagesDialog (454)
[2019.05.14-22.47.18:300][ 89]LogModuleManager: Shutting down and abandoning module Persona (452)
[2019.05.14-22.47.18:331][ 89]LogModuleManager: Shutting down and abandoning module AdvancedPreviewScene (451)
[2019.05.14-22.47.18:339][ 89]LogModuleManager: Shutting down and abandoning module AnimGraph (449)
[2019.05.14-22.47.18:351][ 89]LogModuleManager: Shutting down and abandoning module Kismet (446)
[2019.05.14-22.47.18:369][ 89]LogModuleManager: Shutting down and abandoning module GraphEditor (444)
[2019.05.14-22.47.18:399][ 89]LogModuleManager: Shutting down and abandoning module ClassViewer (442)
[2019.05.14-22.47.18:400][ 89]LogModuleManager: Shutting down and abandoning module Toolbox (440)
[2019.05.14-22.47.18:400][ 89]LogModuleManager: Shutting down and abandoning module ModuleUI (438)
[2019.05.14-22.47.18:412][ 89]LogModuleManager: Shutting down and abandoning module MovieSceneTools (436)
[2019.05.14-22.47.18:425][ 89]LogModuleManager: Shutting down and abandoning module OutputLog (434)
[2019.05.14-22.47.18:427][ 89]LogModuleManager: Shutting down and abandoning module GammaUI (432)
[2019.05.14-22.47.18:436][ 89]LogModuleManager: Shutting down and abandoning module Documentation (430)
[2019.05.14-22.47.18:436][ 89]LogModuleManager: Shutting down and abandoning module MovieSceneTracks (428)
[2019.05.14-22.47.18:436][ 89]LogModuleManager: Shutting down and abandoning module MovieScene (426)
[2019.05.14-22.47.18:436][ 89]LogModuleManager: Shutting down and abandoning module StreamingPauseRendering (424)
[2019.05.14-22.47.18:436][ 89]LogModuleManager: Shutting down and abandoning module LauncherPlatform (422)
[2019.05.14-22.47.18:436][ 89]LogModuleManager: Shutting down and abandoning module AnalyticsET (420)
[2019.05.14-22.47.18:436][ 89]LogModuleManager: Shutting down and abandoning module PortalServices (418)
[2019.05.14-22.47.18:436][ 89]LogModuleManager: Shutting down and abandoning module PortalRpc (416)
[2019.05.14-22.47.18:436][ 89]LogModuleManager: Shutting down and abandoning module MessagingRpc (414)
[2019.05.14-22.47.18:436][ 89]LogModuleManager: Shutting down and abandoning module AIModule (412)
[2019.05.14-22.47.18:436][ 89]LogModuleManager: Shutting down and abandoning module GameplayDebugger (411)
[2019.05.14-22.47.18:436][ 89]LogModuleManager: Shutting down and abandoning module AITestSuite (409)
[2019.05.14-22.47.18:436][ 89]LogModuleManager: Shutting down and abandoning module NavigationSystem (407)
[2019.05.14-22.47.18:436][ 89]LogModuleManager: Shutting down and abandoning module DesktopPlatform (404)
[2019.05.14-22.47.18:436][ 89]LogModuleManager: Shutting down and abandoning module ProfilerService (402)
[2019.05.14-22.47.18:540][ 89]LogModuleManager: Shutting down and abandoning module TaskGraph (400)
[2019.05.14-22.47.18:540][ 89]LogModuleManager: Shutting down and abandoning module SteamVRController (398)
[2019.05.14-22.47.18:540][ 89]LogModuleManager: Shutting down and abandoning module ProceduralMeshComponentEditor (396)
[2019.05.14-22.47.18:540][ 89]LogModuleManager: Shutting down and abandoning module ProceduralMeshComponent (394)
[2019.05.14-22.47.18:541][ 89]LogModuleManager: Shutting down and abandoning module OculusInput (392)
[2019.05.14-22.47.18:541][ 89]LogModuleManager: Shutting down and abandoning module MobilePatchingUtils (390)
[2019.05.14-22.47.18:541][ 89]LogModuleManager: Shutting down and abandoning module EditableMesh (388)
[2019.05.14-22.47.18:542][ 89]LogModuleManager: Shutting down and abandoning module CustomMeshComponent (386)
[2019.05.14-22.47.18:542][ 89]LogModuleManager: Shutting down and abandoning module CableComponent (384)
[2019.05.14-22.47.18:542][ 89]LogModuleManager: Shutting down and abandoning module AudioCapture (382)
[2019.05.14-22.47.18:542][ 89]LogModuleManager: Shutting down and abandoning module ArchVisCharacter (380)
[2019.05.14-22.47.18:542][ 89]LogModuleManager: Shutting down and abandoning module AndroidPermission (378)
[2019.05.14-22.47.18:542][ 89]LogModuleManager: Shutting down and abandoning module NUTUnrealEngine4 (376)
[2019.05.14-22.47.18:542][ 89]LogModuleManager: Shutting down and abandoning module NetcodeUnitTest (374)
[2019.05.14-22.47.18:542][ 89]LogModuleManager: Shutting down and abandoning module MediaCompositingEditor (372)
[2019.05.14-22.47.18:542][ 89]LogModuleManager: Shutting down and abandoning module MediaCompositing (370)
[2019.05.14-22.47.18:542][ 89]LogModuleManager: Shutting down and abandoning module LinearTimecode (368)
[2019.05.14-22.47.18:542][ 89]LogModuleManager: Shutting down and abandoning module ImgMedia (366)
[2019.05.14-22.47.18:547][ 89]LogModuleManager: Shutting down and abandoning module HTML5Networking (364)
[2019.05.14-22.47.18:547][ 89]LogModuleManager: Shutting down and abandoning module GeometryCacheTracks (362)
[2019.05.14-22.47.18:547][ 89]LogModuleManager: Shutting down and abandoning module GeometryCacheSequencer (360)
[2019.05.14-22.47.18:547][ 89]LogModuleManager: Shutting down and abandoning module BackChannel (358)
[2019.05.14-22.47.18:547][ 89]LogModuleManager: Shutting down and abandoning module AppleVision (356)
[2019.05.14-22.47.18:547][ 89]LogModuleManager: Shutting down and abandoning module AppleImageUtils (354)
[2019.05.14-22.47.18:547][ 89]LogModuleManager: Shutting down and abandoning module AlembicImporter (352)
[2019.05.14-22.47.18:547][ 89]LogModuleManager: Shutting down and abandoning module AlembicLibrary (351)
[2019.05.14-22.47.18:547][ 89]LogModuleManager: Shutting down and abandoning module GeometryCache (350)
[2019.05.14-22.47.18:547][ 89]LogModuleManager: Shutting down and abandoning module GeometryCacheEd (349)
[2019.05.14-22.47.18:547][ 89]LogModuleManager: Shutting down and abandoning module DatasmithContentEditor (344)
[2019.05.14-22.47.18:554][ 89]LogModuleManager: Shutting down and abandoning module DatasmithContent (342)
[2019.05.14-22.47.18:554][ 89]LogModuleManager: Shutting down and abandoning module SpeedTreeImporter (340)
[2019.05.14-22.47.18:554][ 89]LogModuleManager: Shutting down and abandoning module PluginBrowser (338)
[2019.05.14-22.47.18:581][ 89]LogModuleManager: Shutting down and abandoning module MobileLauncherProfileWizard (336)
[2019.05.14-22.47.18:593][ 89]LogModuleManager: Shutting down and abandoning module PolygonModeling (334)
[2019.05.14-22.47.18:593][ 89]LogModuleManager: Shutting down and abandoning module MeshEditor (332)
[2019.05.14-22.47.18:602][ 89]LogModuleManager: Shutting down and abandoning module CryptoKeysOpenSSL (330)
[2019.05.14-22.47.18:603][ 89]LogModuleManager: Shutting down and abandoning module CryptoKeys (328)
[2019.05.14-22.47.18:603][ 89]LogModuleManager: Shutting down and abandoning module VisualStudioSourceCodeAccess (326)
[2019.05.14-22.47.18:603][ 89]LogModuleManager: Shutting down and abandoning module VisualStudioCodeSourceCodeAccess (324)
[2019.05.14-22.47.18:603][ 89]LogModuleManager: Shutting down and abandoning module UObjectPlugin (322)
[2019.05.14-22.47.18:603][ 89]LogModuleManager: Shutting down and abandoning module SubversionSourceControl (320)
[2019.05.14-22.47.18:603][ 89]LogModuleManager: Shutting down and abandoning module PerforceSourceControl (318)
[2019.05.14-22.47.18:603][ 89]LogModuleManager: Shutting down and abandoning module GitSourceControl (316)
[2019.05.14-22.47.18:618][ 89]LogModuleManager: Shutting down and abandoning module SourceControl (315)
[2019.05.14-22.47.18:619][ 89]LogModuleManager: Shutting down and abandoning module CLionSourceCodeAccess (312)
[2019.05.14-22.47.18:619][ 89]LogModuleManager: Shutting down and abandoning module LightPropagationVolumeEditor (310)
[2019.05.14-22.47.18:619][ 89]LogModuleManager: Shutting down and abandoning module PaperTiledImporter (308)
[2019.05.14-22.47.18:619][ 89]LogModuleManager: Shutting down and abandoning module PaperSpriteSheetImporter (306)
[2019.05.14-22.47.18:619][ 89]LogModuleManager: Shutting down and abandoning module Paper2DEditor (304)
[2019.05.14-22.47.18:663][ 89]LogModuleManager: Shutting down and abandoning module MeshPaint (303)
[2019.05.14-22.47.18:687][ 89]LogModuleManager: Shutting down and abandoning module RuntimePhysXCooking (300)
[2019.05.14-22.47.18:687][ 89]LogModuleManager: Shutting down and abandoning module PhysXVehiclesEditor (298)
[2019.05.14-22.47.18:687][ 89]LogModuleManager: Shutting down and abandoning module PhysXVehicles (296)
[2019.05.14-22.47.18:687][ 89]LogModuleManager: Shutting down and abandoning module OculusEditor (294)
[2019.05.14-22.47.18:696][ 89]LogModuleManager: Shutting down and abandoning module LocationServicesBPLibrary (292)
[2019.05.14-22.47.18:697][ 89]LogModuleManager: Shutting down and abandoning module ImmediatePhysicsEditor (290)
[2019.05.14-22.47.18:697][ 89]LogModuleManager: Shutting down and abandoning module ImmediatePhysics (288)
[2019.05.14-22.47.18:697][ 89]LogModuleManager: Shutting down and abandoning module ActorSequence (286)
[2019.05.14-22.47.18:697][ 89]LogModuleManager: Shutting down and abandoning module UdpMessaging (284)
[2019.05.14-22.47.18:798][ 89]LogModuleManager: Shutting down and abandoning module TcpMessaging (282)
[2019.05.14-22.47.18:899][ 89]LogModuleManager: Shutting down and abandoning module MagicLeapAudio (280)
[2019.05.14-22.47.18:899][ 89]LogModuleManager: Shutting down and abandoning module GameplayTagsEditor (278)
[2019.05.14-22.47.18:899][ 89]LogModuleManager: Shutting down and abandoning module FacialAnimationEditor (276)
[2019.05.14-22.47.18:899][ 89]LogModuleManager: Shutting down and abandoning module FacialAnimation (274)
[2019.05.14-22.47.18:899][ 89]LogModuleManager: Shutting down and abandoning module DataValidation (272)
[2019.05.14-22.47.18:899][ 89]LogModuleManager: Shutting down and abandoning module AssetManagerEditor (270)
[2019.05.14-22.47.18:899][ 89]LogModuleManager: Shutting down and abandoning module LevelEditor (269)
[2019.05.14-22.47.18:933][ 89]LogModuleManager: Shutting down and abandoning module PixelInspectorModule (268)
[2019.05.14-22.47.18:942][ 89]LogModuleManager: Shutting down and abandoning module CommonMenuExtensions (266)
[2019.05.14-22.47.18:944][ 89]LogModuleManager: Shutting down and abandoning module MainFrame (264)
[2019.05.14-22.47.18:955][ 89]LogModuleManager: Shutting down and abandoning module HotReload (263)
[2019.05.14-22.47.18:956][ 89]LogModuleManager: Shutting down and abandoning module ContentBrowser (259)
[2019.05.14-22.47.18:960][ 89]LogModuleManager: Shutting down and abandoning module TreeMap (257)
[2019.05.14-22.47.18:960][ 89]LogModuleManager: Shutting down and abandoning module LightPropagationVolumeRuntime (254)
[2019.05.14-22.47.18:960][ 89]LogModuleManager: Shutting down and abandoning module AISupportModule (252)
[2019.05.14-22.47.18:960][ 89]LogModuleManager: Shutting down and abandoning module Paper2D (250)
[2019.05.14-22.47.18:960][ 89]LogModuleManager: Shutting down and abandoning module WindowsMoviePlayer (248)
[2019.05.14-22.47.18:960][ 89]LogModuleManager: Shutting down and abandoning module WmfMedia (246)
[2019.05.14-22.47.18:965][ 89]LogModuleManager: Shutting down and abandoning module Media (245)
[2019.05.14-22.47.18:971][ 89]LogModuleManager: Shutting down and abandoning module PacketHandler (242)
[2019.05.14-22.47.18:971][ 89]LogModuleManager: Shutting down and abandoning module ClothingSystemEditor (240)
[2019.05.14-22.47.18:971][ 89]LogModuleManager: Shutting down and abandoning module ClothingSystemRuntime (238)
[2019.05.14-22.47.18:971][ 89]LogModuleManager: Shutting down and abandoning module MediaAssets (236)
[2019.05.14-22.47.18:971][ 89]LogModuleManager: Shutting down and abandoning module Overlay (234)
[2019.05.14-22.47.18:971][ 89]LogModuleManager: Shutting down and abandoning module OverlayEditor (233)
[2019.05.14-22.47.18:971][ 89]LogModuleManager: Shutting down and abandoning module VREditor (230)
[2019.05.14-22.47.18:971][ 89]LogModuleManager: Shutting down and abandoning module StringTableEditor (228)
[2019.05.14-22.47.18:971][ 89]LogModuleManager: Shutting down and abandoning module GameplayTasksEditor (226)
[2019.05.14-22.47.18:971][ 89]LogModuleManager: Shutting down and abandoning module BehaviorTreeEditor (224)
[2019.05.14-22.47.18:971][ 89]LogModuleManager: Shutting down and abandoning module FunctionalTesting (222)
[2019.05.14-22.47.18:971][ 89]LogModuleManager: Shutting down and abandoning module CollisionAnalyzer (220)
[2019.05.14-22.47.18:972][ 89]LogModuleManager: Shutting down and abandoning module WorkspaceMenuStructure (219)
[2019.05.14-22.47.18:972][ 89]LogModuleManager: Shutting down and abandoning module UMG (216)
[2019.05.14-22.47.18:972][ 89]LogModuleManager: Shutting down and abandoning module UMGEditor (215)
[2019.05.14-22.47.18:972][ 89]LogModuleManager: Shutting down and abandoning module Sequencer (214)
[2019.05.14-22.47.18:993][ 89]LogModuleManager: Shutting down and abandoning module MessageLog (211)
[2019.05.14-22.47.18:993][ 89]LogModuleManager: Shutting down and abandoning module SlateReflector (206)
[2019.05.14-22.47.18:993][ 89]LogModuleManager: Shutting down and abandoning module Slate (204)
[2019.05.14-22.47.18:993][ 89]LogModuleManager: Shutting down and abandoning module EditorStyle (202)
[2019.05.14-22.47.18:997][ 89]LogModuleManager: Shutting down and abandoning module MRMesh (200)
[2019.05.14-22.47.18:997][ 89]LogModuleManager: Shutting down and abandoning module SourceCodeAccess (198)
[2019.05.14-22.47.18:997][ 89]LogModuleManager: Shutting down and abandoning module HeadMountedDisplay (196)
[2019.05.14-22.47.18:997][ 89]LogModuleManager: Shutting down and abandoning module XAudio2 (194)
[2019.05.14-22.47.18:997][ 89]LogModuleManager: Shutting down and abandoning module Networking (192)
[2019.05.14-22.47.18:997][ 89]LogModuleManager: Shutting down and abandoning module Core (190)
[2019.05.14-22.47.18:997][ 89]LogModuleManager: Shutting down and abandoning module LevelSequence (188)
[2019.05.14-22.47.18:997][ 89]LogModuleManager: Shutting down and abandoning module KismetCompiler (186)
[2019.05.14-22.47.18:997][ 89]LogModuleManager: Shutting down and abandoning module MeshUtilities (184)
[2019.05.14-22.47.18:997][ 89]LogModuleManager: Shutting down and abandoning module MeshMergeUtilities (183)
[2019.05.14-22.47.18:997][ 89]LogModuleManager: Shutting down and abandoning module MeshReductionInterface (182)
[2019.05.14-22.47.18:997][ 89]LogModuleManager: Shutting down and abandoning module SimplygonSwarm (181)
[2019.05.14-22.47.18:997][ 89]LogModuleManager: Shutting down and abandoning module ProxyLODMeshReduction (179)
[2019.05.14-22.47.18:997][ 89]LogModuleManager: Shutting down and abandoning module SimplygonMeshReduction (177)
[2019.05.14-22.47.18:997][ 89]LogModuleManager: Shutting down and abandoning module QuadricMeshReduction (175)
[2019.05.14-22.47.18:997][ 89]LogModuleManager: Shutting down and abandoning module MaterialBaking (171)
[2019.05.14-22.47.18:997][ 89]LogModuleManager: Shutting down and abandoning module DirectoryWatcher (167)
[2019.05.14-22.47.18:999][ 89]LogModuleManager: Shutting down and abandoning module DerivedDataCache (164)
[2019.05.14-22.47.19:036][ 89]LogDerivedDataCache: Shutdown
[2019.05.14-22.47.19:036][ 89]LogModuleManager: Shutting down and abandoning module XGEController (162)
[2019.05.14-22.47.19:036][ 89]LogXGEController: Cleaning working directory: C:/Users/Thai/AppData/Local/Temp/UnrealXGEWorkingDir/
[2019.05.14-22.47.19:037][ 89]LogModuleManager: Shutting down and abandoning module TargetPlatform (160)
[2019.05.14-22.47.19:037][ 89]LogModuleManager: Shutting down and abandoning module VulkanShaderFormat (159)
[2019.05.14-22.47.19:037][ 89]LogModuleManager: Shutting down and abandoning module ShaderFormatVectorVM (157)
[2019.05.14-22.47.19:037][ 89]LogModuleManager: Shutting down and abandoning module ShaderFormatOpenGL (155)
[2019.05.14-22.47.19:037][ 89]LogModuleManager: Shutting down and abandoning module ShaderFormatD3D (153)
[2019.05.14-22.47.19:037][ 89]LogModuleManager: Shutting down and abandoning module MetalShaderFormat (151)
[2019.05.14-22.47.19:038][ 89]LogModuleManager: Shutting down and abandoning module TextureFormatUncompressed (149)
[2019.05.14-22.47.19:038][ 89]LogModuleManager: Shutting down and abandoning module TextureFormatPVR (147)
[2019.05.14-22.47.19:038][ 89]LogModuleManager: Shutting down and abandoning module TextureFormatDXT (145)
[2019.05.14-22.47.19:038][ 89]LogModuleManager: Shutting down and abandoning module TextureFormatIntelISPCTexComp (143)
[2019.05.14-22.47.19:038][ 89]LogModuleManager: Shutting down and abandoning module TextureFormatASTC (141)
[2019.05.14-22.47.19:038][ 89]LogModuleManager: Shutting down and abandoning module ImageWrapper (140)
[2019.05.14-22.47.19:038][ 89]LogModuleManager: Shutting down and abandoning module TextureFormatAndroid (137)
[2019.05.14-22.47.19:038][ 89]LogModuleManager: Shutting down and abandoning module AudioFormatOpus (135)
[2019.05.14-22.47.19:038][ 89]LogModuleManager: Shutting down and abandoning module AudioFormatOgg (133)
[2019.05.14-22.47.19:038][ 89]LogModuleManager: Shutting down and abandoning module AudioFormatADPCM (131)
[2019.05.14-22.47.19:038][ 89]LogModuleManager: Shutting down and abandoning module LuminTargetPlatform (129)
[2019.05.14-22.47.19:085][ 89]LogModuleManager: Shutting down and abandoning module LinuxTargetPlatform (127)
[2019.05.14-22.47.19:085][ 89]LogModuleManager: Shutting down and abandoning module LinuxServerTargetPlatform (125)
[2019.05.14-22.47.19:166][ 89]LogModuleManager: Shutting down and abandoning module LinuxNoEditorTargetPlatform (123)
[2019.05.14-22.47.19:190][ 89]LogModuleManager: Shutting down and abandoning module LinuxClientTargetPlatform (121)
[2019.05.14-22.47.19:229][ 89]LogModuleManager: Shutting down and abandoning module TVOSTargetPlatform (119)
[2019.05.14-22.47.19:387][ 89]LogModuleManager: Shutting down and abandoning module Messaging (117)
[2019.05.14-22.47.19:387][ 89]LogModuleManager: Shutting down and abandoning module IOSTargetPlatform (115)
[2019.05.14-22.47.19:400][ 89]LogModuleManager: Shutting down and abandoning module HTML5TargetPlatform (113)
[2019.05.14-22.47.19:400][ 89]LogModuleManager: Shutting down and abandoning module AndroidTargetPlatform (111)
[2019.05.14-22.47.19:515][ 89]LogModuleManager: Shutting down and abandoning module WindowsTargetPlatform (109)
[2019.05.14-22.47.19:515][ 89]LogModuleManager: Shutting down and abandoning module WindowsServerTargetPlatform (107)
[2019.05.14-22.47.19:515][ 89]LogModuleManager: Shutting down and abandoning module WindowsNoEditorTargetPlatform (105)
[2019.05.14-22.47.19:515][ 89]LogModuleManager: Shutting down and abandoning module WindowsClientTargetPlatform (103)
[2019.05.14-22.47.19:515][ 89]LogModuleManager: Shutting down and abandoning module MacTargetPlatform (101)
[2019.05.14-22.47.19:515][ 89]LogModuleManager: Shutting down and abandoning module MacServerTargetPlatform (99)
[2019.05.14-22.47.19:515][ 89]LogModuleManager: Shutting down and abandoning module MacNoEditorTargetPlatform (97)
[2019.05.14-22.47.19:515][ 89]LogModuleManager: Shutting down and abandoning module MacClientTargetPlatform (95)
[2019.05.14-22.47.19:515][ 89]LogModuleManager: Shutting down and abandoning module AllDesktopTargetPlatform (93)
[2019.05.14-22.47.19:515][ 89]LogModuleManager: Shutting down and abandoning module InputCore (90)
[2019.05.14-22.47.19:515][ 89]LogModuleManager: Shutting down and abandoning module Settings (88)
[2019.05.14-22.47.19:516][ 89]LogModuleManager: Shutting down and abandoning module PhysXCooking (86)
[2019.05.14-22.47.19:516][ 89]LogModuleManager: Shutting down and abandoning module SteamVR (84)
[2019.05.14-22.47.19:516][ 89]LogModuleManager: Shutting down and abandoning module OculusHMD (82)
[2019.05.14-22.47.19:516][ 89]LogModuleManager: Shutting down and abandoning module ExampleDeviceProfileSelector (80)
[2019.05.14-22.47.19:516][ 89]LogModuleManager: Shutting down and abandoning module LauncherChunkInstaller (78)
[2019.05.14-22.47.19:516][ 89]LogModuleManager: Shutting down and abandoning module OnlineBlueprintSupport (76)
[2019.05.14-22.47.19:516][ 89]LogModuleManager: Shutting down and abandoning module OnlineSubsystem (72)
[2019.05.14-22.47.19:517][ 89]LogModuleManager: Shutting down and abandoning module XMPP (65)
[2019.05.14-22.47.19:517][ 89]LogModuleManager: Shutting down and abandoning module WebSockets (64)
[2019.05.14-22.47.19:539][ 89]LogModuleManager: Shutting down and abandoning module HTTP (61)
[2019.05.14-22.47.19:539][ 89]LogHttp: Display: Http module shutting down, but needs to wait on 1 outstanding Http requests:
[2019.05.14-22.47.19:539][ 89]LogHttp: Display: 	verb=[POST] url=[https://datarouter.ol.epicgames.com/datarouter/api/v1/public/data?SessionID=%7BBF39BAF6-4263-30D9-3934-EF828670E898%7D&AppID=UEEditor.Rocket.Release&AppVersion=4.20.3-4369336%2B%2B%2BUE4%2BRelease-4.20&UserID=6e38db334cc496710e5643a24f0154f6%7Cab87705aaca34a649380b6f0fc866cfa%7Cb4c745c7-d7bd-42a4-a972-d2c2dd3e3dae&AppEnvironment=datacollector-binary&UploadType=eteventstream] status=Processing
[2019.05.14-22.47.19:554][ 89]LogModuleManager: Shutting down and abandoning module SSL (60)
[2019.05.14-22.47.19:556][ 89]LogModuleManager: Shutting down and abandoning module MagicLeapEmulator (56)
[2019.05.14-22.47.19:556][ 89]LogModuleManager: Shutting down and abandoning module MagicLeapPrivileges (54)
[2019.05.14-22.47.19:556][ 89]LogModuleManager: Shutting down and abandoning module MagicLeapIdentity (52)
[2019.05.14-22.47.19:556][ 89]LogModuleManager: Shutting down and abandoning module MagicLeapHelperVulkan (50)
[2019.05.14-22.47.19:556][ 89]LogModuleManager: Shutting down and abandoning module MagicLeapHelperOpenGL (48)
[2019.05.14-22.47.19:556][ 89]LogModuleManager: Shutting down and abandoning module MagicLeapSecureStorage (46)
[2019.05.14-22.47.19:556][ 89]LogModuleManager: Shutting down and abandoning module MagicLeapGestures (44)
[2019.05.14-22.47.19:556][ 89]LogModuleManager: Shutting down and abandoning module MagicLeapEyeTracker (42)
[2019.05.14-22.47.19:556][ 89]LogModuleManager: Shutting down and abandoning module MagicLeapController (40)
[2019.05.14-22.47.19:556][ 89]LogSlate: Slate User Destroyed.  User Index 0, Is Virtual User: 0
[2019.05.14-22.47.19:557][ 89]LogModuleManager: Shutting down and abandoning module MagicLeap (38)
[2019.05.14-22.47.19:557][ 89]LogModuleManager: Shutting down and abandoning module AnimationModifiers (36)
[2019.05.14-22.47.19:557][ 89]LogModuleManager: Shutting down and abandoning module PropertyEditor (35)
[2019.05.14-22.47.19:557][ 89]LogModuleManager: Shutting down and abandoning module AudioEditor (32)
[2019.05.14-22.47.19:557][ 89]LogModuleManager: Shutting down and abandoning module TextureCompressor (30)
[2019.05.14-22.47.19:557][ 89]LogModuleManager: Shutting down and abandoning module ShaderCore (28)
[2019.05.14-22.47.19:557][ 89]LogModuleManager: Shutting down and abandoning module Landscape (26)
[2019.05.14-22.47.19:557][ 89]LogModuleManager: Shutting down and abandoning module SlateRHIRenderer (24)
[2019.05.14-22.47.19:560][ 89]LogModuleManager: Shutting down and abandoning module OpenGLDrv (22)
[2019.05.14-22.47.19:560][ 89]LogModuleManager: Shutting down and abandoning module D3D11RHI (20)
[2019.05.14-22.47.19:560][ 89]LogModuleManager: Shutting down and abandoning module AnimGraphRuntime (18)
[2019.05.14-22.47.19:560][ 89]LogModuleManager: Shutting down and abandoning module Renderer (16)
[2019.05.14-22.47.19:560][ 89]LogModuleManager: Shutting down and abandoning module Engine (14)
[2019.05.14-22.47.19:560][ 89]LogModuleManager: Shutting down and abandoning module CoreUObject (12)
[2019.05.14-22.47.19:561][ 89]LogModuleManager: Shutting down and abandoning module NetworkFile (10)
[2019.05.14-22.47.19:561][ 89]LogModuleManager: Shutting down and abandoning module CookedIterativeFile (8)
[2019.05.14-22.47.19:561][ 89]LogModuleManager: Shutting down and abandoning module StreamingFile (6)
[2019.05.14-22.47.19:561][ 89]LogModuleManager: Shutting down and abandoning module SandboxFile (4)
[2019.05.14-22.47.19:561][ 89]LogModuleManager: Shutting down and abandoning module PakFile (2)
[2019.05.14-22.47.19:568][ 89]LogExit: Exiting.
[2019.05.14-22.47.19:595][ 89]Log file closed, 05/14/19 23:47:19
