Log file open, 05/14/19 17:37:41
LogWindows: Failed to load 'aqProf.dll' (GetLastError=126)
LogWindows: File 'aqProf.dll' does not exist
LogWindows: Failed to load 'VtuneApi.dll' (GetLastError=126)
LogWindows: File 'VtuneApi.dll' does not exist
LogWindows: Failed to load 'VtuneApi32e.dll' (GetLastError=126)
LogWindows: File 'VtuneApi32e.dll' does not exist
LogInit: Display: Running engine for game: ThisIsMyRock_Demo
LogPlatformFile: Not using cached read wrapper
LogTaskGraph: Started task graph with 5 named threads and 23 total threads with 3 sets of task threads.
LogStats: Stats thread started at 0.295377
LogD3D11RHI: Loaded GFSDK_Aftermath_Lib.x64.dll
LogICUInternationalization: Display: ICU TimeZone Detection - Raw Offset: +0:00, Platform Override: ''
LogPluginManager: Mounting plugin Paper2D
LogPluginManager: Mounting plugin AISupport
LogPluginManager: Mounting plugin LightPropagationVolume
LogPluginManager: Mounting plugin CLionSourceCodeAccess
LogPluginManager: Mounting plugin CodeLiteSourceCodeAccess
LogPluginManager: Mounting plugin GitSourceControl
LogPluginManager: Mounting plugin KDevelopSourceCodeAccess
LogPluginManager: Mounting plugin NullSourceCodeAccess
LogPluginManager: Mounting plugin PerforceSourceControl
LogPluginManager: Mounting plugin SubversionSourceControl
LogPluginManager: Mounting plugin UObjectPlugin
LogPluginManager: Mounting plugin VisualStudioCodeSourceCodeAccess
LogPluginManager: Mounting plugin VisualStudioSourceCodeAccess
LogPluginManager: Mounting plugin XCodeSourceCodeAccess
LogPluginManager: Mounting plugin AssetManagerEditor
LogPluginManager: Mounting plugin CryptoKeys
LogPluginManager: Mounting plugin DataValidation
LogPluginManager: Mounting plugin FacialAnimation
LogPluginManager: Mounting plugin GameplayTagsEditor
LogPluginManager: Mounting plugin MacGraphicsSwitching
LogPluginManager: Mounting plugin MeshEditor
LogPluginManager: Mounting plugin MobileLauncherProfileWizard
LogPluginManager: Mounting plugin PluginBrowser
LogPluginManager: Mounting plugin SpeedTreeImporter
LogPluginManager: Mounting plugin DatasmithContent
LogPluginManager: Mounting plugin AlembicImporter
LogPluginManager: Mounting plugin AppleImageUtils
LogPluginManager: Mounting plugin AppleVision
LogPluginManager: Mounting plugin BackChannel
LogPluginManager: Mounting plugin CharacterAI
LogPluginManager: Mounting plugin GeometryCache
LogPluginManager: Mounting plugin HTML5Networking
LogPluginManager: Mounting plugin ProxyLODPlugin
LogPluginManager: Mounting plugin MagicLeap
LogPluginManager: Mounting plugin MagicLeapEmulator
LogPluginManager: Mounting plugin MagicLeapMedia
LogPluginManager: Mounting plugin AndroidMedia
LogPluginManager: Mounting plugin AvfMedia
LogPluginManager: Mounting plugin ImgMedia
LogPluginManager: Mounting plugin LinearTimecode
LogPluginManager: Mounting plugin MediaCompositing
LogPluginManager: Mounting plugin MediaPlayerEditor
LogPluginManager: Mounting plugin WmfMedia
LogPluginManager: Mounting plugin TcpMessaging
LogPluginManager: Mounting plugin UdpMessaging
LogPluginManager: Mounting plugin ActorSequence
LogPluginManager: Mounting plugin LevelSequenceEditor
LogPluginManager: Mounting plugin MatineeToLevelSequence
LogPluginManager: Mounting plugin NetcodeUnitTest
LogPluginManager: Mounting plugin NUTUnrealEngine4
LogPluginManager: Mounting plugin OnlineSubsystemGooglePlay
LogPluginManager: Mounting plugin OnlineSubsystemIOS
LogPluginManager: Mounting plugin OnlineSubsystem
LogPluginManager: Mounting plugin OnlineSubsystemNull
LogPluginManager: Mounting plugin OnlineSubsystemUtils
LogPluginManager: Mounting plugin LauncherChunkInstaller
LogPluginManager: Mounting plugin AndroidDeviceProfileSelector
LogPluginManager: Mounting plugin AndroidMoviePlayer
LogPluginManager: Mounting plugin AndroidPermission
LogPluginManager: Mounting plugin AppleMoviePlayer
LogPluginManager: Mounting plugin ArchVisCharacter
LogPluginManager: Mounting plugin AudioCapture
LogPluginManager: Mounting plugin CableComponent
LogPluginManager: Mounting plugin CustomMeshComponent
LogPluginManager: Mounting plugin EditableMesh
LogPluginManager: Mounting plugin ExampleDeviceProfileSelector
LogPluginManager: Mounting plugin GoogleCloudMessaging
LogPluginManager: Mounting plugin ImmediatePhysics
LogPluginManager: Mounting plugin IOSDeviceProfileSelector
LogPluginManager: Mounting plugin LinuxDeviceProfileSelector
LogPluginManager: Mounting plugin LocationServicesBPLibrary
LogPluginManager: Mounting plugin MobilePatchingUtils
LogPluginManager: Mounting plugin OculusVR
LogPluginManager: Plugin shader directory ../../../Engine/Plugins/Runtime/Oculus/OculusVR/Shaders found
LogPluginManager: Mapping shader source directory ../../../Engine/Plugins/Runtime/Oculus/OculusVR/Shaders to virtual directory /Plugin/OculusVR
LogPluginManager: Mounting plugin PhysXVehicles
LogPluginManager: Mounting plugin ProceduralMeshComponent
LogPluginManager: Mounting plugin RuntimePhysXCooking
LogPluginManager: Mounting plugin SteamVR
LogPluginManager: Mounting plugin WindowsMoviePlayer
LogStreaming: Display: Took  0.104s to configure plugins.
LogInit: Using libcurl 7.55.1-DEV
LogInit:  - built for x86_64-pc-win32
LogInit:  - supports SSL with OpenSSL/1.0.2h
LogInit:  - supports HTTP deflate (compression) using libz 1.2.8
LogInit:  - other features:
LogInit:      CURL_VERSION_SSL
LogInit:      CURL_VERSION_LIBZ
LogInit:      CURL_VERSION_IPV6
LogInit:      CURL_VERSION_ASYNCHDNS
LogInit:      CURL_VERSION_LARGEFILE
LogInit:      CURL_VERSION_IDN
LogInit:  CurlRequestOptions (configurable via config and command line):
LogInit:  - bVerifyPeer = false  - Libcurl will NOT verify peer certificate
LogInit:  - bUseHttpProxy = false  - Libcurl will NOT use HTTP proxy
LogInit:  - bDontReuseConnections = false  - Libcurl will reuse connections
LogInit:  - CertBundlePath = nullptr  - Libcurl will use whatever was configured at build time.
LogInit:  - MaxHostConnections = 16  - Libcurl will limit the number of connections to a host
LogInit:  - LocalHostAddr = Default
LogInit:  - BufferSize = 65536
LogModuleManager: Warning: ModuleManager: Unable to load module 'OnlineSubsystemSteam'  - 0 instances of that module name found.
LogInit: WinSock: version 1.1 (2.2), MaxSocks=32767, MaxUdp=65467
LogInit: Build: ++UE4+Release-4.20-CL-4369336
LogInit: Engine Version: 4.20.3-4369336+++UE4+Release-4.20
LogInit: Compatible Engine Version: 4.20.0-4212847+++UE4+Release-4.20
LogInit: Net CL: 4212847
LogInit: OS: Windows 10 (), CPU: Intel(R) Core(TM) i7-4790 CPU @ 3.60GHz, GPU: NVIDIA GeForce GTX 980 Ti
LogInit: Compiled (64-bit): Sep 17 2018 12:26:19
LogInit: Compiled with Visual C++: 19.13.26129.00
LogInit: Build Configuration: Development
LogInit: Branch Name: ++UE4+Release-4.20
LogInit: Command Line:  
LogInit: Base Directory: C:/Program Files/Epic Games/UE_4.20/Engine/Binaries/Win64/
LogInit: Installed Engine Build: 1
LogDevObjectVersion: Number of dev versions registered: 20
LogDevObjectVersion:   Dev-Blueprints (B0D832E4-1F89-4F0D-ACCF-7EB736FD4AA2): 10
LogDevObjectVersion:   Dev-Build (E1C64328-A22C-4D53-A36C-8E866417BD8C): 0
LogDevObjectVersion:   Dev-Core (375EC13C-06E4-48FB-B500-84F0262A717E): 2
LogDevObjectVersion:   Dev-Editor (E4B068ED-F494-42E9-A231-DA0B2E46BB41): 24
LogDevObjectVersion:   Dev-Framework (CFFC743F-43B0-4480-9391-14DF171D2073): 34
LogDevObjectVersion:   Dev-Mobile (B02B49B5-BB20-44E9-A304-32B752E40360): 2
LogDevObjectVersion:   Dev-Networking (A4E4105C-59A1-49B5-A7C5-40C4547EDFEE): 0
LogDevObjectVersion:   Dev-Online (39C831C9-5AE6-47DC-9A44-9C173E1C8E7C): 0
LogDevObjectVersion:   Dev-Physics (78F01B33-EBEA-4F98-B9B4-84EACCB95AA2): 0
LogDevObjectVersion:   Dev-Platform (6631380F-2D4D-43E0-8009-CF276956A95A): 0
LogDevObjectVersion:   Dev-Rendering (12F88B9F-8875-4AFC-A67C-D90C383ABD29): 26
LogDevObjectVersion:   Dev-Sequencer (7B5AE74C-D270-4C10-A958-57980B212A5A): 9
LogDevObjectVersion:   Dev-VR (D7296918-1DD6-4BDD-9DE2-64A83CC13884): 2
LogDevObjectVersion:   Dev-LoadTimes (C2A15278-BFE7-4AFE-6C17-90FF531DF755): 1
LogDevObjectVersion:   Private-Geometry (6EACA3D4-40EC-4CC1-B786-8BED09428FC5): 3
LogDevObjectVersion:   Dev-AnimPhys (29E575DD-E0A3-4627-9D10-D276232CDCEA): 17
LogDevObjectVersion:   Dev-ReflectionCapture (6B266CEC-1EC7-4B8F-A30B-E4D90942FC07): 1
LogDevObjectVersion:   Dev-Automation (0DF73D61-A23F-47EA-B727-89E90C41499A): 1
LogDevObjectVersion:   FortniteMain (601D1886-AC64-4F84-AA16-D3DE0DEAC7D6): 12
LogDevObjectVersion:   Dev-Enterprise (9DFFBCD6-494F-0158-E221-12823C92A888): 1
LogStreaming: Display: Took  0.004s to delete old logs.
LogInit: Presizing for max 8388607 objects, including 0 objects not considered by GC, pre-allocating 0 bytes for permanent pool.
LogInit: Object subsystem initialized
[2019.05.14-16.37.41:445][  0]LogInit: Selected Device Profile: [Windows]
[2019.05.14-16.37.41:445][  0]LogInit: Applying CVar settings loaded from the selected device profile: [Windows]
[2019.05.14-16.37.41:460][  0]LogHAL: Display: Platform has ~ 16 GB [17116696576 / 17179869184 / 16], which maps to Larger [LargestMinGB=32, LargerMinGB=12, DefaultMinGB=8, SmallerMinGB=6, SmallestMinGB=0)
[2019.05.14-16.37.41:460][  0]LogInit: Setting Device Profile CVar: [[r.Vulkan.UseRealUBs:1]]
[2019.05.14-16.37.41:460][  0]LogInit: Going up to parent DeviceProfile []
[2019.05.14-16.37.41:460][  0]LogInit: Computer: VIGOR-VANQUISH
[2019.05.14-16.37.41:460][  0]LogInit: User: James
[2019.05.14-16.37.41:460][  0]LogInit: CPU Page size=4096, Cores=4
[2019.05.14-16.37.41:460][  0]LogInit: High frequency timer resolution =3.514607 MHz
[2019.05.14-16.37.41:461][  0]LogMemory: Memory total: Physical=15.9GB (16GB approx)
[2019.05.14-16.37.41:461][  0]LogMemory: Platform Memory Stats for Windows
[2019.05.14-16.37.41:461][  0]LogMemory: Process Physical Memory: 107.66 MB used, 107.66 MB peak
[2019.05.14-16.37.41:461][  0]LogMemory: Process Virtual Memory: 95.58 MB used, 95.58 MB peak
[2019.05.14-16.37.41:461][  0]LogMemory: Physical Memory: 8063.88 MB used,  8259.88 MB free, 16323.75 MB total
[2019.05.14-16.37.41:461][  0]LogMemory: Virtual Memory: 4662.36 MB used,  8259.88 MB free, 134217728.00 MB total
[2019.05.14-16.37.41:502][  0]LogInit: Using OS detected language (en-GB).
[2019.05.14-16.37.41:502][  0]LogInit: Using OS detected locale (en-GB).
[2019.05.14-16.37.41:503][  0]LogTextLocalizationManager: No specific localization for 'en-GB' exists, so the 'en' localization will be used.
[2019.05.14-16.37.41:905][  0]LogStreaming: Display: Took  0.403s to InitEngineTextLocalization.
[2019.05.14-16.37.41:905][  0]LogInit: Setting process to per monitor DPI aware
[2019.05.14-16.37.41:962][  0]LogSlate: New Slate User Created.  User Index 0, Is Virtual User: 0
[2019.05.14-16.37.41:962][  0]LogSlate: Slate User Registered.  User Index 0, Is Virtual User: 0
[2019.05.14-16.37.42:157][  0]LogD3D11RHI: D3D11 adapters:
[2019.05.14-16.37.42:211][  0]LogD3D11RHI:    0. 'NVIDIA GeForce GTX 980 Ti' (Feature Level 11_0)
[2019.05.14-16.37.42:211][  0]LogD3D11RHI:       6097/0/8161 MB DedicatedVideo/DedicatedSystem/SharedSystem, Outputs:3, VendorId:0x10de
[2019.05.14-16.37.42:214][  0]LogD3D11RHI:    1. 'Microsoft Basic Render Driver' (Feature Level 11_0)
[2019.05.14-16.37.42:214][  0]LogD3D11RHI:       0/0/8161 MB DedicatedVideo/DedicatedSystem/SharedSystem, Outputs:0, VendorId:0x1414
[2019.05.14-16.37.42:214][  0]LogD3D11RHI: Chosen D3D11 Adapter: 0
[2019.05.14-16.37.42:220][  0]LogD3D11RHI: Creating new Direct3DDevice
[2019.05.14-16.37.42:220][  0]LogD3D11RHI:     GPU DeviceId: 0x17c8 (for the marketing name, search the web for "GPU Device Id")
[2019.05.14-16.37.42:220][  0]LogWindows: EnumDisplayDevices:
[2019.05.14-16.37.42:220][  0]LogWindows:    0. 'NVIDIA GeForce GTX 980 Ti' (P:0 D:1)
[2019.05.14-16.37.42:221][  0]LogWindows:    1. 'NVIDIA GeForce GTX 980 Ti' (P:1 D:1)
[2019.05.14-16.37.42:221][  0]LogWindows:    2. 'NVIDIA GeForce GTX 980 Ti' (P:0 D:1)
[2019.05.14-16.37.42:221][  0]LogWindows:    3. 'NVIDIA GeForce GTX 980 Ti' (P:0 D:0)
[2019.05.14-16.37.42:221][  0]LogWindows: DebugString: FoundDriverCount:4 
[2019.05.14-16.37.42:221][  0]LogD3D11RHI:     Adapter Name: NVIDIA GeForce GTX 980 Ti
[2019.05.14-16.37.42:221][  0]LogD3D11RHI:   Driver Version: 418.81 (internal:25.21.14.1881, unified:418.81)
[2019.05.14-16.37.42:221][  0]LogD3D11RHI:      Driver Date: 1-30-2019
[2019.05.14-16.37.42:221][  0]LogRHI: Texture pool is 4268 MB (70% of 6097 MB)
[2019.05.14-16.37.42:257][  0]LogD3D11RHI: Async texture creation enabled
[2019.05.14-16.37.42:277][  0]LogD3D11RHI: GPU Timing Frequency: 1000.000000 (Debug: 2 1)
[2019.05.14-16.37.42:323][  0]LogShaderCompilers: Guid format shader working directory is -34 characters bigger than the processId version (../../../../../../Users/James/Documents/GitHub/This-Is-My-Rock/ThisIsMyRock_Demo/Intermediate/Shaders/WorkingDirectory/6524/).
[2019.05.14-16.37.42:323][  0]LogShaderCompilers: Cleaned the shader compiler working directory 'C:/Users/James/AppData/Local/Temp/UnrealShaderWorkingDir/41A41E37436C4E2BDC8B01BF6A7D07A7/'.
[2019.05.14-16.37.42:743][  0]LogTemp: Display: Loaded TP AllDesktopTargetPlatform
[2019.05.14-16.37.42:756][  0]LogTemp: Display: Loaded TP MacClientTargetPlatform
[2019.05.14-16.37.42:772][  0]LogTemp: Display: Loaded TP MacNoEditorTargetPlatform
[2019.05.14-16.37.42:786][  0]LogTemp: Display: Loaded TP MacServerTargetPlatform
[2019.05.14-16.37.42:805][  0]LogTemp: Display: Loaded TP MacTargetPlatform
[2019.05.14-16.37.42:819][  0]LogTemp: Display: Loaded TP WindowsClientTargetPlatform
[2019.05.14-16.37.42:834][  0]LogTemp: Display: Loaded TP WindowsNoEditorTargetPlatform
[2019.05.14-16.37.42:848][  0]LogTemp: Display: Loaded TP WindowsServerTargetPlatform
[2019.05.14-16.37.42:856][  0]LogTemp: Display: Loaded TP WindowsTargetPlatform
[2019.05.14-16.37.42:937][  0]LogTemp: Display: Loaded TP AndroidTargetPlatform
[2019.05.14-16.37.42:937][  0]LogTemp: Display: Loaded TP AndroidTargetPlatform
[2019.05.14-16.37.42:937][  0]LogTemp: Display: Loaded TP AndroidTargetPlatform
[2019.05.14-16.37.42:937][  0]LogTemp: Display: Loaded TP AndroidTargetPlatform
[2019.05.14-16.37.42:938][  0]LogTemp: Display: Loaded TP AndroidTargetPlatform
[2019.05.14-16.37.42:938][  0]LogTemp: Display: Loaded TP AndroidTargetPlatform
[2019.05.14-16.37.42:938][  0]LogTemp: Display: Loaded TP AndroidTargetPlatform
[2019.05.14-16.37.42:938][  0]LogTemp: Display: Loaded TP AndroidTargetPlatform
[2019.05.14-16.37.42:938][  0]LogTemp: Display: Loaded TP AndroidTargetPlatform
[2019.05.14-16.37.42:938][  0]LogTemp: Display: Loaded TP AndroidTargetPlatform
[2019.05.14-16.37.42:938][  0]LogTemp: Display: Loaded TP AndroidTargetPlatform
[2019.05.14-16.37.42:938][  0]LogTemp: Display: Loaded TP AndroidTargetPlatform
[2019.05.14-16.37.42:938][  0]LogTemp: Display: Loaded TP AndroidTargetPlatform
[2019.05.14-16.37.42:938][  0]LogTemp: Display: Loaded TP AndroidTargetPlatform
[2019.05.14-16.37.42:938][  0]LogTemp: Display: Loaded TP AndroidTargetPlatform
[2019.05.14-16.37.42:938][  0]LogTemp: Display: Loaded TP AndroidTargetPlatform
[2019.05.14-16.37.42:938][  0]LogTemp: Display: Loaded TP AndroidTargetPlatform
[2019.05.14-16.37.42:938][  0]LogTemp: Display: Loaded TP AndroidTargetPlatform
[2019.05.14-16.37.42:939][  0]LogTemp: Display: Loaded TP HTML5TargetPlatform
[2019.05.14-16.37.42:999][  0]LogTemp: Display: Loaded TP IOSTargetPlatform
[2019.05.14-16.37.42:999][  0]LogTemp: Display: Loaded TP IOSTargetPlatform
[2019.05.14-16.37.43:023][  0]LogTemp: Display: Loaded TP TVOSTargetPlatform
[2019.05.14-16.37.43:023][  0]LogTemp: Display: Loaded TP TVOSTargetPlatform
[2019.05.14-16.37.43:037][  0]LogTemp: Display: Loaded TP LinuxClientTargetPlatform
[2019.05.14-16.37.43:049][  0]LogTemp: Display: Loaded TP LinuxNoEditorTargetPlatform
[2019.05.14-16.37.43:063][  0]LogTemp: Display: Loaded TP LinuxServerTargetPlatform
[2019.05.14-16.37.43:077][  0]LogTemp: Display: Loaded TP LinuxTargetPlatform
[2019.05.14-16.37.43:086][  0]LogTemp: Display: Loaded TP LuminTargetPlatform
[2019.05.14-16.37.43:086][  0]LogTargetPlatformManager: Display: Building Assets For Windows
[2019.05.14-16.37.43:166][  0]LogXGEController: Cleaning working directory: C:/Users/James/AppData/Local/Temp/UnrealXGEWorkingDir/
[2019.05.14-16.37.43:167][  0]LogXGEController: Cannot use XGE Controller as Incredibuild is not installed on this machine.
[2019.05.14-16.37.43:167][  0]LogShaderCompilers: Cannot use XGE Shader Compiler as Incredibuild is not installed on this machine.
[2019.05.14-16.37.43:167][  0]LogShaderCompilers: Display: Using Local Shader Compiler.
[2019.05.14-16.37.43:920][  0]LogDerivedDataCache: Display: Max Cache Size: 512 MB
[2019.05.14-16.37.43:973][  0]LogDerivedDataCache: Loaded boot cache 0.05s 71MB C:/Users/James/AppData/Local/UnrealEngine/4.20/DerivedDataCache/Boot.ddc.
[2019.05.14-16.37.43:973][  0]LogDerivedDataCache: Display: Loaded Boot cache: C:/Users/James/AppData/Local/UnrealEngine/4.20/DerivedDataCache/Boot.ddc
[2019.05.14-16.37.43:973][  0]LogDerivedDataCache: FDerivedDataBackendGraph:  Pak pak cache file ../../../../../../Users/James/Documents/GitHub/This-Is-My-Rock/ThisIsMyRock_Demo/DerivedDataCache/DDC.ddp not found, will not use a pak cache.
[2019.05.14-16.37.43:973][  0]LogDerivedDataCache: Unable to find inner node Pak for hierarchical cache Hierarchy.
[2019.05.14-16.37.43:974][  0]LogDerivedDataCache: FDerivedDataBackendGraph:  CompressedPak pak cache file ../../../../../../Users/James/Documents/GitHub/This-Is-My-Rock/ThisIsMyRock_Demo/DerivedDataCache/Compressed.ddp not found, will not use a pak cache.
[2019.05.14-16.37.43:974][  0]LogDerivedDataCache: Unable to find inner node CompressedPak for hierarchical cache Hierarchy.
[2019.05.14-16.37.43:989][  0]LogDerivedDataCache: Display: Pak cache opened for reading ../../../Engine/DerivedDataCache/Compressed.ddp.
[2019.05.14-16.37.44:001][  0]LogDerivedDataCache: Using Local data cache path C:/Users/James/AppData/Local/UnrealEngine/Common/DerivedDataCache: Writable
[2019.05.14-16.37.44:001][  0]LogDerivedDataCache: Shared data cache path not found in *engine.ini, will not use an Shared cache.
[2019.05.14-16.37.44:001][  0]LogDerivedDataCache: Unable to find inner node Shared for hierarchical cache Hierarchy.
[2019.05.14-16.37.44:023][  0]LogMaterial: Verifying Global Shaders for PCD3D_SM5
[2019.05.14-16.37.44:024][  0]LogSlate: Using FreeType 2.6.0
[2019.05.14-16.37.44:025][  0]LogSlate: SlateFontServices - WITH_FREETYPE: 1, WITH_HARFBUZZ: 1
[2019.05.14-16.37.44:097][  0]LogAssetRegistry: FAssetRegistry took 0.0273 seconds to start up
[2019.05.14-16.37.44:424][  0]LogInit: Selected Device Profile: [Windows]
[2019.05.14-16.37.44:556][  0]LogSimplygon: Simplygon DLL not present - disabling.
[2019.05.14-16.37.44:559][  0]LogMeshReduction: Using SimplygonSwarm for distributed automatic mesh merging
[2019.05.14-16.37.44:559][  0]LogMeshReduction: Using ProxyLODMeshReduction for automatic mesh merging
[2019.05.14-16.37.44:559][  0]LogMeshReduction: Using QuadricMeshReduction for automatic static mesh reduction
[2019.05.14-16.37.44:559][  0]LogMeshReduction: No automatic skeletal mesh reduction module available
[2019.05.14-16.37.44:585][  0]LogNetVersion: ThisIsMyRock_Demo 1.0.0, NetCL: 4212847, EngineNetVer: 5, GameNetVer: 0 (Checksum: 3098030067)
[2019.05.14-16.37.45:090][  0]LogPackageLocalizationCache: Processed 11 localized package path(s) for 2 prioritized culture(s) in 0.107864 seconds
[2019.05.14-16.37.45:096][  0]LogUObjectArray: 38425 objects as part of root set at end of initial load.
[2019.05.14-16.37.45:096][  0]LogUObjectAllocator: 6690864 out of 0 bytes used by permanent object pool.
[2019.05.14-16.37.45:096][  0]LogUObjectArray: CloseDisregardForGC: 0/0 objects in disregard for GC pool
[2019.05.14-16.37.45:927][  0]LogTcpMessaging: Initializing TcpMessaging bridge
[2019.05.14-16.37.45:941][  0]LogUdpMessaging: Initializing bridge on interface 0.0.0.0:0 to multicast group 230.0.0.1:6666.
[2019.05.14-16.37.46:086][  0]SourceControl: Source control is disabled
[2019.05.14-16.37.46:086][  0]SourceControl: Source control is disabled
[2019.05.14-16.37.46:087][  0]SourceControl: Source control is disabled
[2019.05.14-16.37.46:088][  0]SourceControl: Source control is disabled
[2019.05.14-16.37.46:253][  0]LogAndroidPermission: UAndroidPermissionCallbackProxy::GetInstance
[2019.05.14-16.37.46:387][  0]LogOcInput: OculusInput pre-init called
[2019.05.14-16.37.46:446][  0]LogEngine: Initializing Engine...
[2019.05.14-16.37.46:447][  0]LogHMD: Oculus plugin initialized. Version: 4.20.3-4369336+++UE4+Release-4.20, OVRPlugin: 1.25.0
[2019.05.14-16.37.46:449][  0]LogStats: UGameplayTagsManager::ConstructGameplayTagTree: ImportINI prefixes -  0.000 s
[2019.05.14-16.37.46:449][  0]LogStats: UGameplayTagsManager::ConstructGameplayTagTree: Construct from data asset -  0.000 s
[2019.05.14-16.37.46:449][  0]LogStats: UGameplayTagsManager::ConstructGameplayTagTree: ImportINI -  0.000 s
[2019.05.14-16.37.46:449][  0]LogStats: UGameplayTagsManager::ConstructGameplayTagTree: GameplayTagTreeChangedEvent.Broadcast -  0.000 s
[2019.05.14-16.37.46:687][  0]LogInit: Initializing FReadOnlyCVARCache
[2019.05.14-16.37.46:698][  0]LogAIModule: Creating AISystem for world Untitled
[2019.05.14-16.37.46:729][  0]LogInit: XAudio2 using 'Speakers (Realtek High Definition Audio)' : 2 channels at 48 kHz using 32 bits per sample (channel mask 0x3)
[2019.05.14-16.37.46:747][  0]LogInit: FAudioDevice initialized.
[2019.05.14-16.37.46:748][  0]LogNetVersion: Set ProjectVersion to 1.0.0.0. Version Checksum will be recalculated on next use.
[2019.05.14-16.37.47:388][  0]LogDerivedDataCache: Saved boot cache 0.64s 71MB C:/Users/James/AppData/Local/UnrealEngine/4.20/DerivedDataCache/Boot.ddc.
[2019.05.14-16.37.47:403][  0]LogInit: Texture streaming: Enabled
[2019.05.14-16.37.47:420][  0]LogEngineSessionManager: EngineSessionManager initialized
[2019.05.14-16.37.47:435][  0]LogInit: Transaction tracking system initialized
[2019.05.14-16.37.47:463][  0]BlueprintLog: New page: Editor Load
[2019.05.14-16.37.47:553][  0]LocalizationService: Localization service is disabled
[2019.05.14-16.37.47:841][  0]LogCook: Display: Max memory allowance for cook 16384mb min free memory 0mb
[2019.05.14-16.37.47:841][  0]LogCook: Display: Mobile HDR setting 1
[2019.05.14-16.37.47:841][  0]LogGameplayTags: Display: UGameplayTagsManager::DoneAddingNativeTags. DelegateIsBound: 0
[2019.05.14-16.37.47:841][  0]LogStats: UGameplayTagsManager::ConstructGameplayTagTree: ImportINI prefixes -  0.000 s
[2019.05.14-16.37.47:841][  0]LogStats: UGameplayTagsManager::ConstructGameplayTagTree: Construct from data asset -  0.000 s
[2019.05.14-16.37.47:841][  0]LogStats: UGameplayTagsManager::ConstructGameplayTagTree: ImportINI -  0.000 s
[2019.05.14-16.37.47:841][  0]LogStats: UGameplayTagsManager::ConstructGameplayTagTree: GameplayTagTreeChangedEvent.Broadcast -  0.000 s
[2019.05.14-16.37.47:847][  0]LogFileCache: Scanning file cache for directory 'C:/Users/James/Documents/GitHub/This-Is-My-Rock/ThisIsMyRock_Demo/Content/' took 0.01s
[2019.05.14-16.37.47:967][  0]SourceControl: Source control is disabled
[2019.05.14-16.37.47:967][  0]Cmd: MAP LOAD FILE="../../../../../../Users/James/Documents/GitHub/This-Is-My-Rock/ThisIsMyRock_Demo/Content/ThirdPersonBP/Maps/ThirdPersonExampleMap.umap" TEMPLATE=0 SHOWPROGRESS=1 FEATURELEVEL=3
[2019.05.14-16.37.47:967][  0]LightingResults: New page: Lighting Build
[2019.05.14-16.37.47:972][  0]MapCheck: New page: Map Check
[2019.05.14-16.37.47:972][  0]LightingResults: New page: Lighting Build
[2019.05.14-16.37.48:430][  0]LogAIModule: Creating AISystem for world ThirdPersonExampleMap
[2019.05.14-16.37.48:441][  0]LogEditorServer: Finished looking for orphan Actors (0.000 secs)
[2019.05.14-16.37.48:466][  0]Cmd: MAP CHECKDEP NOCLEARLOG
[2019.05.14-16.37.48:536][  0]MapCheck: Map check complete: 0 Error(s), 0 Warning(s), took 70.427ms to complete.
[2019.05.14-16.37.48:536][  0]LogFileHelpers: Loading map 'ThirdPersonExampleMap' took 0.570
[2019.05.14-16.37.48:681][  0]LogSlate: Updating window title bar state: overlay mode, drag disabled, window buttons hidden, title bar hidden
[2019.05.14-16.37.48:689][  0]LogSlate: Updating window title bar state: overlay mode, drag disabled, window buttons hidden, title bar hidden
[2019.05.14-16.37.48:698][  0]LogSlate: Updating window title bar state: overlay mode, drag disabled, window buttons hidden, title bar hidden
[2019.05.14-16.37.48:706][  0]LogSlate: Updating window title bar state: overlay mode, drag disabled, window buttons hidden, title bar hidden
[2019.05.14-16.37.48:712][  0]LogCollectionManager: Loaded 0 collections in 0.001649 seconds
[2019.05.14-16.37.48:768][  0]LogFileCache: Scanning file cache for directory 'C:/Users/James/Documents/GitHub/This-Is-My-Rock/ThisIsMyRock_Demo/Saved/Collections/' took 0.01s
[2019.05.14-16.37.48:768][  0]LogFileCache: Scanning file cache for directory 'C:/Users/James/Documents/GitHub/This-Is-My-Rock/ThisIsMyRock_Demo/Content/Developers/James/Collections/' took 0.01s
[2019.05.14-16.37.48:768][  0]LogFileCache: Scanning file cache for directory 'C:/Users/James/Documents/GitHub/This-Is-My-Rock/ThisIsMyRock_Demo/Content/Collections/' took 0.01s
[2019.05.14-16.37.48:768][  0]LogCollectionManager: Rebuilt the GUID cache for 0 collections in 0.000000 seconds
[2019.05.14-16.37.48:777][  0]LogContentBrowser: Native class hierarchy populated in 0.0088 seconds. Added 2572 classes and 603 folders.
[2019.05.14-16.37.48:785][  0]LogContentBrowser: Native class hierarchy updated for 'WidgetCarousel' in 0.0003 seconds. Added 0 classes and 0 folders.
[2019.05.14-16.37.48:834][  0]LogContentBrowser: Native class hierarchy updated for 'AddContentDialog' in 0.0002 seconds. Added 0 classes and 0 folders.
[2019.05.14-16.37.48:841][  0]LogContentBrowser: Native class hierarchy updated for 'WorldBrowser' in 0.0003 seconds. Added 2 classes and 3 folders.
[2019.05.14-16.37.48:849][  0]LogContentBrowser: Native class hierarchy updated for 'SceneOutliner' in 0.0003 seconds. Added 1 classes and 2 folders.
[2019.05.14-16.37.48:921][  0]LogSlate: Took 0.000310 seconds to synchronously load lazily loaded font '../../../Engine/Content/Slate/Fonts/Roboto-Regular.ttf' (155K)
[2019.05.14-16.37.48:924][  0]LogSlate: Took 0.000316 seconds to synchronously load lazily loaded font '../../../Engine/Content/Slate/Fonts/Roboto-Bold.ttf' (160K)
[2019.05.14-16.37.48:930][  0]LogSlate: Took 0.000615 seconds to synchronously load lazily loaded font '../../../Engine/Content/Editor/Slate/Fonts/FontAwesome.ttf' (139K)
[2019.05.14-16.37.49:012][  0]LogRenderer: Reallocating scene render targets to support 1624x960 Format 10 NumSamples 1 (Frame:1).
[2019.05.14-16.37.49:173][  0]LogContentBrowser: Native class hierarchy updated for 'HierarchicalLODOutliner' in 0.0003 seconds. Added 0 classes and 0 folders.
[2019.05.14-16.37.49:173][  0]LogLoad: (Engine Initialization) Total time: 9.60 seconds
[2019.05.14-16.37.49:173][  0]LogLoad: (Engine Initialization) Total Blueprint compile time: 0.00 seconds
[2019.05.14-16.37.49:183][  0]LogWindowsTextInputMethodSystem: Display: IME system now deactivated.
[2019.05.14-16.37.49:184][  0]LogOcInput: OculusInput is initialized
[2019.05.14-16.37.49:205][  0]LogContentStreaming: Texture pool size now 1000 MB
[2019.05.14-16.37.49:262][  1]LogAssetRegistry: Asset discovery search completed in 5.1881 seconds
[2019.05.14-16.37.49:264][  1]LogCollectionManager: Rebuilt the object cache for 0 collections in 0.000000 seconds (found 0 objects)
[2019.05.14-16.37.49:265][  1]LogCollectionManager: Fixed up redirectors for 0 collections in 0.000133 seconds (updated 0 objects)
[2019.05.14-16.38.08:331][320]LogSlate: FSceneViewport::OnFocusLost() reason 2
[2019.05.14-16.38.10:806][578]LogHMD: Warning: Standalone game VR not supported, please use VR Preview.
[2019.05.14-16.38.26:690][880]LogSlate: FSceneViewport::OnFocusLost() reason 0
[2019.05.14-16.38.38:333][169]LogDirectoryWatcher: Warning: Failed to begin reading directory changes for ../../../../../../Users/James/Documents/GitHub/This-Is-My-Rock/ThisIsMyRock_Demo/Plugins/. Error: The system cannot find the file specified. (0x00000002)
[2019.05.14-16.38.52:354][447]Cmd: CLOSE_SLATE_MAINFRAME
[2019.05.14-16.38.52:464][447]LogSlate: Window 'Plugins' being destroyed
[2019.05.14-16.38.52:472][447]LogDirectoryWatcher: A directory notification for '../../../Engine/Plugins/' was aborted.
[2019.05.14-16.38.52:475][447]LogSlate: Window 'ThisIsMyRock_Demo - Unreal Editor' being destroyed
[2019.05.14-16.38.52:476][447]LogWindowsTextInputMethodSystem: Display: IME system now deactivated.
[2019.05.14-16.38.52:703][448]Cmd: QUIT_EDITOR
[2019.05.14-16.38.52:791][448]LogExit: Preparing to exit.
[2019.05.14-16.38.53:010][448]LogExit: Editor shut down
[2019.05.14-16.38.53:010][448]LogExit: Transaction tracking system shut down
[2019.05.14-16.38.53:605][448]LogExit: Object subsystem successfully closed.
[2019.05.14-16.38.53:626][448]LogShaderCompilers: Display: Shaders left to compile 0
[2019.05.14-16.38.53:629][448]LogD3D11RHI: Shutdown
[2019.05.14-16.38.53:629][448]LogD3D11RHI: CleanupD3DDevice
[2019.05.14-16.38.53:631][448]LogD3D11RHI: ~FD3D11DynamicRHI
[2019.05.14-16.38.53:652][448]LogModuleManager: Shutting down and abandoning module HierarchicalLODOutliner (613)
[2019.05.14-16.38.53:652][448]LogModuleManager: Shutting down and abandoning module SceneOutliner (611)
[2019.05.14-16.38.53:652][448]LogModuleManager: Shutting down and abandoning module WorldBrowser (609)
[2019.05.14-16.38.53:652][448]LogModuleManager: Shutting down and abandoning module AddContentDialog (607)
[2019.05.14-16.38.53:653][448]LogModuleManager: Shutting down and abandoning module WidgetCarousel (606)
[2019.05.14-16.38.53:653][448]LogModuleManager: Shutting down and abandoning module EditorWidgets (603)
[2019.05.14-16.38.53:653][448]LogModuleManager: Shutting down and abandoning module CollectionManager (601)
[2019.05.14-16.38.53:653][448]LogModuleManager: Shutting down and abandoning module StatsViewer (599)
[2019.05.14-16.38.53:653][448]LogModuleManager: Shutting down and abandoning module FoliageEdit (597)
[2019.05.14-16.38.53:653][448]LogModuleManager: Shutting down and abandoning module LandscapeEditor (595)
[2019.05.14-16.38.53:653][448]LogModuleManager: Shutting down and abandoning module MeshPaintMode (593)
[2019.05.14-16.38.53:653][448]LogModuleManager: Shutting down and abandoning module SceneDepthPickerMode (591)
[2019.05.14-16.38.53:653][448]LogModuleManager: Shutting down and abandoning module ActorPickerMode (589)
[2019.05.14-16.38.53:653][448]LogModuleManager: Shutting down and abandoning module GeometryMode (587)
[2019.05.14-16.38.53:653][448]LogModuleManager: Shutting down and abandoning module TextureAlignMode (585)
[2019.05.14-16.38.53:653][448]LogModuleManager: Shutting down and abandoning module BspMode (583)
[2019.05.14-16.38.53:653][448]LogModuleManager: Shutting down and abandoning module PIEPreviewDeviceProfileSelector (581)
[2019.05.14-16.38.53:653][448]LogModuleManager: Shutting down and abandoning module SequenceRecorderSections (579)
[2019.05.14-16.38.53:653][448]LogModuleManager: Shutting down and abandoning module AutomationWorker (577)
[2019.05.14-16.38.53:653][448]LogModuleManager: Shutting down and abandoning module AudioCaptureEditor (575)
[2019.05.14-16.38.53:653][448]LogModuleManager: Shutting down and abandoning module SequenceRecorder (574)
[2019.05.14-16.38.53:653][448]LogModuleManager: Shutting down and abandoning module MatineeToLevelSequence (571)
[2019.05.14-16.38.53:653][448]LogModuleManager: Shutting down and abandoning module LevelSequenceEditor (569)
[2019.05.14-16.38.53:653][448]LogModuleManager: Shutting down and abandoning module PlacementMode (568)
[2019.05.14-16.38.53:653][448]LogModuleManager: Shutting down and abandoning module MaterialEditor (567)
[2019.05.14-16.38.53:653][448]LogModuleManager: Shutting down and abandoning module WmfMediaFactory (563)
[2019.05.14-16.38.53:653][448]LogModuleManager: Shutting down and abandoning module WmfMediaEditor (561)
[2019.05.14-16.38.53:653][448]LogModuleManager: Shutting down and abandoning module MediaPlayerEditor (559)
[2019.05.14-16.38.53:653][448]LogModuleManager: Shutting down and abandoning module OpenExrWrapper (557)
[2019.05.14-16.38.53:653][448]LogModuleManager: Shutting down and abandoning module ImgMediaFactory (555)
[2019.05.14-16.38.53:653][448]LogModuleManager: Shutting down and abandoning module ImgMediaEditor (553)
[2019.05.14-16.38.53:653][448]LogModuleManager: Shutting down and abandoning module AvfMediaFactory (551)
[2019.05.14-16.38.53:653][448]LogModuleManager: Shutting down and abandoning module AvfMediaEditor (549)
[2019.05.14-16.38.53:653][448]LogModuleManager: Shutting down and abandoning module AndroidMediaFactory (547)
[2019.05.14-16.38.53:653][448]LogModuleManager: Shutting down and abandoning module AndroidMediaEditor (545)
[2019.05.14-16.38.53:653][448]LogModuleManager: Shutting down and abandoning module MagicLeapCameraPreviewFactory (543)
[2019.05.14-16.38.53:653][448]LogModuleManager: Shutting down and abandoning module MagicLeapMediaFactory (541)
[2019.05.14-16.38.53:653][448]LogModuleManager: Shutting down and abandoning module MagicLeapMediaEditor (539)
[2019.05.14-16.38.53:653][448]LogModuleManager: Shutting down and abandoning module CharacterAI (537)
[2019.05.14-16.38.53:653][448]LogModuleManager: Shutting down and abandoning module SmartSnapping (535)
[2019.05.14-16.38.53:653][448]LogModuleManager: Shutting down and abandoning module SessionServices (533)
[2019.05.14-16.38.53:654][448]LogModuleManager: Shutting down and abandoning module ViewportSnapping (531)
[2019.05.14-16.38.53:654][448]LogModuleManager: Shutting down and abandoning module ViewportInteraction (529)
[2019.05.14-16.38.53:654][448]LogModuleManager: Shutting down and abandoning module ClothPainter (527)
[2019.05.14-16.38.53:654][448]LogModuleManager: Shutting down and abandoning module SkeletalMeshEditor (526)
[2019.05.14-16.38.53:654][448]LogModuleManager: Shutting down and abandoning module LogVisualizer (523)
[2019.05.14-16.38.53:654][448]LogModuleManager: Shutting down and abandoning module IntroTutorials (521)
[2019.05.14-16.38.53:654][448]LogModuleManager: Shutting down and abandoning module GameProjectGeneration (520)
[2019.05.14-16.38.53:654][448]LogModuleManager: Shutting down and abandoning module LuminPlatformEditor (517)
[2019.05.14-16.38.53:654][448]LogModuleManager: Shutting down and abandoning module IOSPlatformEditor (515)
[2019.05.14-16.38.53:654][448]LogModuleManager: Shutting down and abandoning module HTML5PlatformEditor (513)
[2019.05.14-16.38.53:654][448]LogModuleManager: Shutting down and abandoning module AndroidPlatformEditor (511)
[2019.05.14-16.38.53:654][448]LogModuleManager: Shutting down and abandoning module AndroidDeviceDetection (510)
[2019.05.14-16.38.54:643][448]LogModuleManager: Shutting down and abandoning module WindowsPlatformEditor (507)
[2019.05.14-16.38.54:644][448]LogModuleManager: Shutting down and abandoning module LuminRuntimeSettings (505)
[2019.05.14-16.38.54:644][448]LogModuleManager: Shutting down and abandoning module IOSRuntimeSettings (503)
[2019.05.14-16.38.54:644][448]LogModuleManager: Shutting down and abandoning module AndroidRuntimeSettings (501)
[2019.05.14-16.38.54:644][448]LogModuleManager: Shutting down and abandoning module InputBindingEditor (499)
[2019.05.14-16.38.54:644][448]LogModuleManager: Shutting down and abandoning module MergeActors (497)
[2019.05.14-16.38.54:644][448]LogModuleManager: Shutting down and abandoning module LocalizationDashboard (495)
[2019.05.14-16.38.54:644][448]LogModuleManager: Shutting down and abandoning module LocalizationService (494)
[2019.05.14-16.38.54:644][448]LogModuleManager: Shutting down and abandoning module HardwareTargeting (491)
[2019.05.14-16.38.54:644][448]LogModuleManager: Shutting down and abandoning module DeviceProfileEditor (489)
[2019.05.14-16.38.54:644][448]LogModuleManager: Shutting down and abandoning module UndoHistory (487)
[2019.05.14-16.38.54:644][448]LogModuleManager: Shutting down and abandoning module XmlParser (485)
[2019.05.14-16.38.54:644][448]LogModuleManager: Shutting down and abandoning module Blutility (483)
[2019.05.14-16.38.54:644][448]LogModuleManager: Shutting down and abandoning module ProjectSettingsViewer (481)
[2019.05.14-16.38.54:644][448]LogModuleManager: Shutting down and abandoning module ProjectTargetPlatformEditor (480)
[2019.05.14-16.38.54:644][448]LogModuleManager: Shutting down and abandoning module EditorSettingsViewer (477)
[2019.05.14-16.38.54:644][448]LogModuleManager: Shutting down and abandoning module SettingsEditor (475)
[2019.05.14-16.38.54:645][448]LogModuleManager: Shutting down and abandoning module ProjectLauncher (473)
[2019.05.14-16.38.54:645][448]LogModuleManager: Shutting down and abandoning module SessionFrontend (471)
[2019.05.14-16.38.54:645][448]LogModuleManager: Shutting down and abandoning module ProfilerClient (469)
[2019.05.14-16.38.54:645][448]LogModuleManager: Shutting down and abandoning module DeviceManager (467)
[2019.05.14-16.38.54:645][448]LogModuleManager: Shutting down and abandoning module TargetDeviceServices (466)
[2019.05.14-16.38.54:700][448]LogModuleManager: Shutting down and abandoning module AutomationController (463)
[2019.05.14-16.38.54:700][448]LogModuleManager: Shutting down and abandoning module AutomationWindow (461)
[2019.05.14-16.38.54:700][448]LogModuleManager: Shutting down and abandoning module Layers (459)
[2019.05.14-16.38.54:700][448]LogModuleManager: Shutting down and abandoning module ComponentVisualizers (457)
[2019.05.14-16.38.54:700][448]LogModuleManager: Shutting down and abandoning module DetailCustomizations (455)
[2019.05.14-16.38.54:700][448]LogModuleManager: Shutting down and abandoning module PackagesDialog (453)
[2019.05.14-16.38.54:700][448]LogModuleManager: Shutting down and abandoning module Persona (451)
[2019.05.14-16.38.54:700][448]LogModuleManager: Shutting down and abandoning module AdvancedPreviewScene (450)
[2019.05.14-16.38.54:700][448]LogModuleManager: Shutting down and abandoning module AnimGraph (448)
[2019.05.14-16.38.54:700][448]LogModuleManager: Shutting down and abandoning module Kismet (445)
[2019.05.14-16.38.54:700][448]LogModuleManager: Shutting down and abandoning module GraphEditor (443)
[2019.05.14-16.38.54:700][448]LogModuleManager: Shutting down and abandoning module ClassViewer (441)
[2019.05.14-16.38.54:700][448]LogModuleManager: Shutting down and abandoning module Toolbox (439)
[2019.05.14-16.38.54:700][448]LogModuleManager: Shutting down and abandoning module ModuleUI (437)
[2019.05.14-16.38.54:700][448]LogModuleManager: Shutting down and abandoning module MovieSceneTools (435)
[2019.05.14-16.38.54:700][448]LogModuleManager: Shutting down and abandoning module OutputLog (433)
[2019.05.14-16.38.54:700][448]LogModuleManager: Shutting down and abandoning module GammaUI (431)
[2019.05.14-16.38.54:700][448]LogModuleManager: Shutting down and abandoning module Documentation (429)
[2019.05.14-16.38.54:700][448]LogModuleManager: Shutting down and abandoning module MovieSceneTracks (427)
[2019.05.14-16.38.54:700][448]LogModuleManager: Shutting down and abandoning module MovieScene (425)
[2019.05.14-16.38.54:700][448]LogModuleManager: Shutting down and abandoning module StreamingPauseRendering (423)
[2019.05.14-16.38.54:700][448]LogModuleManager: Shutting down and abandoning module LauncherPlatform (421)
[2019.05.14-16.38.54:701][448]LogModuleManager: Shutting down and abandoning module AnalyticsET (419)
[2019.05.14-16.38.54:701][448]LogModuleManager: Shutting down and abandoning module PortalServices (417)
[2019.05.14-16.38.54:701][448]LogModuleManager: Shutting down and abandoning module PortalRpc (415)
[2019.05.14-16.38.54:701][448]LogModuleManager: Shutting down and abandoning module MessagingRpc (413)
[2019.05.14-16.38.54:701][448]LogModuleManager: Shutting down and abandoning module AIModule (411)
[2019.05.14-16.38.54:701][448]LogModuleManager: Shutting down and abandoning module GameplayDebugger (410)
[2019.05.14-16.38.54:701][448]LogModuleManager: Shutting down and abandoning module AITestSuite (408)
[2019.05.14-16.38.54:701][448]LogModuleManager: Shutting down and abandoning module NavigationSystem (406)
[2019.05.14-16.38.54:701][448]LogModuleManager: Shutting down and abandoning module DesktopPlatform (403)
[2019.05.14-16.38.54:701][448]LogModuleManager: Shutting down and abandoning module ProfilerService (401)
[2019.05.14-16.38.54:822][448]LogModuleManager: Shutting down and abandoning module TaskGraph (399)
[2019.05.14-16.38.54:822][448]LogModuleManager: Shutting down and abandoning module SteamVRController (397)
[2019.05.14-16.38.54:822][448]LogModuleManager: Shutting down and abandoning module ProceduralMeshComponentEditor (395)
[2019.05.14-16.38.54:822][448]LogModuleManager: Shutting down and abandoning module ProceduralMeshComponent (393)
[2019.05.14-16.38.54:822][448]LogModuleManager: Shutting down and abandoning module OculusInput (391)
[2019.05.14-16.38.54:822][448]LogModuleManager: Shutting down and abandoning module MobilePatchingUtils (389)
[2019.05.14-16.38.54:822][448]LogModuleManager: Shutting down and abandoning module EditableMesh (387)
[2019.05.14-16.38.54:823][448]LogModuleManager: Shutting down and abandoning module CustomMeshComponent (385)
[2019.05.14-16.38.54:823][448]LogModuleManager: Shutting down and abandoning module CableComponent (383)
[2019.05.14-16.38.54:823][448]LogModuleManager: Shutting down and abandoning module AudioCapture (381)
[2019.05.14-16.38.54:823][448]LogModuleManager: Shutting down and abandoning module ArchVisCharacter (379)
[2019.05.14-16.38.54:823][448]LogModuleManager: Shutting down and abandoning module AndroidPermission (377)
[2019.05.14-16.38.54:823][448]LogModuleManager: Shutting down and abandoning module NUTUnrealEngine4 (375)
[2019.05.14-16.38.54:823][448]LogModuleManager: Shutting down and abandoning module NetcodeUnitTest (373)
[2019.05.14-16.38.54:823][448]LogModuleManager: Shutting down and abandoning module MediaCompositingEditor (371)
[2019.05.14-16.38.54:823][448]LogModuleManager: Shutting down and abandoning module MediaCompositing (369)
[2019.05.14-16.38.54:823][448]LogModuleManager: Shutting down and abandoning module LinearTimecode (367)
[2019.05.14-16.38.54:823][448]LogModuleManager: Shutting down and abandoning module ImgMedia (365)
[2019.05.14-16.38.54:826][448]LogModuleManager: Shutting down and abandoning module HTML5Networking (363)
[2019.05.14-16.38.54:826][448]LogModuleManager: Shutting down and abandoning module GeometryCacheTracks (361)
[2019.05.14-16.38.54:826][448]LogModuleManager: Shutting down and abandoning module GeometryCacheSequencer (359)
[2019.05.14-16.38.54:826][448]LogModuleManager: Shutting down and abandoning module BackChannel (357)
[2019.05.14-16.38.54:826][448]LogModuleManager: Shutting down and abandoning module AppleVision (355)
[2019.05.14-16.38.54:826][448]LogModuleManager: Shutting down and abandoning module AppleImageUtils (353)
[2019.05.14-16.38.54:826][448]LogModuleManager: Shutting down and abandoning module AlembicImporter (351)
[2019.05.14-16.38.54:826][448]LogModuleManager: Shutting down and abandoning module AlembicLibrary (350)
[2019.05.14-16.38.54:826][448]LogModuleManager: Shutting down and abandoning module GeometryCache (349)
[2019.05.14-16.38.54:826][448]LogModuleManager: Shutting down and abandoning module GeometryCacheEd (348)
[2019.05.14-16.38.54:826][448]LogModuleManager: Shutting down and abandoning module DatasmithContentEditor (343)
[2019.05.14-16.38.54:826][448]LogModuleManager: Shutting down and abandoning module DatasmithContent (341)
[2019.05.14-16.38.54:826][448]LogModuleManager: Shutting down and abandoning module SpeedTreeImporter (339)
[2019.05.14-16.38.54:826][448]LogModuleManager: Shutting down and abandoning module PluginBrowser (337)
[2019.05.14-16.38.54:826][448]LogModuleManager: Shutting down and abandoning module MobileLauncherProfileWizard (335)
[2019.05.14-16.38.54:826][448]LogModuleManager: Shutting down and abandoning module PolygonModeling (333)
[2019.05.14-16.38.54:826][448]LogModuleManager: Shutting down and abandoning module MeshEditor (331)
[2019.05.14-16.38.54:826][448]LogModuleManager: Shutting down and abandoning module CryptoKeysOpenSSL (329)
[2019.05.14-16.38.54:826][448]LogModuleManager: Shutting down and abandoning module CryptoKeys (327)
[2019.05.14-16.38.54:826][448]LogModuleManager: Shutting down and abandoning module VisualStudioSourceCodeAccess (325)
[2019.05.14-16.38.54:826][448]LogModuleManager: Shutting down and abandoning module VisualStudioCodeSourceCodeAccess (323)
[2019.05.14-16.38.54:826][448]LogModuleManager: Shutting down and abandoning module UObjectPlugin (321)
[2019.05.14-16.38.54:826][448]LogModuleManager: Shutting down and abandoning module SubversionSourceControl (319)
[2019.05.14-16.38.54:826][448]LogModuleManager: Shutting down and abandoning module PerforceSourceControl (317)
[2019.05.14-16.38.54:826][448]LogModuleManager: Shutting down and abandoning module GitSourceControl (315)
[2019.05.14-16.38.54:826][448]LogModuleManager: Shutting down and abandoning module SourceControl (314)
[2019.05.14-16.38.54:827][448]LogModuleManager: Shutting down and abandoning module CLionSourceCodeAccess (311)
[2019.05.14-16.38.54:827][448]LogModuleManager: Shutting down and abandoning module LightPropagationVolumeEditor (309)
[2019.05.14-16.38.54:827][448]LogModuleManager: Shutting down and abandoning module PaperTiledImporter (307)
[2019.05.14-16.38.54:827][448]LogModuleManager: Shutting down and abandoning module PaperSpriteSheetImporter (305)
[2019.05.14-16.38.54:827][448]LogModuleManager: Shutting down and abandoning module Paper2DEditor (303)
[2019.05.14-16.38.54:827][448]LogModuleManager: Shutting down and abandoning module MeshPaint (302)
[2019.05.14-16.38.54:827][448]LogModuleManager: Shutting down and abandoning module RuntimePhysXCooking (299)
[2019.05.14-16.38.54:827][448]LogModuleManager: Shutting down and abandoning module PhysXVehiclesEditor (297)
[2019.05.14-16.38.54:827][448]LogModuleManager: Shutting down and abandoning module PhysXVehicles (295)
[2019.05.14-16.38.54:827][448]LogModuleManager: Shutting down and abandoning module OculusEditor (293)
[2019.05.14-16.38.54:827][448]LogModuleManager: Shutting down and abandoning module LocationServicesBPLibrary (291)
[2019.05.14-16.38.54:827][448]LogModuleManager: Shutting down and abandoning module ImmediatePhysicsEditor (289)
[2019.05.14-16.38.54:827][448]LogModuleManager: Shutting down and abandoning module ImmediatePhysics (287)
[2019.05.14-16.38.54:827][448]LogModuleManager: Shutting down and abandoning module ActorSequence (285)
[2019.05.14-16.38.54:827][448]LogModuleManager: Shutting down and abandoning module UdpMessaging (283)
[2019.05.14-16.38.54:928][448]LogModuleManager: Shutting down and abandoning module TcpMessaging (281)
[2019.05.14-16.38.55:029][448]LogModuleManager: Shutting down and abandoning module MagicLeapAudio (279)
[2019.05.14-16.38.55:029][448]LogModuleManager: Shutting down and abandoning module GameplayTagsEditor (277)
[2019.05.14-16.38.55:029][448]LogModuleManager: Shutting down and abandoning module FacialAnimationEditor (275)
[2019.05.14-16.38.55:029][448]LogModuleManager: Shutting down and abandoning module FacialAnimation (273)
[2019.05.14-16.38.55:029][448]LogModuleManager: Shutting down and abandoning module DataValidation (271)
[2019.05.14-16.38.55:029][448]LogModuleManager: Shutting down and abandoning module AssetManagerEditor (269)
[2019.05.14-16.38.55:029][448]LogModuleManager: Shutting down and abandoning module LevelEditor (268)
[2019.05.14-16.38.55:029][448]LogModuleManager: Shutting down and abandoning module PixelInspectorModule (267)
[2019.05.14-16.38.55:029][448]LogModuleManager: Shutting down and abandoning module CommonMenuExtensions (265)
[2019.05.14-16.38.55:030][448]LogModuleManager: Shutting down and abandoning module MainFrame (263)
[2019.05.14-16.38.55:030][448]LogModuleManager: Shutting down and abandoning module HotReload (262)
[2019.05.14-16.38.55:030][448]LogModuleManager: Shutting down and abandoning module ContentBrowser (258)
[2019.05.14-16.38.55:031][448]LogModuleManager: Shutting down and abandoning module TreeMap (256)
[2019.05.14-16.38.55:031][448]LogModuleManager: Shutting down and abandoning module LightPropagationVolumeRuntime (253)
[2019.05.14-16.38.55:031][448]LogModuleManager: Shutting down and abandoning module AISupportModule (251)
[2019.05.14-16.38.55:031][448]LogModuleManager: Shutting down and abandoning module Paper2D (249)
[2019.05.14-16.38.55:031][448]LogModuleManager: Shutting down and abandoning module WindowsMoviePlayer (247)
[2019.05.14-16.38.55:031][448]LogModuleManager: Shutting down and abandoning module WmfMedia (245)
[2019.05.14-16.38.55:032][448]LogModuleManager: Shutting down and abandoning module Media (244)
[2019.05.14-16.38.55:038][448]LogModuleManager: Shutting down and abandoning module PacketHandler (241)
[2019.05.14-16.38.55:038][448]LogModuleManager: Shutting down and abandoning module ClothingSystemEditor (239)
[2019.05.14-16.38.55:038][448]LogModuleManager: Shutting down and abandoning module ClothingSystemRuntime (237)
[2019.05.14-16.38.55:038][448]LogModuleManager: Shutting down and abandoning module MediaAssets (235)
[2019.05.14-16.38.55:038][448]LogModuleManager: Shutting down and abandoning module Overlay (233)
[2019.05.14-16.38.55:038][448]LogModuleManager: Shutting down and abandoning module OverlayEditor (232)
[2019.05.14-16.38.55:038][448]LogModuleManager: Shutting down and abandoning module VREditor (229)
[2019.05.14-16.38.55:038][448]LogModuleManager: Shutting down and abandoning module StringTableEditor (227)
[2019.05.14-16.38.55:038][448]LogModuleManager: Shutting down and abandoning module GameplayTasksEditor (225)
[2019.05.14-16.38.55:038][448]LogModuleManager: Shutting down and abandoning module BehaviorTreeEditor (223)
[2019.05.14-16.38.55:038][448]LogModuleManager: Shutting down and abandoning module FunctionalTesting (221)
[2019.05.14-16.38.55:038][448]LogModuleManager: Shutting down and abandoning module CollisionAnalyzer (219)
[2019.05.14-16.38.55:038][448]LogModuleManager: Shutting down and abandoning module WorkspaceMenuStructure (218)
[2019.05.14-16.38.55:038][448]LogModuleManager: Shutting down and abandoning module UMG (215)
[2019.05.14-16.38.55:038][448]LogModuleManager: Shutting down and abandoning module UMGEditor (214)
[2019.05.14-16.38.55:038][448]LogModuleManager: Shutting down and abandoning module Sequencer (213)
[2019.05.14-16.38.55:039][448]LogModuleManager: Shutting down and abandoning module MessageLog (210)
[2019.05.14-16.38.55:039][448]LogModuleManager: Shutting down and abandoning module SlateReflector (205)
[2019.05.14-16.38.55:039][448]LogModuleManager: Shutting down and abandoning module Slate (203)
[2019.05.14-16.38.55:039][448]LogModuleManager: Shutting down and abandoning module EditorStyle (201)
[2019.05.14-16.38.55:040][448]LogModuleManager: Shutting down and abandoning module MRMesh (199)
[2019.05.14-16.38.55:040][448]LogModuleManager: Shutting down and abandoning module SourceCodeAccess (197)
[2019.05.14-16.38.55:040][448]LogModuleManager: Shutting down and abandoning module HeadMountedDisplay (195)
[2019.05.14-16.38.55:040][448]LogModuleManager: Shutting down and abandoning module XAudio2 (193)
[2019.05.14-16.38.55:040][448]LogModuleManager: Shutting down and abandoning module Networking (191)
[2019.05.14-16.38.55:040][448]LogModuleManager: Shutting down and abandoning module Core (189)
[2019.05.14-16.38.55:040][448]LogModuleManager: Shutting down and abandoning module LevelSequence (187)
[2019.05.14-16.38.55:040][448]LogModuleManager: Shutting down and abandoning module KismetCompiler (185)
[2019.05.14-16.38.55:040][448]LogModuleManager: Shutting down and abandoning module MeshUtilities (183)
[2019.05.14-16.38.55:040][448]LogModuleManager: Shutting down and abandoning module MeshMergeUtilities (182)
[2019.05.14-16.38.55:041][448]LogModuleManager: Shutting down and abandoning module MeshReductionInterface (181)
[2019.05.14-16.38.55:041][448]LogModuleManager: Shutting down and abandoning module SimplygonSwarm (180)
[2019.05.14-16.38.55:041][448]LogModuleManager: Shutting down and abandoning module ProxyLODMeshReduction (178)
[2019.05.14-16.38.55:041][448]LogModuleManager: Shutting down and abandoning module SimplygonMeshReduction (176)
[2019.05.14-16.38.55:041][448]LogModuleManager: Shutting down and abandoning module QuadricMeshReduction (174)
[2019.05.14-16.38.55:041][448]LogModuleManager: Shutting down and abandoning module MaterialBaking (170)
[2019.05.14-16.38.55:041][448]LogModuleManager: Shutting down and abandoning module DirectoryWatcher (166)
[2019.05.14-16.38.55:041][448]LogModuleManager: Shutting down and abandoning module DerivedDataCache (163)
[2019.05.14-16.38.55:095][448]LogDerivedDataCache: Shutdown
[2019.05.14-16.38.55:095][448]LogModuleManager: Shutting down and abandoning module XGEController (161)
[2019.05.14-16.38.55:095][448]LogXGEController: Cleaning working directory: C:/Users/James/AppData/Local/Temp/UnrealXGEWorkingDir/
[2019.05.14-16.38.55:095][448]LogModuleManager: Shutting down and abandoning module TargetPlatform (159)
[2019.05.14-16.38.55:095][448]LogModuleManager: Shutting down and abandoning module VulkanShaderFormat (158)
[2019.05.14-16.38.55:095][448]LogModuleManager: Shutting down and abandoning module ShaderFormatVectorVM (156)
[2019.05.14-16.38.55:095][448]LogModuleManager: Shutting down and abandoning module ShaderFormatOpenGL (154)
[2019.05.14-16.38.55:095][448]LogModuleManager: Shutting down and abandoning module ShaderFormatD3D (152)
[2019.05.14-16.38.55:095][448]LogModuleManager: Shutting down and abandoning module MetalShaderFormat (150)
[2019.05.14-16.38.55:095][448]LogModuleManager: Shutting down and abandoning module TextureFormatUncompressed (148)
[2019.05.14-16.38.55:095][448]LogModuleManager: Shutting down and abandoning module TextureFormatPVR (146)
[2019.05.14-16.38.55:095][448]LogModuleManager: Shutting down and abandoning module TextureFormatDXT (144)
[2019.05.14-16.38.55:095][448]LogModuleManager: Shutting down and abandoning module TextureFormatIntelISPCTexComp (142)
[2019.05.14-16.38.55:095][448]LogModuleManager: Shutting down and abandoning module TextureFormatASTC (140)
[2019.05.14-16.38.55:095][448]LogModuleManager: Shutting down and abandoning module ImageWrapper (139)
[2019.05.14-16.38.55:095][448]LogModuleManager: Shutting down and abandoning module TextureFormatAndroid (136)
[2019.05.14-16.38.55:095][448]LogModuleManager: Shutting down and abandoning module AudioFormatOpus (134)
[2019.05.14-16.38.55:095][448]LogModuleManager: Shutting down and abandoning module AudioFormatOgg (132)
[2019.05.14-16.38.55:095][448]LogModuleManager: Shutting down and abandoning module AudioFormatADPCM (130)
[2019.05.14-16.38.55:095][448]LogModuleManager: Shutting down and abandoning module LuminTargetPlatform (128)
[2019.05.14-16.38.55:095][448]LogModuleManager: Shutting down and abandoning module LinuxTargetPlatform (126)
[2019.05.14-16.38.55:095][448]LogModuleManager: Shutting down and abandoning module LinuxServerTargetPlatform (124)
[2019.05.14-16.38.55:095][448]LogModuleManager: Shutting down and abandoning module LinuxNoEditorTargetPlatform (122)
[2019.05.14-16.38.55:095][448]LogModuleManager: Shutting down and abandoning module LinuxClientTargetPlatform (120)
[2019.05.14-16.38.55:095][448]LogModuleManager: Shutting down and abandoning module TVOSTargetPlatform (118)
[2019.05.14-16.38.55:096][448]LogModuleManager: Shutting down and abandoning module Messaging (116)
[2019.05.14-16.38.55:096][448]LogModuleManager: Shutting down and abandoning module IOSTargetPlatform (114)
[2019.05.14-16.38.55:097][448]LogModuleManager: Shutting down and abandoning module HTML5TargetPlatform (112)
[2019.05.14-16.38.55:097][448]LogModuleManager: Shutting down and abandoning module AndroidTargetPlatform (110)
[2019.05.14-16.38.55:107][448]LogModuleManager: Shutting down and abandoning module WindowsTargetPlatform (108)
[2019.05.14-16.38.55:107][448]LogModuleManager: Shutting down and abandoning module WindowsServerTargetPlatform (106)
[2019.05.14-16.38.55:107][448]LogModuleManager: Shutting down and abandoning module WindowsNoEditorTargetPlatform (104)
[2019.05.14-16.38.55:107][448]LogModuleManager: Shutting down and abandoning module WindowsClientTargetPlatform (102)
[2019.05.14-16.38.55:107][448]LogModuleManager: Shutting down and abandoning module MacTargetPlatform (100)
[2019.05.14-16.38.55:107][448]LogModuleManager: Shutting down and abandoning module MacServerTargetPlatform (98)
[2019.05.14-16.38.55:107][448]LogModuleManager: Shutting down and abandoning module MacNoEditorTargetPlatform (96)
[2019.05.14-16.38.55:107][448]LogModuleManager: Shutting down and abandoning module MacClientTargetPlatform (94)
[2019.05.14-16.38.55:107][448]LogModuleManager: Shutting down and abandoning module AllDesktopTargetPlatform (92)
[2019.05.14-16.38.55:107][448]LogModuleManager: Shutting down and abandoning module InputCore (89)
[2019.05.14-16.38.55:107][448]LogModuleManager: Shutting down and abandoning module Settings (87)
[2019.05.14-16.38.55:107][448]LogModuleManager: Shutting down and abandoning module PhysXCooking (85)
[2019.05.14-16.38.55:107][448]LogModuleManager: Shutting down and abandoning module SteamVR (83)
[2019.05.14-16.38.55:107][448]LogModuleManager: Shutting down and abandoning module OculusHMD (81)
[2019.05.14-16.38.55:107][448]LogModuleManager: Shutting down and abandoning module ExampleDeviceProfileSelector (79)
[2019.05.14-16.38.55:107][448]LogModuleManager: Shutting down and abandoning module LauncherChunkInstaller (77)
[2019.05.14-16.38.55:107][448]LogModuleManager: Shutting down and abandoning module OnlineBlueprintSupport (75)
[2019.05.14-16.38.55:107][448]LogModuleManager: Shutting down and abandoning module OnlineSubsystem (71)
[2019.05.14-16.38.55:108][448]LogModuleManager: Shutting down and abandoning module XMPP (65)
[2019.05.14-16.38.55:108][448]LogModuleManager: Shutting down and abandoning module WebSockets (64)
[2019.05.14-16.38.55:117][448]LogModuleManager: Shutting down and abandoning module HTTP (61)
[2019.05.14-16.38.55:117][448]LogHttp: Display: Http module shutting down, but needs to wait on 1 outstanding Http requests:
[2019.05.14-16.38.55:117][448]LogHttp: Display: 	verb=[POST] url=[https://datarouter.ol.epicgames.com/datarouter/api/v1/public/data?SessionID=%7B4A9952E1-476B-B81F-453B-8F8ACE859040%7D&AppID=UEEditor.Rocket.Release&AppVersion=4.20.3-4369336%2B%2B%2BUE4%2BRelease-4.20&UserID=263b8caa4dd1473a23dd419ecda430b4%7C6d4b37c1fab2402f9183580507c8ee3a%7Cd5f7cd83-7bd0-489b-88ad-f06f5993463b&AppEnvironment=datacollector-binary&UploadType=eteventstream] status=Processing
[2019.05.14-16.38.55:146][448]LogModuleManager: Shutting down and abandoning module SSL (60)
[2019.05.14-16.38.55:147][448]LogModuleManager: Shutting down and abandoning module MagicLeapEmulator (56)
[2019.05.14-16.38.55:148][448]LogModuleManager: Shutting down and abandoning module MagicLeapPrivileges (54)
[2019.05.14-16.38.55:148][448]LogModuleManager: Shutting down and abandoning module MagicLeapIdentity (52)
[2019.05.14-16.38.55:148][448]LogModuleManager: Shutting down and abandoning module MagicLeapHelperVulkan (50)
[2019.05.14-16.38.55:148][448]LogModuleManager: Shutting down and abandoning module MagicLeapHelperOpenGL (48)
[2019.05.14-16.38.55:148][448]LogModuleManager: Shutting down and abandoning module MagicLeapSecureStorage (46)
[2019.05.14-16.38.55:148][448]LogModuleManager: Shutting down and abandoning module MagicLeapGestures (44)
[2019.05.14-16.38.55:148][448]LogModuleManager: Shutting down and abandoning module MagicLeapEyeTracker (42)
[2019.05.14-16.38.55:148][448]LogModuleManager: Shutting down and abandoning module MagicLeapController (40)
[2019.05.14-16.38.55:148][448]LogSlate: Slate User Destroyed.  User Index 0, Is Virtual User: 0
[2019.05.14-16.38.55:148][448]LogModuleManager: Shutting down and abandoning module MagicLeap (38)
[2019.05.14-16.38.55:148][448]LogModuleManager: Shutting down and abandoning module AnimationModifiers (36)
[2019.05.14-16.38.55:148][448]LogModuleManager: Shutting down and abandoning module PropertyEditor (35)
[2019.05.14-16.38.55:148][448]LogModuleManager: Shutting down and abandoning module AudioEditor (32)
[2019.05.14-16.38.55:148][448]LogModuleManager: Shutting down and abandoning module TextureCompressor (30)
[2019.05.14-16.38.55:148][448]LogModuleManager: Shutting down and abandoning module ShaderCore (28)
[2019.05.14-16.38.55:148][448]LogModuleManager: Shutting down and abandoning module Landscape (26)
[2019.05.14-16.38.55:148][448]LogModuleManager: Shutting down and abandoning module SlateRHIRenderer (24)
[2019.05.14-16.38.55:148][448]LogModuleManager: Shutting down and abandoning module OpenGLDrv (22)
[2019.05.14-16.38.55:148][448]LogModuleManager: Shutting down and abandoning module D3D11RHI (20)
[2019.05.14-16.38.55:148][448]LogModuleManager: Shutting down and abandoning module AnimGraphRuntime (18)
[2019.05.14-16.38.55:148][448]LogModuleManager: Shutting down and abandoning module Renderer (16)
[2019.05.14-16.38.55:148][448]LogModuleManager: Shutting down and abandoning module Engine (14)
[2019.05.14-16.38.55:148][448]LogModuleManager: Shutting down and abandoning module CoreUObject (12)
[2019.05.14-16.38.55:149][448]LogModuleManager: Shutting down and abandoning module NetworkFile (10)
[2019.05.14-16.38.55:149][448]LogModuleManager: Shutting down and abandoning module CookedIterativeFile (8)
[2019.05.14-16.38.55:149][448]LogModuleManager: Shutting down and abandoning module StreamingFile (6)
[2019.05.14-16.38.55:149][448]LogModuleManager: Shutting down and abandoning module SandboxFile (4)
[2019.05.14-16.38.55:149][448]LogModuleManager: Shutting down and abandoning module PakFile (2)
[2019.05.14-16.38.55:156][448]LogExit: Exiting.
[2019.05.14-16.38.55:180][448]Log file closed, 05/14/19 17:38:55
