Log file open, 05/14/19 19:45:08
LogWindows: Failed to load 'aqProf.dll' (GetLastError=126)
LogWindows: File 'aqProf.dll' does not exist
LogWindows: Failed to load 'VtuneApi.dll' (GetLastError=126)
LogWindows: File 'VtuneApi.dll' does not exist
LogWindows: Failed to load 'VtuneApi32e.dll' (GetLastError=126)
LogWindows: File 'VtuneApi32e.dll' does not exist
LogInit: Display: Running engine for game: ThisIsMyRock_Demo
LogPlatformFile: Not using cached read wrapper
LogTaskGraph: Started task graph with 5 named threads and 14 total threads with 3 sets of task threads.
LogStats: Stats thread started at 5.774020
LogD3D11RHI: Loaded GFSDK_Aftermath_Lib.x64.dll
LogICUInternationalization: Display: ICU TimeZone Detection - Raw Offset: +0:00, Platform Override: ''
LogPluginManager: Mounting plugin Paper2D
LogPluginManager: Mounting plugin AISupport
LogPluginManager: Mounting plugin LightPropagationVolume
LogPluginManager: Mounting plugin CLionSourceCodeAccess
LogPluginManager: Mounting plugin CodeLiteSourceCodeAccess
LogPluginManager: Mounting plugin GitSourceControl
LogPluginManager: Mounting plugin KDevelopSourceCodeAccess
LogPluginManager: Mounting plugin NullSourceCodeAccess
LogPluginManager: Mounting plugin PerforceSourceControl
LogPluginManager: Mounting plugin SubversionSourceControl
LogPluginManager: Mounting plugin UObjectPlugin
LogPluginManager: Mounting plugin VisualStudioCodeSourceCodeAccess
LogPluginManager: Mounting plugin VisualStudioSourceCodeAccess
LogPluginManager: Mounting plugin XCodeSourceCodeAccess
LogPluginManager: Mounting plugin AssetManagerEditor
LogPluginManager: Mounting plugin CryptoKeys
LogPluginManager: Mounting plugin DataValidation
LogPluginManager: Mounting plugin FacialAnimation
LogPluginManager: Mounting plugin GameplayTagsEditor
LogPluginManager: Mounting plugin MacGraphicsSwitching
LogPluginManager: Mounting plugin MeshEditor
LogPluginManager: Mounting plugin MobileLauncherProfileWizard
LogPluginManager: Mounting plugin PluginBrowser
LogPluginManager: Mounting plugin SpeedTreeImporter
LogPluginManager: Mounting plugin DatasmithContent
LogPluginManager: Mounting plugin AlembicImporter
LogPluginManager: Mounting plugin AppleImageUtils
LogPluginManager: Mounting plugin AppleVision
LogPluginManager: Mounting plugin BackChannel
LogPluginManager: Mounting plugin CharacterAI
LogPluginManager: Mounting plugin GeometryCache
LogPluginManager: Mounting plugin HTML5Networking
LogPluginManager: Mounting plugin ProxyLODPlugin
LogPluginManager: Mounting plugin MagicLeap
LogPluginManager: Mounting plugin MagicLeapEmulator
LogPluginManager: Mounting plugin MagicLeapMedia
LogPluginManager: Mounting plugin AndroidMedia
LogPluginManager: Mounting plugin AvfMedia
LogPluginManager: Mounting plugin ImgMedia
LogPluginManager: Mounting plugin LinearTimecode
LogPluginManager: Mounting plugin MediaCompositing
LogPluginManager: Mounting plugin MediaPlayerEditor
LogPluginManager: Mounting plugin WmfMedia
LogPluginManager: Mounting plugin TcpMessaging
LogPluginManager: Mounting plugin UdpMessaging
LogPluginManager: Mounting plugin ActorSequence
LogPluginManager: Mounting plugin LevelSequenceEditor
LogPluginManager: Mounting plugin MatineeToLevelSequence
LogPluginManager: Mounting plugin NetcodeUnitTest
LogPluginManager: Mounting plugin NUTUnrealEngine4
LogPluginManager: Mounting plugin OnlineSubsystemGooglePlay
LogPluginManager: Mounting plugin OnlineSubsystemIOS
LogPluginManager: Mounting plugin OnlineSubsystem
LogPluginManager: Mounting plugin OnlineSubsystemNull
LogPluginManager: Mounting plugin OnlineSubsystemSteam
LogPluginManager: Mounting plugin OnlineSubsystemUtils
LogPluginManager: Mounting plugin LauncherChunkInstaller
LogPluginManager: Mounting plugin AndroidDeviceProfileSelector
LogPluginManager: Mounting plugin AndroidMoviePlayer
LogPluginManager: Mounting plugin AndroidPermission
LogPluginManager: Mounting plugin AppleMoviePlayer
LogPluginManager: Mounting plugin ArchVisCharacter
LogPluginManager: Mounting plugin AudioCapture
LogPluginManager: Mounting plugin CableComponent
LogPluginManager: Mounting plugin CustomMeshComponent
LogPluginManager: Mounting plugin EditableMesh
LogPluginManager: Mounting plugin ExampleDeviceProfileSelector
LogPluginManager: Mounting plugin GoogleCloudMessaging
LogPluginManager: Mounting plugin ImmediatePhysics
LogPluginManager: Mounting plugin IOSDeviceProfileSelector
LogPluginManager: Mounting plugin LinuxDeviceProfileSelector
LogPluginManager: Mounting plugin LocationServicesBPLibrary
LogPluginManager: Mounting plugin MobilePatchingUtils
LogPluginManager: Mounting plugin OculusVR
LogPluginManager: Plugin shader directory ../../../Engine/Plugins/Runtime/Oculus/OculusVR/Shaders found
LogPluginManager: Mapping shader source directory ../../../Engine/Plugins/Runtime/Oculus/OculusVR/Shaders to virtual directory /Plugin/OculusVR
LogPluginManager: Mounting plugin PhysXVehicles
LogPluginManager: Mounting plugin ProceduralMeshComponent
LogPluginManager: Mounting plugin RuntimePhysXCooking
LogPluginManager: Mounting plugin SteamVR
LogPluginManager: Mounting plugin WindowsMoviePlayer
LogStreaming: Display: Took  0.570s to configure plugins.
LogInit: Using libcurl 7.55.1-DEV
LogInit:  - built for x86_64-pc-win32
LogInit:  - supports SSL with OpenSSL/1.0.2h
LogInit:  - supports HTTP deflate (compression) using libz 1.2.8
LogInit:  - other features:
LogInit:      CURL_VERSION_SSL
LogInit:      CURL_VERSION_LIBZ
LogInit:      CURL_VERSION_IPV6
LogInit:      CURL_VERSION_ASYNCHDNS
LogInit:      CURL_VERSION_LARGEFILE
LogInit:      CURL_VERSION_IDN
LogInit:  CurlRequestOptions (configurable via config and command line):
LogInit:  - bVerifyPeer = false  - Libcurl will NOT verify peer certificate
LogInit:  - bUseHttpProxy = false  - Libcurl will NOT use HTTP proxy
LogInit:  - bDontReuseConnections = false  - Libcurl will reuse connections
LogInit:  - CertBundlePath = nullptr  - Libcurl will use whatever was configured at build time.
LogInit:  - MaxHostConnections = 16  - Libcurl will limit the number of connections to a host
LogInit:  - LocalHostAddr = Default
LogInit:  - BufferSize = 65536
LogOnline: Display: STEAM: Loading Steam SDK 1.39
LogOnline: Warning: STEAM: Steam API disabled!
LogOnline: Display: STEAM: OnlineSubsystemSteam::Shutdown()
LogInit: WinSock: version 1.1 (2.2), MaxSocks=32767, MaxUdp=65467
LogHMD: Failed initializing OVRPlugin 1.25.0
LogInit: Build: ++UE4+Release-4.20-CL-4369336
LogInit: Engine Version: 4.20.3-4369336+++UE4+Release-4.20
LogInit: Compatible Engine Version: 4.20.0-4212847+++UE4+Release-4.20
LogInit: Net CL: 4212847
LogInit: OS: Windows 10 (), CPU: Intel(R) Core(TM) i5-4690K CPU @ 3.50GHz, GPU: NVIDIA GeForce GTX 970
LogInit: Compiled (64-bit): Sep 17 2018 12:26:19
LogInit: Compiled with Visual C++: 19.13.26129.00
LogInit: Build Configuration: Development
LogInit: Branch Name: ++UE4+Release-4.20
LogInit: Command Line:  
LogInit: Base Directory: F:/Epic Games/UE_4.20/Engine/Binaries/Win64/
LogInit: Installed Engine Build: 1
LogDevObjectVersion: Number of dev versions registered: 20
LogDevObjectVersion:   Dev-Blueprints (B0D832E4-1F89-4F0D-ACCF-7EB736FD4AA2): 10
LogDevObjectVersion:   Dev-Build (E1C64328-A22C-4D53-A36C-8E866417BD8C): 0
LogDevObjectVersion:   Dev-Core (375EC13C-06E4-48FB-B500-84F0262A717E): 2
LogDevObjectVersion:   Dev-Editor (E4B068ED-F494-42E9-A231-DA0B2E46BB41): 24
LogDevObjectVersion:   Dev-Framework (CFFC743F-43B0-4480-9391-14DF171D2073): 34
LogDevObjectVersion:   Dev-Mobile (B02B49B5-BB20-44E9-A304-32B752E40360): 2
LogDevObjectVersion:   Dev-Networking (A4E4105C-59A1-49B5-A7C5-40C4547EDFEE): 0
LogDevObjectVersion:   Dev-Online (39C831C9-5AE6-47DC-9A44-9C173E1C8E7C): 0
LogDevObjectVersion:   Dev-Physics (78F01B33-EBEA-4F98-B9B4-84EACCB95AA2): 0
LogDevObjectVersion:   Dev-Platform (6631380F-2D4D-43E0-8009-CF276956A95A): 0
LogDevObjectVersion:   Dev-Rendering (12F88B9F-8875-4AFC-A67C-D90C383ABD29): 26
LogDevObjectVersion:   Dev-Sequencer (7B5AE74C-D270-4C10-A958-57980B212A5A): 9
LogDevObjectVersion:   Dev-VR (D7296918-1DD6-4BDD-9DE2-64A83CC13884): 2
LogDevObjectVersion:   Dev-LoadTimes (C2A15278-BFE7-4AFE-6C17-90FF531DF755): 1
LogDevObjectVersion:   Private-Geometry (6EACA3D4-40EC-4CC1-B786-8BED09428FC5): 3
LogDevObjectVersion:   Dev-AnimPhys (29E575DD-E0A3-4627-9D10-D276232CDCEA): 17
LogDevObjectVersion:   Dev-ReflectionCapture (6B266CEC-1EC7-4B8F-A30B-E4D90942FC07): 1
LogDevObjectVersion:   Dev-Automation (0DF73D61-A23F-47EA-B727-89E90C41499A): 1
LogDevObjectVersion:   FortniteMain (601D1886-AC64-4F84-AA16-D3DE0DEAC7D6): 12
LogDevObjectVersion:   Dev-Enterprise (9DFFBCD6-494F-0158-E221-12823C92A888): 1
LogStreaming: Display: Took  0.005s to delete old logs.
LogInit: Presizing for max 8388607 objects, including 0 objects not considered by GC, pre-allocating 0 bytes for permanent pool.
LogInit: Object subsystem initialized
[2019.05.14-18.45.13:001][  0]LogInit: Selected Device Profile: [Windows]
[2019.05.14-18.45.13:002][  0]LogInit: Applying CVar settings loaded from the selected device profile: [Windows]
[2019.05.14-18.45.13:040][  0]LogHAL: Display: Platform has ~ 8 GB [8467021824 / 8589934592 / 8], which maps to Default [LargestMinGB=32, LargerMinGB=12, DefaultMinGB=8, SmallerMinGB=6, SmallestMinGB=0)
[2019.05.14-18.45.13:042][  0]LogInit: Setting Device Profile CVar: [[r.Vulkan.UseRealUBs:1]]
[2019.05.14-18.45.13:043][  0]LogInit: Going up to parent DeviceProfile []
[2019.05.14-18.45.13:073][  0]LogInit: Computer: THAI-PC
[2019.05.14-18.45.13:073][  0]LogInit: User: Thai
[2019.05.14-18.45.13:073][  0]LogInit: CPU Page size=4096, Cores=4
[2019.05.14-18.45.13:073][  0]LogInit: High frequency timer resolution =3.417978 MHz
[2019.05.14-18.45.13:074][  0]LogMemory: Memory total: Physical=7.9GB (8GB approx)
[2019.05.14-18.45.13:074][  0]LogMemory: Platform Memory Stats for Windows
[2019.05.14-18.45.13:074][  0]LogMemory: Process Physical Memory: 104.64 MB used, 104.64 MB peak
[2019.05.14-18.45.13:074][  0]LogMemory: Process Virtual Memory: 88.32 MB used, 88.32 MB peak
[2019.05.14-18.45.13:074][  0]LogMemory: Physical Memory: 7163.36 MB used,  911.42 MB free, 8074.78 MB total
[2019.05.14-18.45.13:074][  0]LogMemory: Virtual Memory: 4641.13 MB used,  911.42 MB free, 134217728.00 MB total
[2019.05.14-18.45.13:694][  0]LogInit: Using OS detected language (en-US).
[2019.05.14-18.45.13:694][  0]LogInit: Using OS detected locale (en-US).
[2019.05.14-18.45.13:741][  0]LogTextLocalizationManager: No specific localization for 'en-US' exists, so the 'en' localization will be used.
[2019.05.14-18.45.14:788][  0]LogStreaming: Display: Took  1.094s to InitEngineTextLocalization.
[2019.05.14-18.45.14:809][  0]LogInit: Setting process to per monitor DPI aware
[2019.05.14-18.45.16:059][  0]LogSlate: New Slate User Created.  User Index 0, Is Virtual User: 0
[2019.05.14-18.45.16:059][  0]LogSlate: Slate User Registered.  User Index 0, Is Virtual User: 0
[2019.05.14-18.45.18:829][  0]LogHMD: Failed to initialize OpenVR with code 126
[2019.05.14-18.45.18:829][  0]LogD3D11RHI: D3D11 adapters:
[2019.05.14-18.45.18:983][  0]LogD3D11RHI:    0. 'NVIDIA GeForce GTX 970' (Feature Level 11_0)
[2019.05.14-18.45.18:983][  0]LogD3D11RHI:       4043/0/4037 MB DedicatedVideo/DedicatedSystem/SharedSystem, Outputs:1, VendorId:0x10de
[2019.05.14-18.45.19:024][  0]LogD3D11RHI:    1. 'Intel(R) HD Graphics 4600' (Feature Level 11_0)
[2019.05.14-18.45.19:024][  0]LogD3D11RHI:       112/0/2048 MB DedicatedVideo/DedicatedSystem/SharedSystem, Outputs:1, VendorId:0x8086
[2019.05.14-18.45.19:027][  0]LogD3D11RHI:    2. 'Microsoft Basic Render Driver' (Feature Level 11_0)
[2019.05.14-18.45.19:027][  0]LogD3D11RHI:       0/0/4037 MB DedicatedVideo/DedicatedSystem/SharedSystem, Outputs:0, VendorId:0x1414
[2019.05.14-18.45.19:027][  0]LogD3D11RHI: Chosen D3D11 Adapter: 0
[2019.05.14-18.45.20:399][  0]LogD3D11RHI: Creating new Direct3DDevice
[2019.05.14-18.45.20:399][  0]LogD3D11RHI:     GPU DeviceId: 0x13c2 (for the marketing name, search the web for "GPU Device Id")
[2019.05.14-18.45.20:494][  0]LogWindows: EnumDisplayDevices:
[2019.05.14-18.45.20:494][  0]LogWindows:    0. 'NVIDIA GeForce GTX 970' (P:1 D:1)
[2019.05.14-18.45.20:544][  0]LogWindows:    1. 'NVIDIA GeForce GTX 970' (P:0 D:0)
[2019.05.14-18.45.20:544][  0]LogWindows:    2. 'NVIDIA GeForce GTX 970' (P:0 D:0)
[2019.05.14-18.45.20:545][  0]LogWindows:    3. 'NVIDIA GeForce GTX 970' (P:0 D:0)
[2019.05.14-18.45.20:545][  0]LogWindows:    4. 'Intel(R) HD Graphics 4600' (P:0 D:1)
[2019.05.14-18.45.20:546][  0]LogWindows:    5. 'Intel(R) HD Graphics 4600' (P:0 D:0)
[2019.05.14-18.45.20:546][  0]LogWindows:    6. 'Intel(R) HD Graphics 4600' (P:0 D:0)
[2019.05.14-18.45.20:547][  0]LogWindows: DebugString: PrimaryIsNotTheChoosenAdapter PrimaryIsNotTheChoosenAdapter PrimaryIsNotTheChoosenAdapter FoundDriverCount:4 
[2019.05.14-18.45.20:547][  0]LogD3D11RHI:     Adapter Name: NVIDIA GeForce GTX 970
[2019.05.14-18.45.20:547][  0]LogD3D11RHI:   Driver Version: 418.81 (internal:25.21.14.1881, unified:418.81)
[2019.05.14-18.45.20:547][  0]LogD3D11RHI:      Driver Date: 1-30-2019
[2019.05.14-18.45.20:547][  0]LogRHI: Texture pool is 2830 MB (70% of 4043 MB)
[2019.05.14-18.45.20:721][  0]LogD3D11RHI: Async texture creation enabled
[2019.05.14-18.45.21:449][  0]LogD3D11RHI: GPU Timing Frequency: 1000.000000 (Debug: 2 1)
[2019.05.14-18.45.21:687][  0]LogShaderCompilers: Guid format shader working directory is -10 characters bigger than the processId version (../../../../../GitHub/This-Is-My-Rock/ThisIsMyRock_Demo/Intermediate/Shaders/WorkingDirectory/7188/).
[2019.05.14-18.45.21:688][  0]LogShaderCompilers: Cleaned the shader compiler working directory 'C:/Users/Thai/AppData/Local/Temp/UnrealShaderWorkingDir/6766294D40B80EB587EE46AFE441DE00/'.
[2019.05.14-18.45.23:661][  0]LogTemp: Display: Loaded TP AllDesktopTargetPlatform
[2019.05.14-18.45.23:812][  0]LogTemp: Display: Loaded TP MacClientTargetPlatform
[2019.05.14-18.45.23:945][  0]LogTemp: Display: Loaded TP MacNoEditorTargetPlatform
[2019.05.14-18.45.24:101][  0]LogTemp: Display: Loaded TP MacServerTargetPlatform
[2019.05.14-18.45.24:780][  0]LogTemp: Display: Loaded TP MacTargetPlatform
[2019.05.14-18.45.25:063][  0]LogTemp: Display: Loaded TP WindowsClientTargetPlatform
[2019.05.14-18.45.25:127][  0]LogTemp: Display: Loaded TP WindowsNoEditorTargetPlatform
[2019.05.14-18.45.25:204][  0]LogTemp: Display: Loaded TP WindowsServerTargetPlatform
[2019.05.14-18.45.25:339][  0]LogTemp: Display: Loaded TP WindowsTargetPlatform
[2019.05.14-18.45.25:594][  0]LogTemp: Display: Loaded TP AndroidTargetPlatform
[2019.05.14-18.45.25:594][  0]LogTemp: Display: Loaded TP AndroidTargetPlatform
[2019.05.14-18.45.25:594][  0]LogTemp: Display: Loaded TP AndroidTargetPlatform
[2019.05.14-18.45.25:594][  0]LogTemp: Display: Loaded TP AndroidTargetPlatform
[2019.05.14-18.45.25:594][  0]LogTemp: Display: Loaded TP AndroidTargetPlatform
[2019.05.14-18.45.25:594][  0]LogTemp: Display: Loaded TP AndroidTargetPlatform
[2019.05.14-18.45.25:594][  0]LogTemp: Display: Loaded TP AndroidTargetPlatform
[2019.05.14-18.45.25:594][  0]LogTemp: Display: Loaded TP AndroidTargetPlatform
[2019.05.14-18.45.25:594][  0]LogTemp: Display: Loaded TP AndroidTargetPlatform
[2019.05.14-18.45.25:594][  0]LogTemp: Display: Loaded TP AndroidTargetPlatform
[2019.05.14-18.45.25:594][  0]LogTemp: Display: Loaded TP AndroidTargetPlatform
[2019.05.14-18.45.25:594][  0]LogTemp: Display: Loaded TP AndroidTargetPlatform
[2019.05.14-18.45.25:594][  0]LogTemp: Display: Loaded TP AndroidTargetPlatform
[2019.05.14-18.45.25:594][  0]LogTemp: Display: Loaded TP AndroidTargetPlatform
[2019.05.14-18.45.25:594][  0]LogTemp: Display: Loaded TP AndroidTargetPlatform
[2019.05.14-18.45.25:594][  0]LogTemp: Display: Loaded TP AndroidTargetPlatform
[2019.05.14-18.45.25:594][  0]LogTemp: Display: Loaded TP AndroidTargetPlatform
[2019.05.14-18.45.25:594][  0]LogTemp: Display: Loaded TP AndroidTargetPlatform
[2019.05.14-18.45.25:667][  0]LogTemp: Display: Loaded TP HTML5TargetPlatform
[2019.05.14-18.45.26:520][  0]LogTemp: Display: Loaded TP IOSTargetPlatform
[2019.05.14-18.45.26:520][  0]LogTemp: Display: Loaded TP IOSTargetPlatform
[2019.05.14-18.45.26:646][  0]LogTemp: Display: Loaded TP TVOSTargetPlatform
[2019.05.14-18.45.26:646][  0]LogTemp: Display: Loaded TP TVOSTargetPlatform
[2019.05.14-18.45.26:754][  0]LogTemp: Display: Loaded TP LinuxClientTargetPlatform
[2019.05.14-18.45.26:908][  0]LogTemp: Display: Loaded TP LinuxNoEditorTargetPlatform
[2019.05.14-18.45.26:994][  0]LogTemp: Display: Loaded TP LinuxServerTargetPlatform
[2019.05.14-18.45.27:155][  0]LogTemp: Display: Loaded TP LinuxTargetPlatform
[2019.05.14-18.45.27:304][  0]LogTemp: Display: Loaded TP LuminTargetPlatform
[2019.05.14-18.45.27:304][  0]LogTargetPlatformManager: Display: Building Assets For Windows
[2019.05.14-18.45.28:615][  0]LogXGEController: Cleaning working directory: C:/Users/Thai/AppData/Local/Temp/UnrealXGEWorkingDir/
[2019.05.14-18.45.28:616][  0]LogXGEController: Cannot use XGE Controller as Incredibuild is not installed on this machine.
[2019.05.14-18.45.28:616][  0]LogShaderCompilers: Cannot use XGE Shader Compiler as Incredibuild is not installed on this machine.
[2019.05.14-18.45.28:628][  0]LogShaderCompilers: Display: Using Local Shader Compiler.
[2019.05.14-18.45.31:238][  0]LogDerivedDataCache: Display: Max Cache Size: 512 MB
[2019.05.14-18.45.32:432][  0]LogDerivedDataCache: Loaded boot cache 1.18s 71MB C:/Users/Thai/AppData/Local/UnrealEngine/4.20/DerivedDataCache/Boot.ddc.
[2019.05.14-18.45.32:432][  0]LogDerivedDataCache: Display: Loaded Boot cache: C:/Users/Thai/AppData/Local/UnrealEngine/4.20/DerivedDataCache/Boot.ddc
[2019.05.14-18.45.32:432][  0]LogDerivedDataCache: FDerivedDataBackendGraph:  Pak pak cache file ../../../../../GitHub/This-Is-My-Rock/ThisIsMyRock_Demo/DerivedDataCache/DDC.ddp not found, will not use a pak cache.
[2019.05.14-18.45.32:432][  0]LogDerivedDataCache: Unable to find inner node Pak for hierarchical cache Hierarchy.
[2019.05.14-18.45.32:433][  0]LogDerivedDataCache: FDerivedDataBackendGraph:  CompressedPak pak cache file ../../../../../GitHub/This-Is-My-Rock/ThisIsMyRock_Demo/DerivedDataCache/Compressed.ddp not found, will not use a pak cache.
[2019.05.14-18.45.32:433][  0]LogDerivedDataCache: Unable to find inner node CompressedPak for hierarchical cache Hierarchy.
[2019.05.14-18.45.32:508][  0]LogDerivedDataCache: Display: Pak cache opened for reading ../../../Engine/DerivedDataCache/Compressed.ddp.
[2019.05.14-18.45.32:553][  0]LogDerivedDataCache: Using Local data cache path C:/Users/Thai/AppData/Local/UnrealEngine/Common/DerivedDataCache: Writable
[2019.05.14-18.45.32:553][  0]LogDerivedDataCache: Shared data cache path not found in *engine.ini, will not use an Shared cache.
[2019.05.14-18.45.32:553][  0]LogDerivedDataCache: Unable to find inner node Shared for hierarchical cache Hierarchy.
[2019.05.14-18.45.32:656][  0]LogMaterial: Verifying Global Shaders for PCD3D_SM5
[2019.05.14-18.45.32:737][  0]LogSlate: Using FreeType 2.6.0
[2019.05.14-18.45.32:899][  0]LogSlate: SlateFontServices - WITH_FREETYPE: 1, WITH_HARFBUZZ: 1
[2019.05.14-18.45.33:746][  0]LogAssetRegistry: FAssetRegistry took 0.0855 seconds to start up
[2019.05.14-18.45.42:058][  0]LogInit: Selected Device Profile: [Windows]
[2019.05.14-18.45.47:895][  0]LogSimplygon: Simplygon DLL not present - disabling.
[2019.05.14-18.45.48:878][  0]LogMeshReduction: Using SimplygonSwarm for distributed automatic mesh merging
[2019.05.14-18.45.48:897][  0]LogMeshReduction: Using ProxyLODMeshReduction for automatic mesh merging
[2019.05.14-18.45.48:934][  0]LogMeshReduction: Using QuadricMeshReduction for automatic static mesh reduction
[2019.05.14-18.45.48:934][  0]LogMeshReduction: No automatic skeletal mesh reduction module available
[2019.05.14-18.45.49:860][  0]LogNetVersion: ThisIsMyRock_Demo 1.0.0, NetCL: 4212847, EngineNetVer: 5, GameNetVer: 0 (Checksum: 3098030067)
[2019.05.14-18.46.03:330][  0]LogPackageLocalizationCache: Processed 11 localized package path(s) for 2 prioritized culture(s) in 0.595415 seconds
[2019.05.14-18.46.03:443][  0]LogUObjectArray: 38434 objects as part of root set at end of initial load.
[2019.05.14-18.46.03:444][  0]LogUObjectAllocator: 6701144 out of 0 bytes used by permanent object pool.
[2019.05.14-18.46.03:444][  0]LogUObjectArray: CloseDisregardForGC: 0/0 objects in disregard for GC pool
[2019.05.14-18.46.45:405][  0]LogTcpMessaging: Initializing TcpMessaging bridge
[2019.05.14-18.46.45:434][  0]LogUdpMessaging: Initializing bridge on interface 0.0.0.0:0 to multicast group 230.0.0.1:6666.
[2019.05.14-18.46.46:886][  0]SourceControl: Source control is disabled
[2019.05.14-18.46.46:886][  0]SourceControl: Source control is disabled
[2019.05.14-18.46.46:926][  0]SourceControl: Source control is disabled
[2019.05.14-18.46.46:942][  0]SourceControl: Source control is disabled
[2019.05.14-18.46.48:596][  0]LogAndroidPermission: UAndroidPermissionCallbackProxy::GetInstance
[2019.05.14-18.46.49:155][  0]LogOcInput: OculusInput pre-init called
[2019.05.14-18.46.54:512][  0]LogAutomationTest: Warning: Smoke tests took > 2s to run: 2.19s
[2019.05.14-18.46.55:154][  0]LogEngine: Initializing Engine...
[2019.05.14-18.46.55:734][  0]LogHMD: Failed to initialize OpenVR with code 126
[2019.05.14-18.46.55:972][  0]LogStats: UGameplayTagsManager::ConstructGameplayTagTree: ImportINI prefixes -  0.049 s
[2019.05.14-18.46.55:972][  0]LogStats: UGameplayTagsManager::ConstructGameplayTagTree: Construct from data asset -  0.000 s
[2019.05.14-18.46.56:006][  0]LogStats: UGameplayTagsManager::ConstructGameplayTagTree: ImportINI -  0.034 s
[2019.05.14-18.46.56:006][  0]LogStats: UGameplayTagsManager::ConstructGameplayTagTree: GameplayTagTreeChangedEvent.Broadcast -  0.000 s
[2019.05.14-18.46.58:492][  0]LogInit: Initializing FReadOnlyCVARCache
[2019.05.14-18.47.01:238][  0]LogAIModule: Creating AISystem for world Untitled
[2019.05.14-18.47.02:694][  0]LogInit: XAudio2 using 'Speakers (Realtek High Definition Audio)' : 2 channels at 48 kHz using 32 bits per sample (channel mask 0x3)
[2019.05.14-18.47.02:826][  0]LogInit: FAudioDevice initialized.
[2019.05.14-18.47.02:847][  0]LogNetVersion: Set ProjectVersion to 1.0.0.0. Version Checksum will be recalculated on next use.
[2019.05.14-18.47.04:147][  0]LogDerivedDataCache: Saved boot cache 1.23s 71MB C:/Users/Thai/AppData/Local/UnrealEngine/4.20/DerivedDataCache/Boot.ddc.
[2019.05.14-18.47.04:148][  0]LogInit: Texture streaming: Enabled
[2019.05.14-18.47.04:877][  0]LogEngineSessionManager: EngineSessionManager initialized
[2019.05.14-18.47.05:899][  0]LogInit: Transaction tracking system initialized
[2019.05.14-18.47.08:911][  0]BlueprintLog: New page: Editor Load
[2019.05.14-18.47.15:278][  0]LocalizationService: Localization service is disabled
[2019.05.14-18.47.27:182][  0]LogCook: Display: Max memory allowance for cook 16384mb min free memory 0mb
[2019.05.14-18.47.27:379][  0]LogFileCache: Scanning file cache for directory 'F:/GitHub/This-Is-My-Rock/ThisIsMyRock_Demo/Content/' took 0.70s
[2019.05.14-18.47.27:379][  0]LogCook: Display: Mobile HDR setting 1
[2019.05.14-18.47.27:514][  0]LogGameplayTags: Display: UGameplayTagsManager::DoneAddingNativeTags. DelegateIsBound: 0
[2019.05.14-18.47.27:548][  0]LogStats: UGameplayTagsManager::ConstructGameplayTagTree: ImportINI prefixes -  0.000 s
[2019.05.14-18.47.27:548][  0]LogStats: UGameplayTagsManager::ConstructGameplayTagTree: Construct from data asset -  0.000 s
[2019.05.14-18.47.27:548][  0]LogStats: UGameplayTagsManager::ConstructGameplayTagTree: ImportINI -  0.000 s
[2019.05.14-18.47.27:548][  0]LogStats: UGameplayTagsManager::ConstructGameplayTagTree: GameplayTagTreeChangedEvent.Broadcast -  0.000 s
[2019.05.14-18.47.40:792][  0]SourceControl: Source control is disabled
[2019.05.14-18.47.41:243][  0]Cmd: MAP LOAD FILE="../../../../../GitHub/This-Is-My-Rock/ThisIsMyRock_Demo/Content/ThirdPersonBP/Maps/ThirdPersonExampleMap.umap" TEMPLATE=0 SHOWPROGRESS=1 FEATURELEVEL=3
[2019.05.14-18.47.41:649][  0]LightingResults: New page: Lighting Build
[2019.05.14-18.47.43:196][  0]MapCheck: New page: Map Check
[2019.05.14-18.47.43:196][  0]LightingResults: New page: Lighting Build
[2019.05.14-18.48.13:709][  0]LogAIModule: Creating AISystem for world ThirdPersonExampleMap
[2019.05.14-18.48.15:666][  0]LogEditorServer: Finished looking for orphan Actors (0.001 secs)
[2019.05.14-18.48.16:268][  0]Cmd: MAP CHECKDEP NOCLEARLOG
[2019.05.14-18.48.16:537][  0]MapCheck: Map check complete: 0 Error(s), 0 Warning(s), took 268.53ms to complete.
[2019.05.14-18.48.16:537][  0]LogFileHelpers: Loading map 'ThirdPersonExampleMap' took 35.636
[2019.05.14-18.48.21:506][  0]LogSlate: Updating window title bar state: overlay mode, drag disabled, window buttons hidden, title bar hidden
[2019.05.14-18.48.21:568][  0]LogSlate: Updating window title bar state: overlay mode, drag disabled, window buttons hidden, title bar hidden
[2019.05.14-18.48.21:581][  0]LogSlate: Updating window title bar state: overlay mode, drag disabled, window buttons hidden, title bar hidden
[2019.05.14-18.48.21:594][  0]LogSlate: Updating window title bar state: overlay mode, drag disabled, window buttons hidden, title bar hidden
[2019.05.14-18.48.21:707][  0]LogCollectionManager: Loaded 0 collections in 0.002709 seconds
[2019.05.14-18.48.21:997][  0]LogFileCache: Scanning file cache for directory 'F:/GitHub/This-Is-My-Rock/ThisIsMyRock_Demo/Saved/Collections/' took 0.02s
[2019.05.14-18.48.21:997][  0]LogFileCache: Scanning file cache for directory 'F:/GitHub/This-Is-My-Rock/ThisIsMyRock_Demo/Content/Developers/Thai/Collections/' took 0.02s
[2019.05.14-18.48.21:997][  0]LogFileCache: Scanning file cache for directory 'F:/GitHub/This-Is-My-Rock/ThisIsMyRock_Demo/Content/Collections/' took 0.01s
[2019.05.14-18.48.21:997][  0]LogCollectionManager: Rebuilt the GUID cache for 0 collections in 0.000000 seconds
[2019.05.14-18.48.22:038][  0]LogContentBrowser: Native class hierarchy populated in 0.0164 seconds. Added 2575 classes and 607 folders.
[2019.05.14-18.48.22:197][  0]LogContentBrowser: Native class hierarchy updated for 'WidgetCarousel' in 0.0006 seconds. Added 0 classes and 0 folders.
[2019.05.14-18.48.23:434][  0]LogContentBrowser: Native class hierarchy updated for 'AddContentDialog' in 0.0003 seconds. Added 0 classes and 0 folders.
[2019.05.14-18.48.23:487][  0]LogContentBrowser: Native class hierarchy updated for 'SceneOutliner' in 0.0003 seconds. Added 1 classes and 2 folders.
[2019.05.14-18.48.24:964][  0]LogSlate: Took 0.067971 seconds to synchronously load lazily loaded font '../../../Engine/Content/Slate/Fonts/Roboto-Regular.ttf' (155K)
[2019.05.14-18.48.25:016][  0]LogSlate: Took 0.024664 seconds to synchronously load lazily loaded font '../../../Engine/Content/Slate/Fonts/Roboto-Bold.ttf' (160K)
[2019.05.14-18.48.25:181][  0]LogSlate: Took 0.064891 seconds to synchronously load lazily loaded font '../../../Engine/Content/Editor/Slate/Fonts/FontAwesome.ttf' (139K)
[2019.05.14-18.48.26:052][  0]LogRenderer: Reallocating scene render targets to support 1208x672 Format 9 NumSamples 1 (Frame:1).
[2019.05.14-18.48.27:186][  0]LogContentBrowser: Native class hierarchy updated for 'HierarchicalLODOutliner' in 0.0004 seconds. Added 0 classes and 0 folders.
[2019.05.14-18.48.27:186][  0]LogLoad: (Engine Initialization) Total time: 215.68 seconds
[2019.05.14-18.48.27:186][  0]LogLoad: (Engine Initialization) Total Blueprint compile time: 0.00 seconds
[2019.05.14-18.48.27:842][  0]LogContentStreaming: Texture pool size now 800 MB
[2019.05.14-18.48.29:137][  5]LogAssetRegistry: Asset discovery search completed in 175.4675 seconds
[2019.05.14-18.48.29:179][  5]LogCollectionManager: Rebuilt the object cache for 0 collections in 0.000001 seconds (found 0 objects)
[2019.05.14-18.48.29:179][  5]LogCollectionManager: Fixed up redirectors for 0 collections in 0.013531 seconds (updated 0 objects)
[2019.05.14-18.48.32:615][ 15]LogSlate: Took 0.011449 seconds to synchronously load lazily loaded font '../../../Engine/Content/Slate/Fonts/Roboto-Light.ttf' (167K)
[2019.05.14-18.49.00:080][200]LogSlate: FSceneViewport::OnFocusLost() reason 0
[2019.05.14-18.49.02:424][302]LogSlate: Took 0.000344 seconds to synchronously load lazily loaded font '../../../Engine/Content/Slate/Fonts/Roboto-Light.ttf' (167K)
[2019.05.14-18.49.02:721][302]LogAIModule: Creating AISystem for world MainMenu
[2019.05.14-18.49.02:745][302]LogAssetEditorManager: Opening Asset editor for World /Game/ThirdPersonBP/Maps/MainMenu.MainMenu
[2019.05.14-18.49.02:829][302]Cmd: MAP LOAD FILE="../../../../../GitHub/This-Is-My-Rock/ThisIsMyRock_Demo/Content/ThirdPersonBP/Maps/MainMenu.umap" TEMPLATE=0 SHOWPROGRESS=1 FEATURELEVEL=3
[2019.05.14-18.49.02:829][302]LightingResults: New page: Lighting Build
[2019.05.14-18.49.02:830][302]LoadErrors: New page: Loading map: MainMenu.umap
[2019.05.14-18.49.02:833][302]MapCheck: New page: Map Check
[2019.05.14-18.49.02:833][302]LightingResults: New page: Lighting Build
[2019.05.14-18.49.03:238][302]LogEditorServer: Finished looking for orphan Actors (0.001 secs)
[2019.05.14-18.49.03:343][302]Cmd: MAP CHECKDEP NOCLEARLOG
[2019.05.14-18.49.03:449][302]MapCheck: Map check complete: 0 Error(s), 0 Warning(s), took 106.42ms to complete.
[2019.05.14-18.49.03:451][302]LogFileHelpers: Loading map 'MainMenu' took 0.649
[2019.05.14-18.49.06:229][447]LogAssetEditorManager: Opening Asset editor for Blueprint /Game/ThirdPersonBP/Blueprints/ThirdPersonCharacter.ThirdPersonCharacter
[2019.05.14-18.49.08:593][447]LogContentBrowser: Native class hierarchy updated for 'BlueprintGraph' in 0.0010 seconds. Added 116 classes and 0 folders.
[2019.05.14-18.49.12:465][447]LogSlate: Took 0.014141 seconds to synchronously load lazily loaded font '../../../Engine/Content/Slate/Fonts/Roboto-BoldCondensed.ttf' (158K)
[2019.05.14-18.49.14:264][448]LogSlate: Took 0.100310 seconds to synchronously load lazily loaded font '../../../Engine/Content/Slate/Fonts/Roboto-Italic.ttf' (157K)
[2019.05.14-18.49.20:775][619]BlueprintLog: New page: Compile ThirdPersonCharacter
[2019.05.14-18.49.27:671][762]LogSlate: Window 'Save Content' being destroyed
[2019.05.14-18.49.28:354][762]LogSavePackage: Moving '../../../../../GitHub/This-Is-My-Rock/ThisIsMyRock_Demo/Saved/ThirdPersonCharacterDC6A27F6420066FEC1329A8D0EC0CC32.tmp' to '../../../../../GitHub/This-Is-My-Rock/ThisIsMyRock_Demo/Content/ThirdPersonBP/Blueprints/ThirdPersonCharacter.uasset'
